43 981 3 
33 951 5 
10 992 5 
34 983 6 
11 697 7 
7 753 8 
31 992 9 
36 697 13 
70 697 13 
29 697 13 
50 962 20 
14 981 23 
63 697 4 674 19 
74 825 24 
25 962 30 946 1 
66 674 31 693 3 
71 223 39 
38 693 40 
65 860 42 
28 733 48 
68 693 7 706 45 
80 860 8 835 45 
15 796 50 804 4 
23 981 24 983 31 
39 946 49 951 12 
4 733 2 728 50 722 9 
60 588 50 586 12 
59 706 5 708 50 709 14 
67 34 50 28 19 
16 679 50 688 26 
37 688 24 666 50 633 2 
12 633 48 635 31 
5 8 50 17 32 
69 623 50 621 36 
22 983 13 911 50 913 28 
61 699 50 682 42 
32 682 8 709 36 703 50 
56 661 50 676 46 
1 278 50 293 47 
21 676 4 673 50 681 43 
20 825 26 816 50 824 40 
62 681 7 652 50 705 50 670 17 
42 670 33 690 50 712 48 
3 293 3 248 50 322 50 244 31 
2 804 46 824 10 805 50 787 34 
64 712 2 713 50 707 50 711 44 
52 722 41 721 50 738 50 715 19 
27 635 19 700 50 694 50 650 42 
35 650 8 655 50 653 50 667 50 672 7 
24 672 43 657 50 643 50 680 29 
73 55 50 63 50 48 50 89 24 
9 711 6 715 31 725 50 747 50 720 40 
45 680 21 640 50 621 14 664 50 685 44 
13 586 38 594 50 578 50 580 50 590 16 
58 559 50 555 50 531 50 557 50 506 11 
55 685 6 698 50 625 50 649 50 607 50 695 16 
18 695 34 720 10 654 50 647 50 675 50 741 37 
57 753 42 758 50 741 13 719 50 691 50 714 47 
44 630 50 642 50 610 50 646 50 658 50 626 3 
53 714 3 717 50 730 50 696 50 723 50 686 50 737 2 
17 244 19 282 50 305 50 292 50 297 50 307 49 
76 737 48 752 50 671 50 718 50 727 50 739 31 
30 739 19 751 50 759 50 762 50 763 50 760 50 678 15 
40 626 47 656 50 663 50 637 50 605 50 615 47 
78 3 50 678 35 724 50 684 50 710 50 687 50 704 13 
26 615 3 619 50 639 50 606 50 651 50 659 50 631 50 660 10 
49 506 39 532 50 489 50 307 1 257 50 503 50 339 50 289 37 
48 731 50 764 50 729 50 773 50 754 50 769 50 735 35 
77 735 15 766 50 779 50 704 37 750 50 742 50 692 50 767 33 
6 669 50 660 40 616 50 629 50 614 50 645 50 622 50 665 15 
72 767 17 761 50 732 50 726 50 775 50 745 50 689 50 787 16 820 30 
79 820 20 702 50 835 5 756 50 743 50 736 50 833 50 821 50 749 50 748 33 
19 748 17 776 50 836 50 734 50 765 50 768 50 772 50 810 50 780 50 
54 827 50 746 50 665 35 809 50 677 50 608 50 744 50 609 50 668 33 
47 668 17 662 50 597 50 611 50 778 50 777 50 641 50 627 50 617 50 632 50 770 25 
8 814 50 803 50 783 50 784 50 879 50 881 50 770 25 638 50 774 50 701 50 740 50 648 13 
51 648 37 791 50 839 50 601 50 716 50 771 50 757 50 590 34 840 50 683 50 585 50 591 50 792 7 
75 913 22 792 43 634 50 576 50 951 33 938 50 785 50 826 50 842 50 612 50 598 50 628 50 624 34 
46 976 50 624 16 636 50 613 50 807 50 579 50 853 50 644 50 920 50 858 50 819 50 848 50 587 43 
41 587 7 849 50 850 50 595 50 822 50 813 50 939 50 828 50 781 50 788 50 802 50 583 50 600 50 755 9 
