98 9755 8 
90 9387 9 
250 5906 10 
342 5906 10 
341 122 10 
340 2221 10 
339 5906 10 
338 5906 10 
337 5906 10 
336 5906 10 
335 2221 10 
334 5906 10 
333 5906 10 
332 5351 10 
343 5906 10 
331 2221 10 
329 2221 10 
328 5906 10 
327 415 10 
326 5351 10 
325 5906 10 
324 5906 10 
323 2221 10 
322 5906 10 
321 5835 10 
320 5906 10 
319 5906 10 
318 5906 10 
317 5906 10 
330 5521 10 
344 5906 10 
345 5906 10 
346 2221 10 
373 2221 10 
372 2221 10 
371 2221 10 
370 5906 10 
369 5986 10 
368 156 10 
367 2221 10 
366 5986 10 
365 5986 10 
364 5986 10 
363 5986 10 
362 5986 10 
361 5986 10 
360 2221 10 
359 2221 10 
358 5986 10 
357 5986 10 
356 5986 10 
355 5986 10 
354 2221 10 
353 216 10 
352 5986 10 
351 5276 10 
350 5986 10 
349 5986 10 
348 5986 10 
347 2221 10 
316 5986 10 
374 5986 10 
315 2221 10 
313 5986 10 
280 5986 10 
279 5986 10 
278 156 10 
277 415 10 
276 5885 10 
275 2221 10 
274 5885 10 
273 5885 10 
272 2221 10 
271 5885 10 
270 5885 10 
269 5885 10 
268 5885 10 
267 5885 10 
266 2221 10 
265 5885 10 
264 5885 10 
263 5885 10 
262 5506 10 
261 5203 10 
260 2221 10 
259 5885 10 
258 5454 10 
257 5885 10 
256 5885 10 
255 5885 10 
254 2221 10 
281 2556 10 
282 5885 10 
283 5885 10 
284 5885 10 
312 5885 10 
311 5885 10 
310 6154 10 
309 2556 10 
308 5835 10 
307 482 10 
306 6154 10 
305 6154 10 
304 6154 10 
303 6154 10 
302 6154 10 
301 6154 10 
300 6154 10 
314 6154 10 
299 2556 10 
297 6154 10 
296 6154 10 
295 6154 10 
294 6154 10 
293 6154 10 
292 2556 10 
291 2556 10 
290 5721 10 
289 6154 10 
288 6154 10 
287 6154 10 
286 5223 10 
285 5553 10 
298 5630 10 
375 2556 10 
377 6154 10 
253 6154 10 
467 6154 10 
466 5974 10 
465 5974 10 
464 5974 10 
463 8777 10 
462 8777 10 
461 5203 10 
460 2556 10 
459 5974 10 
458 5974 10 
457 2556 10 
456 5351 10 
455 5974 10 
454 5974 10 
453 2556 10 
452 5974 10 
451 8777 10 
450 2556 10 
449 5974 10 
448 5454 10 
447 5974 10 
446 8777 10 
445 5974 10 
444 482 10 
443 5351 10 
442 8777 10 
441 5974 10 
468 2556 10 
440 8777 10 
469 2556 10 
471 5974 10 
498 2556 10 
497 5974 10 
496 8777 10 
495 8777 10 
494 8777 10 
493 2556 10 
492 5974 10 
491 8777 10 
490 2556 10 
489 5835 10 
488 8777 10 
487 5974 10 
486 282 10 
485 5974 10 
484 5974 10 
483 5974 10 
482 216 10 
481 5974 10 
480 122 10 
479 5835 10 
478 5835 10 
477 58 10 
476 5835 10 
475 5835 10 
474 415 10 
473 5835 10 
472 156 10 
470 5835 10 
439 32 10 
438 5835 10 
437 282 10 
404 2556 10 
403 5835 10 
402 5835 10 
401 2556 10 
400 5835 10 
399 8777 10 
398 5811 10 
397 5835 10 
396 415 10 
395 8777 10 
394 216 10 
393 5835 10 
392 8777 10 
391 2556 10 
390 5835 10 
389 5835 10 
388 2556 10 
387 5835 10 
386 58 10 
385 5835 10 
384 8777 10 
383 2556 10 
382 2336 10 
381 5492 10 
380 8777 10 
379 5835 10 
378 482 10 
405 5351 10 
406 6200 10 
407 6155 10 
408 6200 10 
436 8777 10 
435 482 10 
434 8777 10 
433 6155 10 
432 6200 10 
431 482 10 
430 6155 10 
429 6200 10 
428 282 10 
427 6200 10 
426 6200 10 
425 2336 10 
424 5841 10 
376 5553 10 
423 482 10 
421 668 10 
420 6200 10 
419 5672 10 
418 6155 10 
417 2336 10 
416 6200 10 
415 6200 10 
414 5340 10 
413 8777 10 
412 5841 10 
411 6200 10 
410 8777 10 
409 5223 10 
422 6200 10 
252 9094 10 
500 6200 10 
499 2336 10 
153 2336 10 
152 2336 10 
151 6155 10 
150 2336 10 
149 6200 10 
148 5521 10 
147 2336 10 
146 6155 10 
145 2336 10 
144 9094 10 
143 6200 10 
142 5351 10 
141 6155 10 
140 6200 10 
139 6200 10 
154 6200 10 
138 5351 10 
155 9094 10 
157 6200 10 
172 6155 10 
171 2336 10 
170 9094 10 
169 8995 10 
168 2336 10 
167 216 10 
166 2336 10 
165 6155 10 
164 9094 10 
163 6155 10 
162 668 10 
161 5841 10 
160 5721 10 
159 6155 10 
158 2336 10 
156 2336 10 
173 9094 10 
137 6200 10 
135 9094 10 
115 2336 10 
114 2336 10 
113 9094 10 
112 668 10 
111 5841 10 
110 6155 10 
109 8995 10 
108 6155 10 
107 9094 10 
106 6200 10 
105 5721 10 
104 5152 10 
103 6155 10 
102 6155 10 
101 2336 10 
116 6155 10 
136 2336 10 
117 2336 10 
119 6155 10 
134 6155 10 
133 9094 10 
132 6155 10 
131 122 10 
130 5351 10 
129 6155 10 
128 2336 10 
127 5841 10 
251 5841 10 
125 5841 10 
124 5199 10 
123 5841 10 
122 2576 10 
121 5841 10 
120 5841 10 
118 5841 10 
174 216 10 
126 9094 10 
176 58 10 
230 668 10 
229 5841 10 
228 9094 10 
227 2576 10 
226 5351 10 
225 2576 10 
224 5811 10 
223 5841 10 
222 5841 10 
221 5841 10 
220 9094 10 
219 5841 10 
218 5351 10 
217 5841 10 
216 9094 10 
231 5841 10 
215 5841 10 
233 5841 10 
235 6296 10 
175 668 10 
249 5223 10 
248 2576 10 
247 8947 10 
246 9094 10 
245 6296 10 
244 5630 10 
243 6296 10 
242 6296 10 
241 2576 10 
240 6296 10 
239 8995 10 
238 5811 10 
237 6296 10 
236 6296 10 
234 6296 10 
214 8824 10 
232 9094 10 
212 2576 10 
191 6296 10 
190 6296 10 
189 9094 10 
188 5351 10 
187 6296 10 
186 5811 10 
185 668 10 
192 216 10 
184 5811 10 
182 2576 10 
181 9094 10 
180 5672 10 
179 482 10 
178 6296 10 
177 2576 10 
213 2576 10 
183 6296 10 
193 6296 10 
194 6296 10 
203 9094 10 
209 5311 10 
208 8947 10 
207 9094 10 
206 8995 10 
205 8947 10 
204 2576 10 
210 2576 10 
202 6296 10 
200 6296 10 
199 5351 10 
198 8995 10 
197 8995 10 
196 6296 10 
195 6296 10 
201 6296 10 
211 2576 10 
11 6101 14 
21 9526 18 
95 9220 31 
58 8995 50 
82 9638 81 
36 8995 88 
63 8995 2 8947 88 
75 9509 92 
69 6101 103 
74 9928 105 
45 9755 125 
17 8947 82 9151 46 
71 9151 154 8928 17 
12 9220 169 9157 5 
93 9638 119 9576 104 
78 5811 150 5721 82 
68 9157 195 9182 37 
37 8928 183 8824 71 
4 8824 119 8880 136 
28 8880 64 6101 83 6122 128 
96 8976 200 9017 93 
55 8707 200 8703 128 
39 9387 191 9509 108 9390 37 
48 9017 107 9182 163 8923 68 
53 8703 72 8766 200 8701 85 
7 8923 132 9084 200 8920 32 
2 8920 168 9015 200 8818 13 
67 9203 200 9191 188 
16 9191 12 8818 187 8986 198 
8 8986 2 8892 200 9217 199 
24 9217 1 9253 200 9193 200 9196 4 
25 9196 196 9283 200 9047 19 
66 6122 72 6141 200 6039 149 
15 6039 51 6021 200 6034 189 
56 7526 200 7621 200 7134 59 
100 9343 200 9101 200 9226 84 
38 7955 200 7497 200 7585 111 
46 8868 200 9047 181 8817 200 8833 1 
86 6034 11 6353 200 6191 200 5889 179 
27 5889 21 5721 88 5672 180 6074 200 6225 128 
89 9005 200 8833 199 8701 115 9060 198 
94 6225 72 6085 200 6213 200 5971 200 6282 83 
42 6282 117 5865 200 5681 200 6186 200 5815 59 
54 9060 2 9226 116 8955 200 9245 200 8747 200 9091 174 
34 5815 141 5630 180 5911 200 6112 200 6204 200 6073 14 
73 6073 186 6206 200 6273 200 6280 200 5951 182 
43 9091 26 9105 200 8752 200 8852 200 8971 200 8815 200 9066 52 
61 5951 18 5876 200 6265 200 6153 200 6244 200 5894 200 5659 63 
20 5659 137 5759 200 5946 200 6041 200 5617 200 5745 144 
80 5745 56 5861 200 6255 200 5629 200 6165 200 5639 200 6178 39 
51 9066 148 9390 163 8872 200 9202 200 9277 200 8902 200 8958 15 
14 8958 185 9038 200 8953 200 9114 200 8922 200 8942 159 
65 8942 41 9050 200 8741 200 8876 200 9048 200 9228 200 9251 113 
83 9251 87 9468 200 8845 200 8835 200 9169 200 8977 200 8797 141 
22 5152 190 5146 200 2576 80 2567 200 5145 200 2621 200 2650 185 
52 6178 161 6393 200 6430 200 5918 200 5947 200 5979 200 6272 125 
30 8797 59 8862 200 9021 200 9413 200 9123 200 9237 200 8648 200 9177 37 
50 5692 200 5778 200 5828 200 6272 75 5780 200 5729 200 6150 200 5924 80 
5 9177 163 8667 200 8855 200 8609 200 8780 200 8597 200 8861 197 
33 8861 3 8865 200 8745 200 8479 200 8849 200 8739 200 8883 200 8830 197 
92 6238 200 5924 120 5788 200 6415 200 5553 180 6051 200 5927 200 5796 135 
76 8493 200 8571 200 8557 200 8484 200 8497 200 8560 200 8526 200 7134 141 8521 63 
72 9312 200 9115 200 9052 200 8908 200 9112 200 9009 200 9100 200 9189 200 9262 73 
3 5796 65 6127 200 6023 200 6032 200 6107 200 5849 200 5855 200 5955 200 5635 200 5893 131 
85 9482 200 9449 200 9262 127 9152 200 9431 200 9345 200 8859 200 8830 3 8938 200 9016 200 8801 200 8737 34 
60 5893 69 6287 200 6343 200 6234 200 6115 200 5873 200 6035 200 5913 200 5751 200 5767 200 5999 100 
62 2371 200 2172 200 2090 200 2650 15 2366 200 2840 200 2599 200 2529 200 2383 200 2610 200 2335 200 2388 124 
91 2388 76 2528 200 2439 200 2151 200 2474 200 2299 200 2452 200 2260 200 2359 200 2588 200 2276 200 2287 79 
77 5999 100 5859 200 5816 200 6157 200 6201 200 5830 200 6061 200 6339 200 6361 200 6350 200 5625 200 5960 127 
31 5960 73 6049 200 6152 200 6078 200 5600 200 5908 200 5935 200 6334 200 5649 200 6297 200 5993 200 6529 200 6130 16 
99 6063 200 6130 184 5717 200 5763 200 6329 200 5912 200 6477 200 5900 200 5786 200 6181 200 6398 200 6269 126 
87 6269 74 6253 200 6066 200 5878 200 6025 200 6461 200 6333 200 5929 200 6092 200 5827 200 6185 200 9526 182 8737 60 
57 5556 200 6242 200 5715 200 5670 200 6433 200 6471 200 5772 200 5726 200 6093 200 6347 200 6442 200 5521 132 
29 8737 106 8886 200 8828 200 8754 200 8968 200 9028 200 8917 200 9033 200 9206 200 9255 200 9078 200 9075 200 6143 193 
88 5521 48 5892 200 5854 200 5774 200 6143 7 6019 200 9000 200 6056 200 5660 200 8767 200 8810 200 6116 200 5831 200 5793 200 6479 124 
10 9051 200 9204 200 9440 200 8588 200 8860 200 9379 200 8728 200 9429 200 8783 200 8699 200 9083 200 9001 200 9457 179 
6 6479 76 6301 200 6302 200 5643 200 6010 200 6322 200 5601 200 5782 200 6292 200 5943 200 9457 21 5858 200 5987 200 6081 200 5920 185 
18 5920 15 8822 200 5506 190 8671 200 6028 200 8583 200 6568 200 6539 200 6006 200 6362 200 6040 200 5602 200 5642 200 6283 200 6367 96 
26 6367 104 6121 200 8641 200 5837 200 6505 200 6246 200 8653 200 8646 200 8709 200 5819 200 8674 200 5655 200 6344 200 6158 200 6324 76 
47 8992 200 8869 200 9298 200 8891 200 9118 200 9103 200 8983 200 9025 200 9087 200 9351 200 9129 200 9058 200 8840 200 8903 200 8870 200 9412 171 
40 9412 29 9371 200 9252 200 6324 124 8664 200 6340 200 5888 200 5558 200 8836 200 5990 200 5696 200 6483 200 5679 200 5998 200 6261 200 9304 200 6211 200 6385 129 
35 6385 71 6125 200 6136 200 5743 200 6008 200 6364 200 5652 200 6151 200 6126 200 6437 200 6512 200 6139 200 5596 200 6005 200 6258 200 5738 200 6566 200 6526 200 6087 88 
64 8606 200 8716 200 8776 200 8678 200 8733 200 8625 200 8831 200 8809 200 8804 200 8874 200 6087 112 6426 200 6022 200 5938 200 6298 200 8834 200 8742 200 8657 200 5996 175 
13 5996 25 5590 200 6159 200 5925 200 6326 200 5856 200 5733 200 6469 200 6110 200 6360 200 6365 200 6445 200 6444 200 5826 200 5732 200 6588 200 5731 200 5981 200 6014 200 6227 160 
70 5175 200 5179 200 5183 200 5176 200 5138 200 5099 200 5094 200 5151 200 2287 121 5186 200 5129 200 5124 200 2153 200 2407 200 2486 200 5126 200 2069 200 2641 200 2423 200 2481 200 2226 13 
59 8916 200 8934 200 9156 200 9125 200 9173 200 8950 200 8894 200 9126 200 9171 200 9065 200 8594 200 8756 200 8875 200 8521 137 9036 200 8895 200 8537 200 6227 40 5787 200 5492 190 6184 200 5957 50 
44 5957 150 6133 200 5982 200 7026 200 6171 200 6342 200 5574 200 6096 200 7153 200 5768 200 6209 200 5699 200 6983 200 5454 180 5820 200 5705 200 5917 200 5720 200 5994 200 6551 200 5755 135 
19 5755 65 6481 200 6182 200 6416 200 5923 200 6260 200 6439 200 6305 200 6018 200 6057 200 5663 200 5870 200 5685 200 6496 200 6037 200 6510 200 5725 200 5939 200 5664 200 5540 200 5977 200 5864 68 
84 7585 89 5864 132 6135 200 7178 200 5741 200 6460 200 5734 200 5821 200 5975 200 5922 200 5890 200 5351 80 5654 200 5926 200 5769 200 6998 200 6669 200 6325 200 6103 200 6310 200 6229 200 7917 200 5468 169 
81 8508 200 8748 200 8424 200 8585 200 8650 200 8400 200 8665 200 8070 200 8477 200 8554 200 8711 200 8596 200 8788 200 8706 200 8559 200 5468 31 8763 200 6172 200 6982 200 6065 200 8736 200 6027 200 8608 200 8732 150 
79 8164 200 5622 200 6055 200 6024 200 5482 200 6315 200 5453 200 6168 200 5942 200 6394 200 6331 200 5883 200 6090 200 6323 200 5936 200 5607 200 6580 200 7148 200 5845 200 6336 200 5882 200 7016 200 8398 200 5799 75 
97 9452 200 9519 200 9510 200 9415 200 9274 200 9269 200 9334 200 9417 200 9499 200 9149 200 9148 200 9488 200 9576 96 8926 200 9144 200 9322 200 9044 200 9382 200 9034 200 9281 200 8909 200 9045 200 9272 200 9381 200 8997 31 
23 5799 125 5724 200 6401 200 7349 200 6131 200 6528 200 6673 200 6263 200 6363 200 5610 200 5614 200 6609 200 6030 200 6235 200 6411 200 6156 200 6651 200 6215 200 6392 200 6016 200 7065 200 6525 200 5505 200 6596 200 6278 200 5931 117 
49 8462 200 8448 200 8509 200 8330 200 7777 200 8422 200 5931 83 8469 200 6377 200 5902 200 7850 200 6414 200 5860 200 6422 200 5570 200 7844 200 5822 200 8514 200 6198 200 5886 200 6423 200 6351 200 6319 200 8239 200 6368 200 6111 200 7005 98 
1 8997 169 9428 200 9539 200 8853 200 9323 200 9291 200 9392 200 9287 200 8877 200 9155 200 8939 200 8913 200 8941 200 8732 50 9502 200 8915 200 9024 200 9188 200 8841 200 8774 200 8887 200 8603 200 8620 200 8978 200 9375 200 8975 200 8758 200 9225 200 9339 200 9601 200 9628 157 
41 9628 43 8879 200 9214 200 8787 200 9043 200 9109 200 9306 200 8981 200 9166 200 8527 200 8980 200 9397 200 9307 200 8898 200 8798 200 9483 200 8658 200 9026 200 8690 200 8778 200 9491 200 8772 200 8677 200 8749 200 9133 200 9456 200 8919 200 9096 200 8972 200 9183 200 8952 200 9421 40 
32 7005 102 6664 200 6881 200 6438 200 5424 200 6386 200 8309 200 6043 200 6650 200 6384 200 6330 200 5648 200 6231 200 5448 200 6598 200 5628 200 5868 200 7285 200 7339 200 6304 200 6720 200 5666 200 6727 200 8150 200 6436 200 6605 200 5818 200 6106 200 6506 200 5416 200 7452 200 6550 200 5832 200 6601 200 6482 200 7415 200 6591 200 7849 51 
9 7474 200 7849 149 6579 200 6144 200 6494 200 6643 200 6390 200 5833 200 7458 200 8158 200 6299 200 6660 200 6220 200 6267 200 5984 200 7966 200 5781 200 5932 200 5644 200 6451 200 6649 200 7316 200 5776 200 5650 200 5884 200 5869 200 6417 200 6756 200 5937 200 7671 200 5587 200 5844 200 5719 200 6949 200 5623 200 7751 200 8039 200 6175 200 6251 78 
