1 75 2 
26 97 2 
25 97 2 
7 97 2 
14 93 2 
5 93 3 
24 65 3 
16 93 3 
13 92 4 
2 63 6 
6 93 2 97 4 
9 59 7 
20 92 6 94 3 
30 63 4 59 3 62 2 
23 65 7 66 4 
10 94 7 91 7 
4 66 6 67 8 
17 91 3 71 10 90 2 
12 67 2 62 8 68 5 
3 68 5 69 10 90 3 
27 64 10 87 8 
28 57 10 56 10 
8 90 5 87 2 61 10 72 6 
15 72 4 85 10 60 10 75 2 
19 75 6 54 10 88 10 70 10 83 2 
29 52 10 82 10 55 10 77 10 
11 58 10 53 10 27 10 29 10 51 7 
22 78 10 73 10 74 10 76 10 51 3 22 4 
18 98 10 96 10 83 8 89 10 99 10 95 5 
21 86 10 84 10 19 10 79 10 18 10 22 6 49 10 47 2 
