3000
1 5906 600 5986 600 5885 600 6154 600 8777 600 5974 600 5835 600 9094 600 8995 600 8947 576 
2 8928 381 
3 6200 600 6155 600 5841 596 
4 9151 255 
5 8824 600 8880 600 8976 160 
6 6296 600 6101 600 6122 600 6141 600 9220 282 
7 9017 364 
8 9157 401 
9 6039 600 6021 600 6034 600 6353 600 6191 600 5811 600 5889 600 5721 600 5672 600 6074 600 6225 600 6085 600 6213 427 
10 9182 600 8923 600 9084 600 9203 600 9191 179 
11 5971 14 
12 9217 174 
13 6282 600 5865 600 5971 586 5681 600 6186 600 5815 600 5630 199 
14 8920 600 9015 544 
15 8818 440 
16 8986 397 
17 8892 128 
18 8707 600 8703 600 5911 600 6112 600 6204 301 
19 6073 600 6206 600 6273 600 6280 600 5951 600 5876 600 6265 533 
20 9387 600 9253 481 
21 9526 18 
22 2556 600 5152 600 5146 55 
23 6244 600 6153 600 5894 600 5659 600 5759 600 5946 600 6041 600 5617 600 5745 242 
24 9193 405 
25 9196 415 
26 8701 600 5861 600 6255 600 5629 600 6165 380 
27 5639 600 6178 17 
28 8868 275 
29 9283 600 8817 600 9047 600 9101 600 8766 99 
30 9343 600 8833 600 9005 96 
31 6430 600 6393 600 5692 600 5918 489 
32 5947 600 5778 600 5979 600 5828 600 6272 600 5780 600 5729 600 6150 600 6238 600 5924 600 5788 600 6178 583 6415 170 
33 8747 600 8752 600 8852 200 
34 5553 600 6051 335 
35 5927 600 5796 600 6127 600 6023 600 6032 600 6107 559 
36 9060 88 
37 9226 254 
38 7526 511 
39 9509 336 
40 8955 600 9245 600 9091 600 9105 600 8971 600 8815 282 
41 9066 600 9390 600 8872 600 9202 600 9277 600 8902 600 8958 600 9038 600 8953 600 9114 600 8922 83 
42 8942 600 8741 176 
43 9050 600 8876 478 
44 5849 600 5855 600 5955 600 5635 600 5893 600 6287 600 6343 465 
45 9755 125 
46 9048 582 
47 8976 440 6234 600 6115 600 5873 600 9228 600 6035 331 
48 9251 338 
49 5913 600 5751 600 5767 600 5999 600 5859 600 5816 600 6157 600 6201 600 5830 381 
50 9468 600 8845 600 8835 155 
51 9169 600 8977 526 
52 6061 600 6339 600 6361 86 
53 8797 357 
54 8862 600 9021 292 
55 8648 328 
56 7621 459 
57 6350 600 5625 600 5960 600 6049 532 
58 9413 50 
59 9123 600 9177 600 8667 600 6152 600 8855 600 8609 600 6078 417 
60 9237 600 8780 600 5600 600 8597 169 
61 5908 600 5935 481 
62 2221 600 2336 600 2576 600 2567 339 
63 9482 90 
64 8861 600 6334 600 5649 600 8865 600 6297 600 5993 600 6529 87 
65 9312 600 9115 554 
66 6063 421 
67 9449 388 
68 9052 232 
69 6130 103 
70 5175 600 5179 600 2371 600 5183 600 5176 600 2172 600 5145 334 
71 8908 171 
72 8745 600 9112 600 9009 473 
73 5763 600 5717 368 
74 9928 105 
75 9526 92 
76 8479 600 8493 600 8571 404 
77 6329 600 5912 600 6477 600 5900 427 
78 5786 232 
79 6181 600 6398 600 6269 600 6253 600 6066 600 5878 600 6025 600 6333 475 
80 8849 600 8739 495 
81 8830 600 6461 600 6092 600 5929 600 5827 600 6185 600 8801 600 8737 381 
82 9638 81 
83 9100 600 9189 600 9262 28 
84 5556 600 6242 600 5715 600 5670 600 6433 600 6471 600 5772 600 5726 70 
85 9152 600 9431 600 9345 600 8883 164 
86 6093 590 
87 8859 600 8892 472 8938 600 9060 512 9016 132 
88 8886 600 8754 600 8828 600 9005 504 8968 275 
89 9028 600 8766 112 
90 9440 9 
91 2090 600 2621 600 2650 600 2366 355 
92 6442 600 5521 600 6347 235 
93 9576 223 
94 5892 600 5854 155 
95 9206 31 
96 8917 293 
97 9033 600 9255 600 9078 600 9075 600 5774 600 6143 600 9051 600 6019 527 
98 9750 8 
99 9204 600 9000 600 5660 600 6056 510 
100 9379 484 
101 8767 600 8810 600 6116 534 
102 5831 600 5793 600 6479 600 6301 600 6302 600 5643 118 
103 8860 600 8588 600 6010 600 6322 600 5601 600 8728 600 8783 600 5782 529 
104 6568 180 
105 9429 600 9191 421 8699 333 
106 6292 184 
107 5943 600 9001 600 9083 600 5858 600 5987 282 
108 9457 600 8992 600 9262 99 
109 8869 275 
110 6081 13 
111 9413 411 
112 415 600 321 15 
113 9750 101 
114 4265 387 
115 5920 600 8822 600 5506 600 8671 600 9151 345 6028 600 8583 600 6539 246 
116 6006 600 6040 600 6362 600 5602 600 5642 600 6283 600 6367 528 
117 7955 600 8070 153 
118 8922 517 9118 255 
119 9870 44 
120 9440 591 9298 600 8891 600 9103 600 8983 600 9025 600 9351 600 9087 600 9129 600 9058 600 5837 600 8641 600 6121 600 8840 71 
121 6505 600 6246 600 5819 600 5655 600 6344 600 6324 85 
122 6158 600 6081 110 
123 9412 339 
124 6340 600 5888 139 
125 2840 600 2599 600 2529 346 
126 8903 600 8870 600 8653 600 8646 600 8709 24 
127 9371 600 8674 600 9252 600 8664 600 5558 600 8836 473 
128 5990 600 5696 600 6483 449 
129 5679 600 5998 600 6261 600 6211 600 6385 285 
130 9217 426 9304 600 8606 600 8716 600 6125 600 8776 600 5743 600 6136 600 8916 185 
131 8934 600 9206 569 8557 600 9156 584 
132 6008 456 
133 6364 600 5652 600 6151 600 8678 600 6126 600 9125 600 6437 600 6512 600 8484 600 9452 600 9173 600 8950 181 
134 8733 600 8497 471 
135 8894 600 8625 600 9519 600 8560 488 
136 8831 475 
137 6139 600 5596 600 9510 125 
138 6005 600 6258 600 6566 600 5738 600 6526 600 6087 600 6022 600 6426 600 5938 120 
139 8809 600 8804 409 
140 8874 600 8526 600 6298 600 8834 600 9415 600 8742 600 8657 600 9126 600 5996 301 
141 5590 600 7134 600 6159 600 5925 575 
142 6326 600 5856 600 5733 600 6110 600 6469 600 6360 600 6365 600 6445 600 6444 600 5826 600 5732 230 
143 9829 26 
144 9601 64 
145 9171 600 9274 600 9269 105 
146 9065 600 8594 210 
147 5731 600 6588 600 5981 600 6227 92 
148 8756 600 8875 125 
149 9334 224 
150 8709 576 8521 473 
151 6014 600 5787 600 6361 514 6184 296 
152 8895 600 8537 600 6133 600 8508 401 
153 5957 600 5492 600 5982 30 
154 9417 600 9036 600 9220 318 7026 600 8748 600 6171 600 6342 600 5574 312 
155 9499 600 7153 600 6096 600 5768 600 9149 600 6209 600 8424 600 9148 600 8585 600 8650 178 
156 5699 600 9488 600 6983 600 5454 600 5820 600 7497 184 
157 8926 152 
158 7585 597 
159 5705 600 5917 600 5720 600 5994 600 5755 600 5923 267 
160 6551 600 8400 600 6481 597 
161 9144 600 9322 600 9044 600 9034 390 
162 9382 133 
163 8909 600 8665 197 
164 6182 151 
165 9281 600 6416 600 9045 600 6260 600 6439 600 9482 510 9381 600 9272 600 8997 600 6018 600 6305 600 6057 246 
166 9701 237 
167 5663 600 6529 513 5870 600 8477 600 8554 600 5685 600 6496 600 6510 600 6037 600 5725 600 9428 255 
168 9539 600 7178 600 8853 600 8711 600 9323 117 
169 9291 600 8596 578 
170 5939 600 5664 600 5540 600 5864 582 
171 9392 426 
172 9287 424 
173 5977 600 6135 600 5741 286 
174 5311 600 5309 600 5276 598 
175 9502 65 
176 6460 600 5734 600 5821 600 5975 555 
177 5922 84 
178 5726 530 5890 600 5351 600 5926 600 5654 600 8877 600 8788 600 8706 600 5769 600 8559 309 
179 2610 600 2528 600 2474 406 
180 6998 600 5630 401 6669 600 6103 597 
181 9155 600 6325 600 8939 600 6310 600 6229 600 7917 600 5468 600 6172 600 6982 600 8763 108 
182 8913 600 6065 600 8941 600 8736 600 6027 600 8732 600 8608 600 8164 600 5622 130 
183 6055 63 
184 6024 600 5482 600 5453 600 6315 600 6168 600 5942 600 8915 600 9188 600 6394 600 9024 600 8841 600 8774 212 
185 6331 600 5883 328 
186 6090 600 6130 195 
187 8603 600 8620 600 6323 600 5607 600 5936 600 6580 136 
188 8887 600 8978 4 
189 8758 600 8398 519 
190 7148 600 5845 600 8975 600 6336 600 5882 600 8879 145 
191 9375 600 9225 600 9339 593 
192 7016 600 5799 600 5724 600 6401 434 
193 9628 600 9214 600 8787 410 
194 9109 600 9043 419 
195 9306 600 8981 259 
196 9166 600 8527 290 
197 7349 600 5982 570 6131 10 
198 8980 600 9307 600 9397 346 
199 8978 286 
200 8898 600 6528 600 6673 224 
201 6263 430 
202 6363 600 5610 600 5614 600 6609 600 6030 600 6235 518 
203 8798 600 8462 600 8658 600 8448 600 8690 600 9026 214 
204 8778 212 
205 9970 30 
206 9483 600 8509 600 9491 453 
207 9456 339 
208 9183 470 
209 8330 600 7777 266 
210 8772 600 8677 488 
211 8749 198 
212 9421 600 9359 8 
213 6411 600 6156 600 6651 600 6215 446 
214 8422 600 8469 430 
215 7850 83 
216 6392 600 6016 600 7065 600 6525 287 
217 7844 600 8514 219 
218 5505 600 5570 600 5424 600 5648 600 5448 493 
219 8919 331 
220 9846 112 
221 9133 126 
222 6596 600 5931 600 6278 600 6377 600 6414 600 5902 475 
223 9096 600 8972 600 8952 11 
224 5860 600 6422 600 6415 430 5822 600 6198 600 5886 600 6423 600 6351 32 
225 9198 230 
226 9178 11 
227 9507 370 
228 6319 600 6368 600 6111 600 7005 600 6881 600 6664 600 6438 600 6386 600 6131 590 6043 387 
229 6650 600 6384 600 6330 153 
230 6231 600 6598 600 5868 600 5628 600 7285 600 6304 600 7339 600 5666 479 
231 8765 600 8523 600 8239 533 
232 8495 600 8840 529 9160 600 9153 600 8309 472 
233 9232 18 
234 8352 600 8351 600 6720 112 
235 8150 600 6727 114 
236 8612 600 8808 600 8613 600 8759 600 8794 600 6436 349 
237 8967 600 9229 600 8948 600 9212 600 8714 600 9179 600 9008 600 5818 600 6605 600 6106 600 6506 600 9479 600 8503 600 5416 50 
238 9167 600 7452 600 6550 600 5832 382 
239 8470 600 6601 600 8485 33 
240 9311 600 8852 400 9270 600 9134 137 
241 6482 281 
242 7415 600 6591 379 
243 9346 93 
244 9282 600 9425 311 
245 8882 600 8556 290 
246 8464 600 7474 600 7849 600 6579 600 8488 600 6144 338 
247 9526 167 
248 9545 140 
249 73 600 6643 600 6494 600 6390 600 5833 600 6299 600 6660 600 6220 600 6267 600 5984 600 122 154 
250 8499 600 7458 600 8158 600 7966 600 5932 600 5781 600 5644 600 6451 600 6649 600 8472 443 
251 9676 328 
252 5869 600 5776 600 5650 38 
253 8696 26 
254 5884 600 5937 600 5587 600 5844 600 5719 600 5623 600 5752 69 
255 9790 103 
256 8835 445 8952 135 
257 8525 600 8698 600 8928 211 
258 9746 189 
259 2699 600 2684 102 
260 9102 600 9178 589 9359 592 8741 424 7316 600 8871 600 8404 600 9466 600 8803 600 8786 600 9506 600 8847 600 8746 400 
261 8442 235 
262 6417 600 6756 600 7671 600 6949 342 
263 9138 600 9029 600 8766 389 8039 127 
264 9399 26 
265 7751 600 8489 600 6251 600 8540 600 6175 600 8358 600 8800 600 6250 600 8617 600 5958 600 6176 600 5645 79 
266 8605 600 8555 600 6831 105 
267 9533 291 
268 5099 600 5094 583 
269 9585 600 9327 600 9409 267 
270 6281 600 7550 327 
271 5539 600 6577 600 9648 600 6289 600 5771 600 8705 270 
272 5615 600 7583 590 
273 9020 600 9574 315 
274 6684 306 
275 5515 600 6324 515 6129 600 6511 376 
276 5680 600 5452 600 6007 600 5921 472 
277 8346 591 
278 8687 159 
279 9262 373 
280 7018 154 
281 7635 600 8551 8 
282 6716 600 9267 600 6257 600 9088 600 9017 236 9089 600 8807 600 9232 582 6454 600 6710 520 
283 2383 600 2335 8 
284 2388 9 
285 9031 600 9315 140 
286 9200 600 9095 11 
287 9638 472 
288 6332 600 6683 600 8755 600 8623 600 6478 600 6613 25 
289 8438 398 
290 8951 311 
291 6583 600 6764 600 6859 600 8449 600 6970 600 8455 600 8428 600 7824 600 8684 600 5852 497 
292 6413 600 6524 600 7652 600 6718 600 6866 313 
293 5959 600 5491 600 6427 600 6000 600 6169 600 5704 600 5377 595 
294 6607 600 6845 600 6658 600 8272 600 5745 358 7908 482 
295 8482 72 
296 8829 600 8563 542 
297 6497 441 
298 9801 27 
299 5678 555 
300 8846 600 9119 600 8994 600 9016 468 8708 600 8842 600 6381 231 
301 6317 595 
302 6247 273 
303 9248 325 
304 9671 68 
305 6645 600 7236 380 
306 9553 571 
307 8103 600 8264 591 
308 5976 600 8551 592 7502 600 6359 600 7053 317 
309 8770 600 5340 600 6793 600 6642 600 6448 600 6615 202 
310 8672 600 8600 188 
311 6370 600 5637 600 5643 482 6883 600 6243 600 7810 600 5810 600 9564 600 5775 600 6212 600 8222 600 6366 32 
312 2641 600 2646 600 2757 301 
313 5836 600 8821 600 8691 600 6887 600 6233 600 7070 600 5792 600 5550 600 8771 600 6351 568 7563 600 8792 600 6358 341 
314 6554 600 6228 390 
315 9477 600 6431 600 5591 600 5669 600 6543 600 6285 600 6194 600 6570 600 8344 600 6631 600 6180 34 
316 8195 600 7400 600 9095 589 6721 600 8868 325 8632 291 
317 9321 600 8552 600 8115 600 8984 22 
318 5548 600 6321 600 5520 600 6210 600 7309 600 6294 600 6541 600 6270 600 7034 185 
319 9266 600 9230 306 
320 5850 600 6202 342 
321 8693 600 8696 116 
322 6498 101 
323 5583 600 5410 600 5592 600 5348 600 5412 600 5527 600 5571 600 5523 600 5440 145 
324 7323 600 7135 142 
325 5746 600 5674 600 6189 600 5753 600 6670 600 6277 600 7476 209 
326 5806 600 6295 600 6419 600 6635 600 5992 600 6578 600 6470 600 6187 600 7609 600 6558 600 7414 281 
327 9226 346 9581 600 8769 600 8353 600 8597 431 8881 417 
328 9081 600 9430 157 
329 8598 9 
330 8289 600 7862 600 6840 600 7406 337 
331 2439 600 2335 522 
332 5662 600 6082 36 
333 8878 600 8586 600 8639 600 8361 600 8949 600 8681 600 7490 600 5813 307 
334 7125 600 5991 600 8284 600 7111 600 8656 600 5605 600 6081 477 7346 142 
335 6345 600 7149 600 6432 72 
336 6099 600 6945 600 6495 455 
337 9319 204 
338 9106 598 
339 8268 600 8417 600 9365 339 
340 8966 600 8485 567 8715 154 
341 5015 600 4991 392 
342 9399 574 8912 600 6584 600 8230 600 6490 600 6700 600 9211 600 6303 600 6313 146 
343 5714 473 
344 6162 600 5597 426 
345 8450 600 6476 600 6699 388 
346 6581 600 6177 600 6618 600 5840 600 6410 600 6055 537 6502 332 
347 6674 600 8595 600 8908 429 8229 81 
348 9580 191 
349 7945 600 6736 600 6810 600 7582 600 6876 61 
350 9260 600 9408 600 9076 600 8345 600 8610 600 9250 600 8805 600 8415 600 6914 600 8323 600 6723 600 9300 229 
351 7765 600 8598 501 
352 6838 600 6441 600 6266 600 6637 600 6613 317 
353 9502 535 8883 436 6594 600 9472 600 8454 207 
354 6540 600 8533 600 8343 600 8185 600 5621 87 
355 8461 398 
356 6709 600 6288 600 6227 508 6160 600 6412 600 6098 600 6522 254 
357 9524 600 9268 600 8040 600 8781 600 8856 600 9418 600 7744 600 8685 422 
358 8743 566 
359 8316 600 8076 600 9061 534 
360 9485 357 
361 6031 600 6224 600 6761 600 6621 600 6320 49 
362 7599 600 8642 600 7896 126 
363 9693 461 
364 9461 600 5871 600 7084 600 9601 536 6248 421 
365 9246 185 
366 6701 600 6715 600 9099 121 
367 5516 600 5650 562 5626 90 
368 5481 600 5500 600 8064 12 
369 4173 454 
370 8124 600 8592 9 
371 8589 562 
372 5700 289 
373 5848 600 5698 600 5525 600 5651 600 5854 445 5478 600 5802 583 
374 9643 525 
375 2388 591 2299 144 
376 9789 88 
377 8933 600 8566 600 8240 600 6163 600 6407 247 
378 8131 600 8796 600 8593 600 7115 274 
379 8867 600 7247 379 
380 9163 600 7921 600 6742 24 
381 9619 446 
382 6817 600 6446 600 6046 600 6732 600 5547 600 5823 600 6457 539 
383 9617 591 
384 9659 21 
385 5529 600 5694 462 
386 5433 600 6004 600 5352 600 5416 410 
387 7866 600 9233 69 
388 6406 600 6781 600 9187 600 8397 600 9007 600 6599 600 7199 576 
389 9269 495 8315 376 
390 282 178 
391 8149 600 6456 600 9602 600 6712 600 7543 600 9512 600 6829 600 8386 518 
392 6675 600 8170 600 6586 539 
393 8940 600 8471 600 8911 600 9004 600 5989 600 9280 600 5922 516 8984 578 6492 600 9548 600 6204 299 8757 301 
394 5973 600 6113 600 6537 600 5940 600 6467 600 5646 600 6183 600 6306 600 6094 218 
395 6752 441 
396 9062 600 8962 600 7716 600 9131 600 8519 600 9046 600 7728 600 8668 600 9352 600 9157 199 8679 600 9366 464 
397 8695 600 8924 483 
398 6800 600 6567 600 8897 600 9092 600 9455 600 8965 600 5575 600 6240 600 6629 409 
399 5006 600 4974 600 5001 305 
400 8510 133 
401 6523 600 8655 600 6376 600 8592 92 
402 6597 600 8403 600 6622 280 
403 5437 600 6977 600 8441 600 6545 600 5513 600 8061 600 6533 600 6600 600 8567 600 6857 600 6519 600 6409 24 
404 6819 600 6366 568 5417 600 6961 600 6095 600 5985 273 
405 9265 239 
406 9541 91 
407 9285 600 8190 600 8721 600 9324 127 
408 8145 600 7971 600 8727 600 8064 113 
409 6167 600 6666 600 7379 247 
410 8541 600 8813 512 
411 8661 600 8258 600 5938 480 8575 600 8405 600 8704 600 6507 600 6346 246 
412 9314 600 8851 600 8722 600 9497 600 9612 535 
413 8730 600 6734 600 9185 600 8276 600 8436 600 9128 600 5888 461 6775 600 5968 600 6606 600 8761 600 6054 600 6725 512 
414 8979 124 
415 9510 324 
416 8991 502 
417 9531 240 
418 7013 600 6927 600 8012 385 
419 7343 600 6180 566 7311 600 5543 600 5980 309 
420 6735 600 7711 600 6641 600 6284 102 
421 6337 29 
422 6318 600 8785 600 6573 475 
423 6464 600 6396 600 6569 600 6208 434 
424 6595 600 5585 600 7496 600 6192 600 5512 600 6561 5 
425 84 600 97 600 93 600 99 600 86 600 156 600 103 219 
426 6784 600 5901 600 5519 600 5379 600 6222 600 6262 600 5683 600 7008 600 6145 520 
427 8456 512 
428 9439 127 
429 8826 469 
430 8663 600 8850 600 9645 373 
431 9567 497 
432 8866 600 8815 318 8427 462 
433 8136 600 8615 600 7265 600 7817 600 8303 600 8277 600 7811 600 8322 600 8138 168 
434 8918 600 9384 600 8899 600 9241 600 9012 600 6179 600 8535 233 
435 6787 600 6947 49 
436 8327 600 8544 600 8020 600 6935 233 
437 392 600 412 600 482 600 478 600 515 600 668 586 
438 5686 600 8283 600 6646 507 
439 7266 600 6404 600 8025 600 6589 600 6534 80 
440 8686 600 9563 600 9077 600 6293 600 6161 600 6778 115 
441 6164 600 6237 600 5594 600 5325 341 
442 8875 475 6561 595 5368 600 8782 600 6349 394 
443 9011 600 6082 119 
444 6311 600 6058 600 5285 151 
445 8682 379 
446 8760 600 9501 600 8960 169 
447 5589 600 6418 600 6195 600 6026 392 
448 9659 81 
449 9534 276 
450 6080 158 
451 9372 195 
452 9630 69 
453 9970 11 
454 9301 357 
455 6148 600 5953 600 8832 600 6846 600 6352 78 
456 5485 600 6530 600 8348 600 6842 600 8373 380 
457 6509 600 6648 600 6698 600 6742 576 6254 600 6816 462 
458 7850 517 7788 600 7358 600 7052 600 6585 600 6429 600 7350 600 5367 600 5549 600 6893 600 6678 600 6731 600 5391 42 
459 9010 600 8391 350 
460 7499 600 6380 600 5967 600 5493 600 5487 394 
461 7292 69 
462 9022 26 
463 9738 25 
464 7837 77 
465 9651 157 
466 8622 376 
467 6327 600 5324 600 9369 600 8119 600 6388 600 8570 600 5466 600 7787 600 6142 600 6549 571 
468 5730 600 7058 600 9256 600 6627 600 8587 600 7450 600 8990 600 5363 600 6166 600 9385 600 8998 233 
469 9332 600 9500 406 
470 7392 600 6885 600 8260 600 8890 600 8713 133 
471 6520 600 8267 600 8375 600 8167 600 8751 600 7865 600 7293 589 
472 8412 600 7717 600 8331 93 
473 9556 600 9180 600 8614 89 
474 5542 600 8486 600 9137 600 8233 157 
475 8779 586 
476 5809 600 5952 600 8931 600 9437 215 
477 6559 600 5712 468 
478 639 600 652 75 
479 9915 69 
480 6779 600 6755 600 5752 531 6375 549 
481 7633 600 8252 600 8241 600 7075 600 7352 600 7337 600 5532 600 8231 600 6484 600 8293 600 6769 119 
482 8640 600 8355 143 
483 9454 600 9053 600 9422 600 8763 492 9073 600 8409 600 9116 600 5839 600 7918 600 5961 455 
484 2151 600 2452 600 2260 398 
485 6174 600 6045 600 5798 600 5631 600 5803 600 5682 481 
486 9669 128 
487 6708 600 7941 600 7909 600 6909 600 6870 600 7237 600 6948 600 7767 600 6290 600 7833 600 7451 248 
488 2588 600 2359 183 
489 8669 600 8573 600 8581 600 8720 600 9113 600 8673 600 6047 600 6449 600 7988 600 5919 600 6997 600 8227 600 9071 251 
490 9295 358 
491 9464 600 9221 600 9207 600 9490 600 9323 483 6292 416 7370 600 8396 600 8536 600 6409 576 5223 600 5896 182 
492 5633 600 5862 600 5479 600 5728 600 5665 589 
493 6938 600 9085 600 8255 600 8129 39 
494 98 600 65 600 68 600 216 600 162 426 
495 6286 600 7175 600 6691 246 
496 5449 600 5687 600 5645 438 
497 6480 600 6501 600 6399 600 6128 600 6568 420 6504 600 6357 122 
498 6726 600 6900 600 7160 600 6574 600 6717 600 6036 600 7512 600 7434 458 
499 9546 256 
500 9294 226 
501 8546 600 8885 600 8451 600 8985 600 8381 600 8122 276 
502 9382 86 
503 8383 600 8498 600 7890 178 
504 9052 368 7903 600 8219 600 9288 296 
505 8411 600 8565 600 9333 274 
506 9357 404 
507 7072 600 6869 600 6544 600 6738 600 7240 600 7876 600 7556 600 6652 600 6420 600 8393 66 
508 6984 600 7542 384 
509 6685 600 9002 600 6694 600 8889 600 7300 600 6828 600 8793 600 8071 600 6205 24 
510 7020 600 8986 203 6190 600 6219 600 8447 600 6626 600 8148 600 5756 600 7242 453 
511 9453 600 8193 375 
512 7383 600 8194 600 7137 426 
513 6369 600 6348 600 8529 157 
514 8500 600 8066 123 
515 8426 600 8549 389 
516 5559 600 5586 600 7227 600 5786 368 5668 600 6124 600 8027 600 6458 300 
517 6973 571 
518 9672 207 
519 6754 600 8126 600 5667 600 7372 600 7054 65 
520 5545 600 6943 458 
521 8964 600 9139 600 7998 600 8629 600 9330 600 6452 562 
522 8306 600 8458 517 
523 6861 600 5561 600 5279 4 
524 6560 600 5450 600 6372 600 6337 571 6138 600 6119 600 6951 600 6624 600 7299 600 6245 600 8288 600 8058 54 
525 9586 600 9346 507 9231 600 9098 600 6745 600 6906 600 7943 600 6132 500 
526 6640 600 7123 600 6603 600 8413 600 7735 557 
527 5473 600 5983 600 5915 600 5671 238 
528 9726 445 
529 7059 600 6516 600 6750 600 6808 515 
530 7883 347 
531 9642 600 9079 600 9406 600 8290 187 
532 9518 600 8784 600 7847 37 
533 9622 379 
534 9049 600 8888 398 
535 6593 600 6729 131 
536 6320 551 7602 222 
537 7159 600 6836 600 6373 134 
538 8011 480 
539 6571 600 6969 600 5234 600 8611 600 5634 600 5279 596 7320 600 5584 600 7260 600 6499 456 
540 6783 600 6972 416 
541 8437 600 8113 214 
542 7087 600 7094 600 6513 600 5286 600 6703 488 
543 8666 446 
544 2276 600 2287 303 
545 8329 600 8192 600 6707 600 5294 310 
546 58 600 46 600 47 600 56 600 70 600 91 600 136 600 200 19 
547 5765 600 6765 600 6355 41 
548 8511 600 8604 525 
549 9987 14 
550 8717 600 8616 600 9064 600 8482 102 
551 7686 114 
552 6100 600 5599 600 5703 600 5887 600 5494 600 5748 600 5622 470 6389 600 5638 557 
553 9236 600 8937 460 
554 8959 562 
555 9154 27 
556 9120 600 9107 600 9599 4 
557 2407 146 
558 9583 11 
559 8457 600 8837 600 8607 600 6771 488 
560 8542 600 7143 67 
561 6867 600 8021 600 8263 600 7191 600 7957 600 6876 539 7877 600 8157 600 8007 600 6341 115 
562 6592 600 6657 600 7986 600 7799 600 8014 495 
563 9264 600 9341 197 
564 6656 600 5374 600 6903 600 5677 600 7186 600 5740 600 5903 195 
565 8308 600 8364 600 8356 600 9104 600 9509 264 8914 600 9338 4 
566 8507 600 8421 600 8532 600 8576 600 8350 600 8310 600 8367 452 
567 5879 197 
568 8702 600 9022 574 9124 600 9164 600 8689 600 9465 600 9368 555 
569 9599 596 8378 600 8490 600 8926 448 8478 600 9470 600 8916 415 9014 600 8318 522 
570 9677 600 9671 150 
571 6928 600 9474 225 
572 2153 600 2486 600 2069 600 2423 291 
573 6796 600 7060 600 5431 61 
574 9127 429 
575 6249 600 7886 600 6182 449 6860 600 6610 600 7785 32 
576 8907 271 
577 8543 600 9056 600 8466 600 8921 600 9644 258 
578 8048 600 5790 600 8298 600 6702 600 8379 600 8207 36 
579 9364 600 9338 596 8738 600 9190 600 8626 600 8844 600 8811 600 5727 600 8814 600 7047 459 
580 7732 600 9193 195 8660 600 8973 600 8764 405 
581 8950 419 8947 24 9072 273 
582 6213 173 5898 600 6826 600 6720 27 
583 9635 102 
584 9308 600 8070 447 6432 165 
585 7003 600 6075 600 6312 600 5441 600 6487 365 
586 6001 600 5702 600 5718 600 6428 422 
587 8910 600 7291 600 8365 600 8430 600 7703 600 8496 254 
588 7326 137 
589 9796 103 
590 6814 600 6727 27 
591 9296 600 9660 600 8317 600 9441 600 6654 201 
592 9583 52 
593 7991 600 6475 600 7605 600 8018 600 6347 365 6580 464 5397 600 6064 600 7126 600 7225 600 6686 600 6354 144 
594 8217 600 8371 600 8249 412 
595 9991 1 
596 8221 600 7278 551 
597 9019 600 8473 600 9243 356 
598 9258 600 9398 345 
599 8601 600 8773 600 8446 600 5476 600 6084 600 6264 600 8522 600 8823 2 
600 5657 600 5761 600 5577 600 5656 278 
601 6863 10 
602 6918 10 
603 200 10 
604 5867 10 
605 5228 10 
606 8644 10 
607 6737 10 
608 6974 10 
609 5203 10 
610 8481 10 
611 6739 10 
612 9108 10 
613 5391 10 
614 5582 10 
615 5443 10 
616 9498 10 
617 523 10 
618 9489 10 
619 9162 10 
620 2481 10 
621 5742 10 
622 268 10 
623 5909 10 
624 6275 10 
625 599 10 
626 248 10 
627 2226 10 
628 8189 10 
629 8463 10 
630 5199 10 
631 247 10 
632 5560 10 
633 147 10 
634 6013 10 
635 9133 10 
636 8325 10 
637 271 10 
638 929 10 
639 5616 10 
640 8151 10 
641 6062 10 
642 2547 10 
643 6890 10 
644 5916 10 
645 6831 10 
646 5956 10 
647 9349 10 
648 6967 10 
649 167 10 
650 2099 10 
651 6307 10 
652 6780 10 
653 164 10 
654 8360 10 
655 6391 10 
656 6076 10 
657 6205 10 
658 200 10 
659 8130 10 
660 6239 10 
661 7104 10 
662 8243 10 
663 5329 10 
664 2542 10 
665 2380 10 
666 5966 10 
667 523 10 
668 182 10 
669 5930 10 
670 6713 10 
671 8580 10 
672 2625 10 
673 7136 10 
674 5059 10 
675 7024 10 
676 7333 10 
677 9350 10 
678 599 10 
679 5758 10 
680 2414 10 
681 9361 10 
682 12 10 
683 2436 10 
684 5851 10 
685 8286 10 
686 8354 10 
687 7978 10 
688 8823 10 
689 8023 10 
690 6291 10 
691 2481 10 
692 6562 10 
693 9593 10 
694 5323 10 
695 9278 10 
696 180 10 
697 242 10 
698 9042 10 
699 2288 10 
700 8206 10 
701 8904 10 
702 6688 10 
703 7968 10 
704 2226 10 
705 6924 10 
706 5613 10 
707 23 10 
708 2313 10 
709 9037 10 
710 6894 10 
711 8010 10 
712 770 10 
713 268 10 
714 6788 10 
715 5194 10 
716 9416 10 
717 6051 10 
718 90 10 
719 9299 10 
720 6371 10 
721 2547 10 
722 5573 10 
723 248 10 
724 6491 10 
725 147 10 
726 6619 10 
727 90 10 
728 5576 10 
729 8969 10 
730 349 10 
731 8262 10 
732 929 10 
733 7282 10 
734 8270 10 
735 9313 10 
736 61 10 
737 8621 10 
738 6682 10 
739 5904 10 
740 167 10 
741 85 10 
742 38 10 
743 6772 10 
744 2372 10 
745 6463 10 
746 5847 10 
747 6680 10 
748 5874 10 
749 8631 10 
750 6067 10 
751 8818 10 
752 6147 10 
753 6338 10 
754 247 10 
755 9150 10 
756 6188 10 
757 8906 10 
758 9732 10 
759 8416 10 
760 6724 10 
761 8387 10 
762 6279 10 
763 6947 10 
764 32 10 
765 2099 10 
766 5391 10 
767 9196 10 
768 6572 10 
769 9172 10 
770 8505 10 
771 5329 10 
772 6564 10 
773 8049 10 
774 8753 10 
775 263 10 
776 271 10 
777 8143 10 
778 7731 10 
779 5934 10 
780 2484 10 
781 6165 10 
782 164 10 
783 5867 10 
784 167 10 
785 948 10 
786 7295 10 
787 7733 10 
788 5129 10 
789 6898 10 
790 7155 10 
791 229 10 
792 9528 10 
793 2542 10 
794 6811 10 
795 6843 10 
796 6587 10 
797 6602 10 
798 59 10 
799 665 10 
800 6207 10 
801 8229 10 
802 872 10 
803 6013 10 
804 8562 10 
805 6834 10 
806 6855 10 
807 5093 10 
808 8419 10 
809 38 10 
810 6538 10 
811 665 10 
812 6275 10 
813 8414 10 
814 6662 10 
815 511 10 
816 5956 10 
817 9279 10 
818 2501 10 
819 5360 10 
820 2754 10 
821 242 10 
822 5582 10 
823 5318 10 
824 7010 10 
825 6453 10 
826 6062 10 
827 2714 10 
828 7177 10 
829 7643 10 
830 6835 10 
831 6697 10 
832 6459 10 
833 6737 10 
834 2380 10 
835 6632 10 
836 6863 10 
837 6739 10 
838 5641 10 
839 204 10 
840 5301 10 
841 8302 10 
842 151 10 
843 6918 10 
844 5560 10 
845 8790 10 
846 5138 10 
847 6974 10 
848 7522 10 
849 6625 10 
850 9577 10 
851 6 10 
852 6060 10 
853 778 10 
854 9021 10 
855 6307 10 
856 9424 10 
857 7329 10 
858 7561 10 
859 14 10 
860 5841 4 6205 6 
861 9738 10 
862 8281 10 
863 268 10 
864 309 10 
865 9516 10 
866 5807 10 
867 5742 10 
868 6890 10 
869 5965 10 
870 248 10 
871 5909 10 
872 2134 10 
873 6076 10 
874 5916 10 
875 8109 10 
876 8182 10 
877 2625 10 
878 5930 10 
879 5880 10 
880 2647 10 
881 9354 10 
882 8480 10 
883 6831 10 
884 6967 10 
885 7216 10 
886 9670 10 
887 829 10 
888 7055 10 
889 8203 10 
890 7246 10 
891 8635 10 
892 6552 10 
893 6780 10 
894 5423 10 
895 6981 10 
896 5595 10 
897 659 10 
898 8515 10 
899 6239 10 
900 8030 10 
901 5851 10 
902 5389 10 
903 5192 10 
904 8314 10 
905 8925 10 
906 6391 10 
907 8429 10 
908 5966 10 
909 2544 10 
910 2414 10 
911 2398 10 
912 101 10 
913 2344 10 
914 553 10 
915 5323 10 
916 8879 10 
917 117 10 
918 9233 10 
919 208 10 
920 8724 10 
921 5616 10 
922 7376 10 
923 8266 10 
924 5995 10 
925 61 10 
926 147 10 
927 9142 10 
928 6518 10 
929 9055 10 
930 9504 10 
931 5260 10 
932 7104 10 
933 8524 10 
934 2656 10 
935 20 10 
936 8645 10 
937 5443 10 
938 321 10 
939 8168 10 
940 5203 10 
941 223 10 
942 5713 10 
943 263 10 
944 2436 10 
945 8271 10 
946 6713 10 
947 9054 10 
948 8189 10 
949 5408 10 
950 8151 10 
951 2633 10 
952 5194 10 
953 5329 10 
954 90 10 
955 180 10 
956 8644 10 
957 6051 10 
958 128 10 
959 2481 10 
960 728 10 
961 5621 10 
962 9462 10 
963 7136 10 
964 5208 10 
965 252 10 
966 5403 10 
967 6 10 
968 399 10 
969 5613 10 
970 6424 10 
971 6562 10 
972 247 10 
973 7024 10 
974 7449 10 
975 100 10 
976 9030 10 
977 2288 10 
978 6688 10 
979 6455 10 
980 7333 10 
981 8481 10 
982 5059 10 
983 6397 10 
984 7133 10 
985 23 10 
986 5716 10 
987 8492 10 
988 665 10 
989 504 10 
990 6067 10 
991 389 10 
992 5228 10 
993 6924 10 
994 5573 10 
995 6291 10 
996 6491 10 
997 5881 10 
998 8130 10 
999 8325 10 
1000 9411 10 
1001 32 10 
1002 8957 10 
1003 8463 10 
1004 8650 10 
1005 6757 10 
1006 929 10 
1007 5138 10 
1008 9074 10 
1009 8311 10 
1010 8360 10 
1011 7204 10 
1012 6894 10 
1013 6371 10 
1014 8243 10 
1015 8580 10 
1016 6788 10 
1017 7978 10 
1018 8354 10 
1019 349 10 
1020 9393 10 
1021 5758 10 
1022 5462 10 
1023 6338 10 
1024 6760 10 
1025 8023 10 
1026 271 10 
1027 9108 10 
1028 5199 10 
1029 9498 10 
1030 8155 10 
1031 8278 10 
1032 9162 10 
1033 85 10 
1034 7196 10 
1035 6556 10 
1036 6619 10 
1037 2226 10 
1038 6677 10 
1039 9767 10 
1040 5905 10 
1041 9613 10 
1042 7968 10 
1043 7282 10 
1044 2073 10 
1045 8286 10 
1046 2313 10 
1047 9133 10 
1048 5904 10 
1049 6682 10 
1050 74 10 
1051 5847 10 
1052 5151 10 
1053 5962 10 
1054 6786 10 
1055 5514 10 
1056 2547 10 
1057 9042 10 
1058 7983 10 
1059 2800 10 
1060 5146 10 
1061 5945 10 
1062 6463 10 
1063 8129 10 
1064 9489 10 
1065 6772 10 
1066 8823 10 
1067 9349 10 
1068 5249 10 
1069 2372 10 
1070 8819 10 
1071 9361 10 
1072 204 10 
1073 8010 10 
1074 8762 10 
1075 9278 10 
1076 348 10 
1077 229 10 
1078 6953 10 
1079 6300 10 
1080 9350 10 
1081 7591 10 
1082 309 10 
1083 5874 10 
1084 8904 10 
1085 182 10 
1086 8577 10 
1087 242 10 
1088 2099 10 
1089 872 10 
1090 6623 10 
1091 8439 10 
1092 25 10 
1093 770 10 
1094 6680 10 
1095 8206 10 
1096 6279 10 
1097 9299 10 
1098 6553 10 
1099 2484 10 
1100 389 10 
1101 6498 10 
1102 7271 10 
1103 5954 10 
1104 6572 10 
1105 2451 10 
1106 8253 10 
1107 107 10 
1108 2542 10 
1109 8049 10 
1110 9416 10 
1111 101 10 
1112 6724 10 
1113 2427 10 
1114 6473 10 
1115 7919 10 
1116 7731 10 
1117 145 10 
1118 8279 10 
1119 6947 10 
1120 9284 10 
1121 117 10 
1122 59 10 
1123 9037 10 
1124 6957 10 
1125 2501 10 
1126 2754 10 
1127 5783 10 
1128 2714 10 
1129 7459 10 
1130 8262 10 
1131 7295 10 
1132 635 10 
1133 8969 10 
1134 8548 10 
1135 463 10 
1136 8818 10 
1137 8408 10 
1138 418 10 
1139 164 10 
1140 9150 10 
1141 6564 10 
1142 8631 10 
1143 6308 10 
1144 32 10 
1145 5101 10 
1146 9593 10 
1147 2380 10 
1148 23 10 
1149 6898 10 
1150 7155 10 
1151 7505 10 
1152 7497 10 
1153 2125 10 
1154 489 10 
1155 8183 10 
1156 2405 10 
1157 8906 10 
1158 7253 10 
1159 2134 10 
1160 208 10 
1161 2858 10 
1162 2220 10 
1163 9380 10 
1164 6147 10 
1165 7733 10 
1166 6843 10 
1167 6587 10 
1168 6811 10 
1169 948 10 
1170 6590 10 
1171 5576 10 
1172 8416 10 
1173 151 10 
1174 6602 10 
1175 5934 10 
1176 6241 10 
1177 8270 10 
1178 8621 10 
1179 8387 10 
1180 7830 10 
1181 5867 10 
1182 6902 10 
1183 6108 10 
1184 163 10 
1185 6937 10 
1186 6834 10 
1187 9313 10 
1188 9196 10 
1189 5138 10 
1190 6188 10 
1191 9528 10 
1192 6232 10 
1193 2625 10 
1194 5301 10 
1195 5442 10 
1196 8440 10 
1197 6608 10 
1198 265 10 
1199 6704 10 
1200 8039 10 
1201 8820 10 
1202 764 10 
1203 85 10 
1204 5641 10 
1205 6013 10 
1206 6855 10 
1207 9732 10 
1208 8349 10 
1209 8468 10 
1210 5582 10 
1211 170 10 
1212 6207 10 
1213 9279 10 
1214 8096 10 
1215 6538 10 
1216 6825 10 
1217 184 10 
1218 7643 10 
1219 6662 10 
1220 6165 10 
1221 511 10 
1222 8505 10 
1223 9172 10 
1224 5626 10 
1225 7264 10 
1226 5632 10 
1227 432 10 
1228 8143 10 
1229 8147 10 
1230 6275 10 
1231 7010 10 
1232 38 10 
1233 5807 10 
1234 8229 10 
1235 523 10 
1236 7177 10 
1237 9471 10 
1238 9577 10 
1239 9154 10 
1240 8200 10 
1241 263 10 
1242 6835 10 
1243 5360 10 
1244 504 10 
1245 180 10 
1246 6453 10 
1247 7234 10 
1248 2647 10 
1249 463 10 
1250 8753 10 
1251 2883 10 
1252 128 10 
1253 8974 10 
1254 8562 10 
1255 5695 10 
1256 2368 10 
1257 6547 10 
1258 2503 10 
1259 8545 10 
1260 9424 10 
1261 6616 10 
1262 8790 10 
1263 5762 10 
1264 8301 10 
1265 8550 10 
1266 2943 10 
1267 8259 10 
1268 8518 10 
1269 6697 10 
1270 9370 10 
1271 5318 10 
1272 5059 10 
1273 6863 10 
1274 2544 10 
1275 8999 10 
1276 2414 10 
1277 5891 10 
1278 6459 10 
1279 8635 10 
1280 6918 10 
1281 151 10 
1282 6974 10 
1283 5956 10 
1284 8419 10 
1285 6737 10 
1286 8480 10 
1287 5965 10 
1288 6062 10 
1289 6865 10 
1290 5560 10 
1291 8515 10 
1292 6060 10 
1293 2398 10 
1294 8905 10 
1295 6841 10 
1296 223 10 
1297 6632 10 
1298 7522 10 
1299 6307 10 
1300 6079 10 
1301 6739 10 
1302 7329 10 
1303 2471 10 
1304 8176 10 
1305 7874 10 
1306 6035 10 
1307 9021 10 
1308 6089 10 
1309 7561 10 
1310 8182 10 
1311 77 10 
1312 9516 10 
1313 8987 10 
1314 163 10 
1315 6888 10 
1316 8281 10 
1317 2344 10 
1318 778 10 
1319 8030 10 
1320 145 10 
1321 968 10 
1322 426 10 
1323 9738 10 
1324 255 10 
1325 184 10 
1326 8401 10 
1327 6625 10 
1328 76 10 
1329 12 10 
1330 9354 10 
1331 349 10 
1332 986 10 
1333 829 10 
1334 61 10 
1335 6890 10 
1336 182 10 
1337 8414 10 
1338 6 10 
1339 6076 10 
1340 6552 10 
1341 9767 10 
1342 5072 10 
1343 5101 10 
1344 100 10 
1345 5443 10 
1346 7847 10 
1347 7616 10 
1348 6967 10 
1349 8395 10 
1350 8302 10 
1351 8925 10 
1352 9670 10 
1353 7189 10 
1354 7216 10 
1355 5260 10 
1356 7055 10 
1357 2656 10 
1358 6780 10 
1359 728 10 
1360 9504 10 
1361 6391 10 
1362 170 10 
1363 8590 10 
1364 5742 10 
1365 872 10 
1366 770 10 
1367 6518 10 
1368 6981 10 
1369 8203 10 
1370 2436 10 
1371 9233 10 
1372 5857 10 
1373 7246 10 
1374 2633 10 
1375 8418 10 
1376 9448 10 
1377 7376 10 
1378 8110 10 
1379 823 10 
1380 326 10 
1381 2776 10 
1382 9478 10 
1383 6713 10 
1384 8168 10 
1385 6873 10 
1386 6003 10 
1387 5595 10 
1388 8140 10 
1389 8879 10 
1390 6503 10 
1391 6424 10 
1392 2244 10 
1393 9462 10 
1394 8189 10 
1395 5909 10 
1396 8429 10 
1397 764 10 
1398 5966 10 
1399 7104 10 
1400 9142 10 
1401 6239 10 
1402 9411 10 
1403 2339 10 
1404 74 10 
1405 8216 10 
1406 8314 10 
1407 9347 10 
1408 8724 10 
1409 5323 10 
1410 8031 10 
1411 2197 10 
1412 5423 10 
1413 6576 10 
1414 2288 10 
1415 8266 10 
1416 8524 10 
1417 8109 10 
1418 7136 10 
1419 9055 10 
1420 2313 10 
1421 6827 10 
1422 117 10 
1423 5916 10 
1424 948 10 
1425 8402 10 
1426 7860 10 
1427 2073 10 
1428 6720 10 
1429 9273 10 
1430 9458 10 
1431 9632 10 
1432 5713 10 
1433 6455 10 
1434 6917 10 
1435 7449 10 
1436 2800 10 
1437 8271 10 
1438 2372 10 
1439 8151 10 
1440 5012 10 
1441 6562 10 
1442 5930 10 
1443 1109 10 
1444 8125 10 
1445 8238 10 
1446 5353 10 
1447 9054 10 
1448 8325 10 
1449 59 10 
1450 778 10 
1451 107 10 
1452 5616 10 
1453 2352 10 
1454 278 10 
1455 7024 10 
1456 2484 10 
1457 2540 10 
1458 204 10 
1459 6688 10 
1460 2451 10 
1461 5995 10 
1462 5301 10 
1463 89 10 
1464 8311 10 
1465 5716 10 
1466 557 10 
1467 5533 10 
1468 243 10 
1469 7333 10 
1470 105 10 
1471 9030 10 
1472 2124 10 
1473 8645 10 
1474 2091 10 
1475 968 10 
1476 7360 10 
1477 8530 10 
1478 6291 10 
1479 5880 10 
1480 6803 10 
1481 7133 10 
1482 6924 10 
1483 6397 10 
1484 5445 10 
1485 5447 10 
1486 553 10 
1487 6521 10 
1488 5851 10 
1489 7978 10 
1490 6757 10 
1491 2427 10 
1492 8023 10 
1493 9134 10 
1494 8481 10 
1495 9297 10 
1496 5881 10 
1497 171 10 
1498 6134 10 
1499 6472 10 
1500 2358 10 
1501 2084 10 
1502 599 10 
1503 8952 10 
1504 6371 10 
1505 7204 10 
1506 6067 10 
1507 8644 10 
1508 6434 10 
1509 9393 10 
1510 8568 10 
1511 6894 10 
1512 7769 10 
1513 9634 10 
1514 6788 10 
1515 8957 10 
1516 7808 10 
1517 8130 10 
1518 9074 10 
1519 2364 10 
1520 6491 10 
1521 5124 10 
1522 8492 10 
1523 5186 10 
1524 7394 10 
1525 5389 10 
1526 6760 10 
1527 8463 10 
1528 8650 10 
1529 8697 10 
1530 8360 10 
1531 25 10 
1532 6402 10 
1533 7588 10 
1534 6556 10 
1535 5462 10 
1536 5384 10 
1537 2309 10 
1538 9613 10 
1539 7196 10 
1540 9108 10 
1541 5621 10 
1542 2501 10 
1543 6619 10 
1544 128 10 
1545 7968 10 
1546 20 10 
1547 6515 10 
1548 5905 10 
1549 5126 10 
1550 6463 10 
1551 8243 10 
1552 552 10 
1553 6727 10 
1554 5408 10 
1555 9582 10 
1556 5613 10 
1557 8944 10 
1558 399 10 
1559 9498 10 
1560 5403 10 
1561 8155 10 
1562 511 10 
1563 9162 10 
1564 8816 10 
1565 2754 10 
1566 9257 10 
1567 5573 10 
1568 8580 10 
1569 2265 10 
1570 2714 10 
1571 418 10 
1572 8380 10 
1573 6677 10 
1574 252 10 
1575 8354 10 
1576 2476 10 
1577 8278 10 
1578 9489 10 
1579 8286 10 
1580 1984 10 
1581 5318 10 
1582 2125 10 
1583 9349 10 
1584 7141 10 
1585 7983 10 
1586 8181 10 
1587 7282 10 
1588 6682 10 
1589 9361 10 
1590 5758 10 
1591 5904 10 
1592 244 10 
1593 184 10 
1594 6338 10 
1595 101 10 
1596 5737 10 
1597 6539 10 
1598 5151 10 
1599 728 10 
1600 6786 10 
1601 229 10 
1602 8819 10 
1603 5503 10 
1604 6872 10 
1605 6553 10 
1606 9593 10 
1607 6772 10 
1608 5347 10 
1609 2405 10 
1610 2134 10 
1611 113 10 
1612 7591 10 
1613 7704 10 
1614 6623 10 
1615 6680 10 
1616 5847 10 
1617 2220 10 
1618 5962 10 
1619 764 10 
1620 776 10 
1621 163 10 
1622 376 10 
1623 2858 10 
1624 9350 10 
1625 8026 10 
1626 8129 10 
1627 8162 10 
1628 5964 10 
1629 749 10 
1630 6953 10 
1631 170 10 
1632 9416 10 
1633 723 10 
1634 2283 10 
1635 9278 10 
1636 6108 10 
1637 9380 10 
1638 8904 10 
1639 8010 10 
1640 8133 10 
1641 9042 10 
1642 7905 10 
1643 6929 10 
1644 9299 10 
1645 7271 10 
1646 986 10 
1647 9132 10 
1648 7785 10 
1649 131 10 
1650 2457 10 
1651 6300 10 
1652 9284 10 
1653 2647 10 
1654 5514 10 
1655 489 10 
1656 5260 10 
1657 8969 10 
1658 321 10 
1659 9037 10 
1660 6443 10 
1661 2738 10 
1662 7224 10 
1663 5874 10 
1664 8988 10 
1665 6279 10 
1666 107 10 
1667 5123 10 
1668 646 10 
1669 2611 10 
1670 5576 10 
1671 9442 10 
1672 265 10 
1673 1000 10 
1674 2883 10 
1675 7731 10 
1676 2810 10 
1677 7181 10 
1678 723 10 
1679 8173 10 
1680 6724 10 
1681 5170 10 
1682 8762 10 
1683 309 10 
1684 5606 10 
1685 9313 10 
1686 8439 10 
1687 8577 10 
1688 6747 10 
1689 5084 10 
1690 9310 10 
1691 8257 10 
1692 145 10 
1693 6498 10 
1694 8399 10 
1695 8574 10 
1696 2368 10 
1697 6147 10 
1698 8548 10 
1699 2503 10 
1700 6473 10 
1701 7919 10 
1702 736 10 
1703 4994 10 
1704 22 10 
1705 7051 10 
1706 9604 10 
1707 8206 10 
1708 8253 10 
1709 2609 10 
1710 8420 10 
1711 12 10 
1712 179 10 
1713 646 10 
1714 5945 10 
1715 5954 10 
1716 2734 10 
1717 7021 10 
1718 7165 10 
1719 7992 10 
1720 557 10 
1721 5201 10 
1722 8621 10 
1723 265 10 
1724 6572 10 
1725 776 10 
1726 7459 10 
1727 6564 10 
1728 102 10 
1729 739 10 
1730 2943 10 
1731 7295 10 
1732 6252 10 
1733 2544 10 
1734 6957 10 
1735 7155 10 
1736 77 10 
1737 9150 10 
1738 6898 10 
1739 7099 10 
1740 8214 10 
1741 8279 10 
1742 8183 10 
1743 8896 10 
1744 9614 10 
1745 171 10 
1746 6811 10 
1747 6308 10 
1748 6587 10 
1749 362 10 
1750 1977 10 
1751 255 10 
1752 8 10 
1753 8929 10 
1754 2398 10 
1755 76 10 
1756 8049 10 
1757 5486 10 
1758 8906 10 
1759 9097 10 
1760 8631 10 
1761 8408 10 
1762 7733 10 
1763 2471 10 
1764 5572 10 
1765 6489 10 
1766 2344 10 
1767 5067 10 
1768 132 10 
1769 701 10 
1770 8262 10 
1771 71 10 
1772 9208 10 
1773 222 10 
1774 9018 10 
1775 9146 10 
1776 635 10 
1777 5261 10 
1778 6590 10 
1779 8416 10 
1780 9172 10 
1781 8292 10 
1782 8096 10 
1783 8387 10 
1784 2656 10 
1785 5360 10 
1786 208 10 
1787 2173 10 
1788 8390 10 
1789 8820 10 
1790 19 10 
1791 8270 10 
1792 466 10 
1793 5420 10 
1794 9436 10 
1795 5658 10 
1796 6843 10 
1797 2633 10 
1798 600 10 
1799 6330 10 
1800 8001 10 
1801 7253 10 
1802 100 10 
1803 9528 10 
1804 5378 10 
1805 9279 10 
1806 9732 10 
1807 67 10 
1808 5496 10 
1809 2459 10 
1810 223 10 
1811 7830 10 
1812 5250 10 
1813 8337 10 
1814 6602 10 
1815 8440 10 
1816 5442 10 
1817 9560 10 
1818 6188 10 
1819 9584 10 
1820 6355 10 
1821 5459 10 
1822 5783 10 
1823 829 10 
1824 2776 10 
1825 92 10 
1826 6241 10 
1827 6620 10 
1828 5595 10 
1829 6146 10 
1830 6232 10 
1831 6207 10 
1832 6834 10 
1833 105 10 
1834 8022 10 
1835 113 10 
1836 74 10 
1837 8250 10 
1838 5312 10 
1839 504 10 
1840 8349 10 
1841 8468 10 
1842 9154 10 
1843 7505 10 
1844 7497 10 
1845 5934 10 
1846 8143 10 
1847 4965 10 
1848 6704 10 
1849 8505 10 
1850 8753 10 
1851 236 10 
1852 7593 10 
1853 7750 10 
1854 5120 10 
1855 6462 10 
1856 5641 10 
1857 8147 10 
1858 9391 10 
1859 6902 10 
1860 102 10 
1861 5353 10 
1862 581 10 
1863 8974 10 
1864 5208 10 
1865 8637 10 
1866 8518 10 
1867 6453 10 
1868 6937 10 
1869 7077 10 
1870 646 10 
1871 9471 10 
1872 6855 10 
1873 2244 10 
1874 6608 10 
1875 5626 10 
1876 6538 10 
1877 9424 10 
1878 5199 10 
1879 635 10 
1880 5205 10 
1881 123 10 
1882 2164 10 
1883 6825 10 
1884 5308 10 
1885 6662 10 
1886 8562 10 
1887 6060 10 
1888 723 10 
1889 5632 10 
1890 8545 10 
1891 8120 10 
1892 7888 10 
1893 57 10 
1894 6488 10 
1895 389 10 
1896 7643 10 
1897 179 10 
1898 659 10 
1899 701 10 
1900 8200 10 
1901 2039 10 
1902 89 10 
1903 5423 10 
1904 143 10 
1905 8564 10 
1906 6665 10 
1907 6459 10 
1908 426 10 
1909 8790 10 
1910 131 10 
1911 57 10 
1912 8550 10 
1913 2339 10 
1914 8987 10 
1915 7264 10 
1916 6079 10 
1917 2197 10 
1918 8999 10 
1919 5846 10 
1920 8635 10 
1921 243 10 
1922 659 10 
1923 7010 10 
1924 2884 10 
1925 6835 10 
1926 2073 10 
1927 8578 10 
1928 2800 10 
1929 252 10 
1930 7177 10 
1931 7963 10 
1932 376 10 
1933 7257 10 
1934 6089 10 
1935 8594 10 
1936 9370 10 
1937 244 10 
1938 14 10 
1939 6547 10 
1940 9254 10 
1941 6616 10 
1942 5203 10 
1943 5829 10 
1944 313 10 
1945 138 10 
1946 545 10 
1947 9727 10 
1948 6044 10 
1949 9378 10 
1950 4987 10 
1951 5891 10 
1952 6387 10 
1953 326 10 
1954 8205 10 
1955 9577 10 
1956 581 10 
1957 5807 10 
1958 9545 10 
1959 7234 10 
1960 222 10 
1961 8968 10 
1962 8062 10 
1963 6109 10 
1964 551 10 
1965 8301 10 
1966 6697 10 
1967 9516 10 
1968 5603 10 
1969 9354 10 
1970 8139 10 
1971 684 10 
1972 1109 10 
1973 9670 10 
1974 8905 10 
1975 9165 10 
1976 6841 10 
1977 5695 10 
1978 5320 10 
1979 6035 10 
1980 5567 10 
1981 5389 10 
1982 9093 10 
1983 171 10 
1984 7823 10 
1985 8419 10 
1986 6517 10 
1987 195 10 
1988 6865 10 
1989 8734 10 
1990 2352 10 
1991 9767 10 
1992 463 10 
1993 5129 10 
1994 5713 10 
1995 2782 10 
1996 6632 10 
1997 7836 10 
1998 9448 10 
1999 9487 10 
2000 8925 10 
2001 8515 10 
2002 8480 10 
2003 5988 10 
2004 20 10 
2005 5972 10 
2006 6625 10 
2007 5312 10 
2008 5762 10 
2009 6535 10 
2010 6730 10 
2011 5544 10 
2012 2540 10 
2013 600 10 
2014 5445 10 
2015 2451 10 
2016 5533 10 
2017 8401 10 
2018 8434 10 
2019 6862 10 
2020 648 10 
2021 7871 10 
2022 628 10 
2023 5965 10 
2024 57 10 
2025 5447 10 
2026 6003 10 
2027 194 10 
2028 9571 10 
2029 5716 10 
2030 278 10 
2031 6552 10 
2032 7046 10 
2033 5857 10 
2034 77 10 
2035 9462 10 
2036 6839 10 
2037 557 10 
2038 6762 10 
2039 553 10 
2040 2632 10 
2041 6888 10 
2042 8259 10 
2043 141 10 
2044 5627 10 
2045 552 10 
2046 7522 10 
2047 7189 10 
2048 2124 10 
2049 245 10 
2050 5853 10 
2051 5217 10 
2052 5462 10 
2053 6518 10 
2054 5749 10 
2055 5899 10 
2056 5737 10 
2057 7329 10 
2058 8302 10 
2059 179 10 
2060 5503 10 
2061 236 10 
2062 5514 10 
2063 76 10 
2064 551 10 
2065 5995 10 
2066 5880 10 
2067 5384 10 
2068 399 10 
2069 172 10 
2070 8683 10 
2071 9251 10 
2072 7882 10 
2073 95 10 
2074 9618 10 
2075 6873 10 
2076 5093 10 
2077 8198 10 
2078 5970 10 
2079 5333 10 
2080 71 10 
2081 6827 10 
2082 5933 10 
2083 67 10 
2084 8407 10 
2085 9504 10 
2086 8414 10 
2087 5228 10 
2088 8590 10 
2089 348 10 
2090 6083 10 
2091 9055 10 
2092 6503 10 
2093 7216 10 
2094 7312 10 
2095 6134 10 
2096 7292 10 
2097 8724 10 
2098 869 10 
2099 5408 10 
2100 8395 10 
2101 9478 10 
2102 7804 10 
2103 5881 10 
2104 8418 10 
2105 9142 10 
2106 5606 10 
2107 2302 10 
2108 6424 10 
2109 143 10 
2110 7055 10 
2111 6981 10 
2112 7246 10 
2113 8176 10 
2114 8039 10 
2115 150 10 
2116 8078 10 
2117 2091 10 
2118 5783 10 
2119 8182 10 
2120 2427 10 
2121 255 10 
2122 2084 10 
2123 6576 10 
2124 150 10 
2125 5905 10 
2126 5572 10 
2127 8281 10 
2128 8429 10 
2129 7431 10 
2130 8110 10 
2131 9235 10 
2132 2358 10 
2133 5658 10 
2134 9657 10 
2135 8203 10 
2136 4997 10 
2137 7376 10 
2138 7561 10 
2139 491 10 
2140 314 10 
2141 313 10 
2142 6455 10 
2143 8524 10 
2144 489 10 
2145 5962 10 
2146 14 10 
2147 8266 10 
2148 5632 10 
2149 9632 10 
2150 6300 10 
2151 6397 10 
2152 7012 10 
2153 7202 10 
2154 6917 10 
2155 109 10 
2156 4895 10 
2157 8602 10 
2158 8402 10 
2159 7874 10 
2160 7847 10 
2161 326 10 
2162 6714 10 
2163 6521 10 
2164 7616 10 
2165 9347 10 
2166 6782 10 
2167 5291 10 
2168 8305 10 
2169 2310 10 
2170 6434 10 
2171 9396 10 
2172 6803 10 
2173 5603 10 
2174 5201 10 
2175 8645 10 
2176 1012 10 
2177 809 10 
2178 7797 10 
2179 6757 10 
2180 7006 10 
2181 6472 10 
2182 5208 10 
2183 521 10 
2184 5964 10 
2185 2429 10 
2186 7860 10 
2187 9054 10 
2188 7449 10 
2189 7360 10 
2190 7792 10 
2191 545 10 
2192 7133 10 
2193 2364 10 
2194 9411 10 
2195 6556 10 
2196 9273 10 
2197 8314 10 
2198 9458 10 
2199 532 10 
2200 9030 10 
2201 5159 10 
2202 8696 10 
2203 141 10 
2204 7462 10 
2205 7204 10 
2206 8530 10 
2207 5486 10 
2208 2695 10 
2209 6515 10 
2210 92 10 
2211 2309 10 
2212 89 10 
2213 9682 10 
2214 8168 10 
2215 552 10 
2216 7769 10 
2217 684 10 
2218 7025 10 
2219 6679 10 
2220 5945 10 
2221 8030 10 
2222 5773 10 
2223 7394 10 
2224 9297 10 
2225 8665 10 
2226 243 10 
2227 6402 10 
2228 8207 10 
2229 8 10 
2230 5954 10 
2231 823 10 
2232 629 10 
2233 5496 10 
2234 2265 10 
2235 7288 10 
2236 105 10 
2237 6760 10 
2238 5095 10 
2239 6677 10 
2240 5829 10 
2241 581 10 
2242 8369 10 
2243 1984 10 
2244 195 10 
2245 6786 10 
2246 9134 10 
2247 5695 10 
2248 5907 10 
2249 5846 10 
2250 1185 10 
2251 9393 10 
2252 9634 10 
2253 8 10 
2254 6539 10 
2255 8271 10 
2256 2476 10 
2257 9495 10 
2258 6623 10 
2259 7196 10 
2260 6108 10 
2261 6079 10 
2262 8731 10 
2263 320 10 
2264 524 10 
2265 9674 10 
2266 5420 10 
2267 9613 10 
2268 2416 10 
2269 7141 10 
2270 6252 10 
2271 8140 10 
2272 6091 10 
2273 6872 10 
2274 8492 10 
2275 6953 10 
2276 7808 10 
2277 6929 10 
2278 7588 10 
2279 5891 10 
2280 6011 10 
2281 5972 10 
2282 7271 10 
2283 6274 10 
2284 6553 10 
2285 5732 10 
2286 39 10 
2287 5403 10 
2288 5249 10 
2289 113 10 
2290 8568 10 
2291 5762 10 
2292 5137 10 
2293 138 10 
2294 6565 10 
2295 8680 10 
2296 6534 10 
2297 6747 10 
2298 6443 10 
2299 8216 10 
2300 5378 10 
2301 8927 10 
2302 8957 10 
2303 2125 10 
2304 8109 10 
2305 7477 10 
2306 6473 10 
2307 39 10 
2308 9318 10 
2309 9582 10 
2310 5436 10 
2311 7017 10 
2312 8101 10 
2313 7224 10 
2314 8459 10 
2315 7989 10 
2316 19 10 
2317 7591 10 
2318 8238 10 
2319 6241 10 
2320 5442 10 
2321 5347 10 
2322 6352 10 
2323 2405 10 
2324 132 10 
2325 6146 10 
2326 6378 10 
2327 6532 10 
2328 9074 10 
2329 6097 10 
2330 6882 10 
2331 6489 10 
2332 8944 10 
2333 6308 10 
2334 9257 10 
2335 6089 10 
2336 244 10 
2337 561 10 
2338 7488 10 
2339 7022 10 
2340 2858 10 
2341 7455 10 
2342 2220 10 
2343 348 10 
2344 6044 10 
2345 8125 10 
2346 6109 10 
2347 9329 10 
2348 6751 10 
2349 8697 10 
2350 5343 10 
2351 484 10 
2352 7704 10 
2353 7785 10 
2354 5853 10 
2355 968 10 
2356 8134 10 
2357 6232 10 
2358 8311 10 
2359 5459 10 
2360 5988 10 
2361 5567 10 
2362 7181 10 
2363 8031 10 
2364 7051 10 
2365 873 10 
2366 5205 10 
2367 8628 10 
2368 5261 10 
2369 6590 10 
2370 8380 10 
2371 5510 10 
2372 8935 10 
2373 9663 10 
2374 5445 10 
2375 2283 10 
2376 6383 10 
2377 9706 10 
2378 28 10 
2379 8816 10 
2380 2457 10 
2381 5447 10 
2382 8077 10 
2383 39 10 
2384 7809 10 
2385 6330 10 
2386 9578 10 
2387 8278 10 
2388 9117 10 
2389 132 10 
2390 7983 10 
2391 749 10 
2392 7021 10 
2393 8377 10 
2394 784 10 
2395 6355 10 
2396 6923 10 
2397 36 10 
2398 6474 10 
2399 9158 10 
2400 7165 10 
2401 6957 10 
2402 8627 10 
2403 123 10 
2404 6902 10 
2405 8181 10 
2406 8729 10 
2407 4940 10 
2408 6003 10 
2409 7161 10 
2410 5544 10 
2411 8026 10 
2412 7891 10 
2413 8299 10 
2414 8155 10 
2415 8162 10 
2416 6620 10 
2417 7099 10 
2418 7381 10 
2419 7459 10 
2420 6400 10 
2421 5533 10 
2422 6259 10 
2423 5120 10 
2424 6980 10 
2425 5353 10 
2426 5857 10 
2427 222 10 
2428 6114 10 
2429 2833 10 
2430 6704 10 
2431 8819 10 
2432 6548 10 
2433 6608 10 
2434 6038 10 
2435 6012 10 
2436 5334 10 
2437 5335 10 
2438 8133 10 
2439 7905 10 
2440 245 10 
2441 2478 10 
2442 25 10 
2443 5537 10 
2444 6773 10 
2445 9630 10 
2446 2738 10 
2447 102 10 
2448 9380 10 
2449 385 10 
2450 6937 10 
2451 5899 10 
2452 7077 10 
2453 5872 10 
2454 28 10 
2455 7992 10 
2456 5970 10 
2457 9118 10 
2458 8439 10 
2459 80 10 
2460 9132 10 
2461 7505 10 
2462 5627 10 
2463 5749 10 
2464 314 10 
2465 7479 10 
2466 5044 10 
2467 8988 10 
2468 7969 10 
2469 131 10 
2470 8577 10 
2471 6256 10 
2472 2611 10 
2473 6053 10 
2474 8257 10 
2475 2207 10 
2476 8762 10 
2477 8224 10 
2478 711 10 
2479 8574 10 
2480 2883 10 
2481 8648 10 
2482 6130 10 
2483 959 10 
2484 9284 10 
2485 5834 10 
2486 5308 10 
2487 5933 10 
2488 9442 10 
2489 8399 10 
2490 2626 10 
2491 5737 10 
2492 8548 10 
2493 8173 10 
2494 9145 10 
2495 278 10 
2496 684 10 
2497 214 10 
2498 8253 10 
2499 123 10 
2500 418 10 
2501 8929 10 
2502 319 10 
2503 6387 10 
2504 9624 10 
2505 701 10 
2506 5012 10 
2507 152 10 
2508 8235 10 
2509 30 10 
2510 5303 10 
2511 6805 10 
2512 8896 10 
2513 7253 10 
2514 5987 10 
2515 9604 10 
2516 8517 10 
2517 9097 10 
2518 387 10 
2519 6514 10 
2520 7593 10 
2521 6271 10 
2522 6825 10 
2523 6447 10 
2524 154 10 
2525 7264 10 
2526 9705 10 
2527 7919 10 
2528 8420 10 
2529 491 10 
2530 6488 10 
2531 109 10 
2532 9310 10 
2533 6462 10 
2534 8214 10 
2535 6665 10 
2536 2810 10 
2537 7079 10 
2538 8279 10 
2539 6083 10 
2540 7750 10 
2541 5498 10 
2542 5503 10 
2543 6435 10 
2544 8058 10 
2545 8096 10 
2546 9614 10 
2547 7830 10 
2548 5333 10 
2549 5568 10 
2550 8410 10 
2551 8408 10 
2552 9240 10 
2553 7823 10 
2554 2368 10 
2555 8592 10 
2556 5431 10 
2557 5747 10 
2558 6692 10 
2559 5948 10 
2560 7963 10 
2561 8292 10 
2562 2503 10 
2563 6134 10 
2564 6547 10 
2565 6616 10 
2566 5572 10 
2567 7257 10 
2568 9018 10 
2569 6865 10 
2570 7234 10 
2571 8218 10 
2572 9208 10 
2573 2609 10 
2574 6517 10 
2575 5384 10 
2576 8147 10 
2577 6636 10 
2578 7837 10 
2579 1999 10 
2580 736 10 
2581 5895 10 
2582 8001 10 
2583 7107 10 
2584 6841 10 
2585 9146 10 
2586 5875 10 
2587 6730 10 
2588 5250 10 
2589 5710 10 
2590 6472 10 
2591 6862 10 
2592 19 10 
2593 2734 10 
2594 5805 10 
2595 6839 10 
2596 6854 10 
2597 6535 10 
2598 6762 10 
2599 2943 10 
2600 8390 10 
2601 133 10 
2602 967 10 
2603 6503 10 
2604 5486 10 
2605 6104 10 
2606 8183 10 
2607 1977 10 
2608 776 10 
2609 2936 10 
2610 7888 10 
2611 2471 10 
2612 584 10 
2613 2319 10 
2614 8820 10 
2615 7836 10 
2616 8440 10 
2617 5723 10 
2618 8468 10 
2619 8337 10 
2620 9541 10 
2621 9436 10 
2622 5496 10 
2623 986 10 
2624 6071 10 
2625 95 10 
2626 6352 10 
2627 5032 10 
2628 7871 10 
2629 9560 10 
2630 28 10 
2631 7046 10 
2632 2173 10 
2633 9654 10 
2634 739 10 
2635 8120 10 
2636 8349 10 
2637 5477 10 
2638 8637 10 
2639 1985 10 
2640 8545 10 
2641 5196 10 
2642 6655 10 
2643 8022 10 
2644 8974 10 
2645 805 10 
2646 2459 10 
2647 9222 10 
2648 2776 10 
2649 5420 10 
2650 6806 10 
2651 7312 10 
2652 6576 10 
2653 6888 10 
2654 8250 10 
2655 9432 10 
2656 143 10 
2657 7882 10 
2658 9254 10 
2659 2449 10 
2660 439 10 
2661 5378 10 
2662 9584 10 
2663 5964 10 
2664 6546 10 
2665 5697 10 
2666 8254 10 
2667 5123 10 
2668 7292 10 
2669 1976 10 
2670 5684 10 
2671 7189 10 
2672 2688 10 
2673 2244 10 
2674 2164 10 
2675 7538 10 
2676 376 10 
2677 362 10 
2678 1000 10 
2679 7804 10 
2680 5907 10 
2681 809 10 
2682 2039 10 
2683 8009 10 
2684 6274 10 
2685 521 10 
2686 9471 10 
2687 955 10 
2688 9727 10 
2689 6827 10 
2690 6434 10 
2691 7616 10 
2692 8726 10 
2693 5146 10 
2694 7597 10 
2695 5233 10 
2696 9391 10 
2697 6146 10 
2698 5124 10 
2699 6223 10 
2700 8999 10 
2701 6485 10 
2702 6521 10 
2703 8200 10 
2704 8564 10 
2705 5606 10 
2706 7203 10 
2707 5658 10 
2708 6714 10 
2709 9545 10 
2710 2016 10 
2711 6782 10 
2712 8062 10 
2713 7692 10 
2714 4987 10 
2715 5808 10 
2716 6402 10 
2717 236 10 
2718 5072 10 
2719 6873 10 
2720 7874 10 
2721 7012 10 
2722 8550 10 
2723 9376 10 
2724 194 10 
2725 8518 10 
2726 5773 10 
2727 8362 10 
2728 6770 10 
2729 9402 10 
2730 9370 10 
2731 2339 10 
2732 2197 10 
2733 9378 10 
2734 4994 10 
2735 2884 10 
2736 30 10 
2737 882 10 
2738 7431 10 
2739 8987 10 
2740 8578 10 
2741 8301 10 
2742 6252 10 
2743 432 10 
2744 5693 10 
2745 9360 10 
2746 8968 10 
2747 6091 10 
2748 9571 10 
2749 604 10 
2750 6137 10 
2751 7388 10 
2752 6378 10 
2753 313 10 
2754 8205 10 
2755 9165 10 
2756 5217 10 
2757 257 10 
2758 6917 10 
2759 9511 10 
2760 5347 10 
2761 9487 10 
2762 8594 10 
2763 7000 10 
2764 8864 10 
2765 2353 10 
2766 7884 10 
2767 6284 10 
2768 5846 10 
2769 9093 10 
2770 5044 10 
2771 9315 10 
2772 5436 10 
2773 1968 10 
2774 6097 10 
2775 2891 10 
2776 342 10 
2777 6515 10 
2778 293 10 
2779 5829 10 
2780 6803 10 
2781 6259 10 
2782 6679 10 
2783 6443 10 
2784 449 10 
2785 8366 10 
2786 9618 10 
2787 8734 10 
2788 9215 10 
2789 245 10 
2790 7797 10 
2791 6534 10 
2792 11 10 
2793 342 10 
2794 5202 10 
2795 6044 10 
2796 8139 10 
2797 9749 10 
2798 7860 10 
2799 6011 10 
2800 342 10 
2801 9448 10 
2802 5334 10 
2803 5603 10 
2804 1109 10 
2805 9713 10 
2806 8905 10 
2807 8198 10 
2808 8024 10 
2809 9523 10 
2810 6557 10 
2811 7006 10 
2812 67 10 
2813 7202 10 
2814 7018 10 
2815 5451 10 
2816 5732 10 
2817 6693 10 
2818 8401 10 
2819 5567 10 
2820 2352 10 
2821 8031 10 
2822 6421 10 
2823 9478 10 
2824 6776 10 
2825 909 10 
2826 320 10 
2827 5988 10 
2828 8982 10 
2829 24 10 
2830 8372 10 
2831 7054 10 
2832 8434 10 
2833 7769 10 
2834 5153 10 
2835 8259 10 
2836 6408 10 
2837 9289 10 
2838 5510 10 
2839 6109 10 
2840 9373 10 
2841 8683 10 
2842 8467 10 
2843 7025 10 
2844 5056 10 
2845 7068 10 
2846 9251 10 
2847 9334 10 
2848 2396 10 
2849 8407 10 
2850 5972 10 
2851 7057 10 
2852 9396 10 
2853 7360 10 
2854 8590 10 
2855 30 10 
2856 6009 10 
2857 426 10 
2858 7462 10 
2859 2279 10 
2860 559 10 
2861 6872 10 
2862 9632 10 
2863 6468 10 
2864 4997 10 
2865 6633 10 
2866 7141 10 
2867 22 10 
2868 36 10 
2869 7394 10 
2870 8432 10 
2871 7792 10 
2872 8395 10 
2873 9657 10 
2874 9235 10 
2875 2782 10 
2876 6383 10 
2877 823 10 
2878 8712 10 
2879 9347 10 
2880 130 10 
2881 11 10 
2882 7989 10 
2883 6489 10 
2884 2540 10 
2885 8176 10 
2886 9273 10 
2887 6114 10 
2888 22 10 
2889 9458 10 
2890 2892 10 
2891 8418 10 
2892 95 10 
2893 440 10 
2894 5853 10 
2895 2632 10 
2896 6929 10 
2897 6565 10 
2898 6604 10 
2899 2124 10 
2900 877 10 
2901 5801 10 
2902 8089 10 
2903 9253 10 
2904 8305 10 
2905 1012 10 
2906 369 10 
2907 5791 10 
2908 2410 10 
2909 7288 10 
2910 7017 10 
2911 711 10 
2912 6038 10 
2913 6012 10 
2914 7808 10 
2915 6747 10 
2916 6256 10 
2917 5459 10 
2918 2302 10 
2919 6853 10 
2920 6400 10 
2921 5899 10 
2922 9659 10 
2923 92 10 
2924 6696 10 
2925 869 10 
2926 9035 10 
2927 5343 10 
2928 7809 10 
2929 5722 10 
2930 5544 10 
2931 81 10 
2932 6532 10 
2933 6271 10 
2934 4965 10 
2935 8431 10 
2936 5970 10 
2937 8602 10 
2938 6379 10 
2939 8402 10 
2940 9682 10 
2941 9348 10 
2942 6858 10 
2943 600 10 
2944 9674 10 
2945 6882 10 
2946 5508 10 
2947 6733 10 
2948 8106 10 
2949 45 10 
2950 5618 10 
2951 7128 10 
2952 8107 10 
2953 8078 10 
2954 8659 10 
2955 26 10 
2956 2091 10 
2957 9297 10 
2958 8223 10 
2959 8662 10 
2960 614 10 
2961 7224 10 
2962 7022 10 
2963 8207 10 
2964 5872 10 
2965 545 10 
2966 71 10 
2967 3027 10 
2968 7588 10 
2969 7181 10 
2970 5749 10 
2971 8110 10 
2972 5739 10 
2973 1889 10 
2974 8035 10 
2975 5288 10 
2976 8917 10 
2977 8530 10 
2978 8665 10 
2979 7508 10 
2980 5126 10 
2981 8140 10 
2982 36 10 
2983 5399 10 
2984 1176 10 
2985 8369 10 
2986 1952 10 
2987 6053 10 
2988 8101 10 
2989 7051 10 
2990 9675 10 
2991 6751 10 
2992 5196 10 
2993 8568 10 
2994 5933 10 
2995 7021 10 
2996 8927 10 
2997 5383 10 
2998 138 10 
2999 653 10 
3000 8731 10 
