200
100 2973 10 
128 2954 10 
129 3003 10 
130 4516 10 
131 2943 10 
132 220 10 
133 2955 10 
134 2876 10 
135 2881 10 
136 2874 10 
137 15 10 
138 1171 10 
139 4625 10 
140 2973 10 
141 4553 10 
142 2970 10 
143 2956 10 
144 2983 10 
145 2962 10 
146 3103 10 
147 3104 10 
148 3078 10 
127 3030 10 
149 2964 10 
126 4536 10 
124 2883 10 
103 1107 10 
104 1364 10 
105 2787 10 
106 2910 10 
107 2699 10 
108 2954 10 
109 2891 10 
110 3070 10 
111 4557 10 
112 17 10 
113 4641 10 
114 4454 10 
115 4479 10 
116 4519 10 
117 2858 10 
118 4577 10 
119 4665 10 
120 3164 10 
121 3003 10 
122 144 10 
123 1297 10 
125 2808 10 
102 2993 10 
150 3020 10 
152 4697 10 
178 2966 10 
179 4574 10 
180 4525 10 
181 1186 10 
182 2555 10 
183 1282 10 
184 76 10 
185 4338 10 
186 1245 10 
187 2576 10 
188 3170 10 
189 2943 10 
190 1221 10 
191 65 10 
192 4600 10 
193 2876 10 
194 4508 10 
195 168 10 
196 2955 10 
197 2947 10 
198 2982 10 
177 2881 10 
151 2874 10 
176 3140 10 
174 4618 10 
153 4305 10 
154 196 10 
155 1041 10 
156 4503 10 
157 86 10 
158 2859 10 
159 251 10 
160 4516 10 
161 4483 10 
162 2721 10 
163 2873 10 
164 2852 10 
165 2973 10 
166 4572 10 
167 1193 10 
168 111 10 
169 2960 10 
170 3231 10 
171 3085 10 
172 2970 10 
173 265 10 
175 4527 10 
101 1342 10 
200 5 10 
99 2830 10 
67 179 10 
66 4609 10 
65 2997 10 
64 4625 10 
63 4537 10 
62 3120 10 
61 4553 10 
60 4576 10 
59 995 10 
58 2956 10 
57 20 10 
56 2936 10 
55 2924 10 
54 4635 10 
53 1163 10 
52 4465 10 
51 1075 10 
199 45 10 
49 2853 10 
48 4536 10 
47 365 10 
46 4512 10 
45 3124 10 
44 3103 10 
43 3104 10 
42 2983 10 
41 3078 10 
68 4374 10 
69 4335 10 
50 3071 10 
71 4639 10 
70 2753 10 
98 2813 10 
97 3030 10 
96 2975 10 
95 2962 10 
94 2935 10 
93 4557 10 
91 256 10 
90 2883 10 
89 2932 10 
88 3016 10 
87 3177 10 
86 4711 10 
92 154 10 
84 4454 10 
83 2964 10 
82 2737 10 
81 141 10 
80 2910 10 
79 4570 10 
72 2867 10 
78 3111 10 
77 2954 10 
76 2930 10 
75 1326 10 
74 1271 10 
73 2891 10 
85 3106 10 
21 4479 19 
9 4641 40 4679 50 4665 40 4697 2 
29 4769 50 4618 40 4620 45 
19 4152 50 4017 50 4183 50 4091 12 
17 4593 50 4577 40 4574 40 4600 38 
11 4519 40 4525 40 4518 50 4528 50 4508 6 
8 4228 50 4270 50 4240 50 4226 50 4268 16 
3 4395 50 4426 50 4397 50 4419 50 4338 31 
2 4473 50 4602 50 4595 50 4599 50 4477 39 
28 3076 50 3127 50 3070 40 2871 50 3075 50 2878 21 
14 4614 50 4700 50 4697 38 4666 50 4634 50 4503 40 4552 14 
6 4326 50 4293 50 4294 50 4346 50 4305 40 4298 50 4325 42 
10 4751 50 4659 50 4550 50 4587 50 4430 50 4605 50 4678 50 4516 30 4453 47 
15 4597 50 4626 50 4572 40 4580 50 4417 50 4451 50 4440 50 4562 50 4483 40 4609 40 4625 30 4527 12 
35 3142 50 3164 40 2985 50 2974 50 3148 50 3014 50 3009 50 2959 50 3003 30 2993 40 2882 50 2854 7 
1 3020 40 2911 50 2966 40 3046 50 3132 50 2941 50 2980 50 2940 50 2905 50 3008 50 3182 42 
31 395 50 339 50 459 50 397 50 544 50 340 50 327 50 378 50 359 50 344 50 475 50 990 10 
23 4377 50 4539 50 4584 50 4553 30 4537 40 4564 50 4482 50 4449 50 4499 50 4423 50 4576 40 4585 50 4635 40 4439 35 
16 1115 50 1330 50 1287 50 1025 50 1294 50 1154 50 1201 50 1215 50 1003 50 1231 50 1044 50 1094 50 1187 50 1273 50 1004 50 1147 50 1247 50 1327 50 1179 43 
12 4475 50 4465 40 4401 50 4433 50 4371 50 4608 50 4460 50 4533 50 4536 30 4639 40 4512 40 4418 50 4478 50 4352 50 3648 50 4339 50 4421 50 4535 50 4487 50 3636 50 4557 14 
7 3042 50 3261 50 2858 40 3170 40 3135 50 3044 50 2787 40 3017 50 3024 50 2943 30 3039 50 3213 50 3154 50 3258 50 2876 30 2955 30 2991 50 2894 50 2947 40 3153 50 3056 50 2982 40 2881 21 
37 3231 40 3281 50 4711 40 4598 50 3237 50 3223 50 4610 50 4468 50 3250 50 4393 50 4570 40 4389 50 4368 50 3265 50 4668 50 4624 50 4741 50 4784 50 4680 50 3518 50 3290 50 4422 39 
18 2886 50 3163 50 2874 30 3140 40 2859 40 2999 50 2873 40 3118 50 3059 50 2913 50 2797 50 3133 50 2892 50 2902 50 3082 50 3080 50 2852 40 2895 50 2960 40 3084 50 2890 50 3085 40 2970 30 2830 40 2953 21 
22 3169 50 2872 50 2997 40 3120 40 2862 50 3058 50 2956 30 2936 40 2924 40 2914 50 3027 50 2977 50 3196 50 3193 50 2719 50 3203 50 3156 50 2853 40 3124 40 3167 50 3103 30 3116 50 2978 50 3214 50 3197 23 
30 3104 30 2814 50 3220 50 2983 30 2995 50 2992 50 2828 50 2823 50 3198 50 2795 50 3078 30 3491 50 2740 50 3117 50 3071 40 3091 50 3030 30 3191 50 3089 50 3225 50 2971 50 3178 50 3334 50 2975 40 2854 43 2962 15 
27 292 50 1462 50 287 50 1420 50 1170 50 1412 50 1234 50 1423 50 1389 50 1172 50 1057 50 1190 50 1068 50 1280 50 1406 50 315 50 1151 50 1357 50 1348 50 1195 50 1426 50 1168 50 1171 40 1005 50 1136 10 
36 4508 34 4691 50 4794 50 4717 50 4374 40 4335 40 4367 50 4551 50 4705 50 4309 50 4410 50 4725 50 4651 50 4629 50 4776 50 4567 50 4543 50 2935 40 3208 50 4777 50 2932 40 4752 50 2868 50 4454 30 3094 50 2934 50 4677 50 4767 7 
32 4441 50 4586 50 4461 50 3397 50 4459 50 4592 50 4467 50 4307 50 4488 50 4304 50 4548 50 4388 50 4632 50 4481 50 4340 50 4474 50 3432 50 4396 50 4594 50 3341 50 3926 50 4429 50 4540 50 3529 50 3598 50 3347 50 4568 25 
39 2802 50 2754 50 3016 40 2885 50 2915 50 3239 50 3077 50 2909 50 3177 40 2800 50 2833 50 3066 50 2861 50 2964 30 2883 30 2939 50 2887 50 3283 50 2910 30 2749 50 3043 50 3111 40 3048 50 2867 40 2848 50 2903 50 2764 50 2930 40 2891 30 2921 50 3204 50 3123 50 2869 50 3106 21 
25 2808 40 2813 40 3160 50 2942 50 3251 50 2816 50 2933 50 3098 50 3136 50 3074 50 2948 50 3146 50 2825 50 2774 50 2741 50 2767 50 2824 50 3131 50 3222 50 3125 50 2952 50 3256 50 2880 50 3139 50 4042 50 2671 50 3021 50 2917 50 3031 50 3032 50 3294 50 3262 46 
5 3179 50 3576 50 2721 40 3023 50 3105 50 3338 50 3279 50 3200 50 3018 50 2994 50 3691 50 2857 50 2855 50 3248 50 3158 50 2729 50 2780 50 3588 50 3181 50 2841 50 3112 50 2879 50 2762 50 2790 50 2958 50 2732 50 2781 50 3310 50 3063 50 2938 50 3121 50 3101 50 3109 50 2926 50 2765 50 3343 50 3194 16 
34 4267 50 4531 50 4583 50 4292 50 4372 50 4522 50 4431 50 4513 50 4273 50 4381 50 4534 50 4330 50 4507 50 4313 50 4296 50 4458 50 4243 50 4282 50 4144 50 4320 50 4445 50 4223 50 4547 50 4480 50 4241 50 4432 50 4302 50 4364 50 4444 50 4259 50 4051 50 4435 50 4463 50 4312 50 4390 50 4354 50 4476 50 4227 34 
20 4122 50 2998 50 2735 50 3145 50 3604 50 3037 50 4120 50 3050 50 3954 50 2847 50 4070 50 3276 50 2843 50 2864 50 3342 50 3159 50 2791 50 4063 50 3162 50 3430 50 2900 50 3318 50 3183 50 3626 50 3549 50 3226 50 4009 50 3234 50 3215 50 3891 50 3001 50 2807 50 3245 50 2972 50 3403 50 3511 50 3505 50 3273 50 3621 45 
4 4612 50 4450 50 4175 50 4150 50 4456 50 4222 50 4200 50 4452 50 4563 50 4355 50 4350 50 4323 50 4589 50 4255 50 4398 50 4378 50 4469 50 4315 50 4347 50 4542 50 4408 50 4334 50 4198 50 4161 50 4573 50 4579 50 4194 50 4284 50 4529 50 4358 50 4406 50 4310 50 4365 50 4308 50 4436 50 4314 50 4380 50 4342 50 4511 50 4351 50 2715 50 2820 50 3672 50 4399 50 2753 40 3848 1 
33 3548 50 4212 50 4332 50 3277 50 2849 50 4087 50 3867 50 2986 50 4184 50 3143 50 3309 50 4333 50 4506 50 4254 50 3747 50 3696 50 2920 50 3352 50 3190 50 3187 50 4360 50 3690 50 2988 50 2946 50 3069 50 4457 50 4336 50 4443 50 4218 50 4225 50 3130 50 3289 50 3151 50 3184 50 3240 50 3346 50 3165 50 3380 50 3409 50 2931 50 3057 50 4172 50 4258 50 4187 50 4555 50 4188 50 4427 50 4219 50 4387 50 2839 50 3244 1 
26 58 50 42 50 3061 50 2725 50 3022 50 2906 50 2798 50 3129 50 2723 50 2840 50 2827 50 3060 50 2672 50 3099 50 2801 50 2737 40 3115 50 3126 50 2766 50 3034 50 3006 50 2699 40 2987 50 3119 50 2850 50 3107 50 2772 50 3028 50 3054 50 3088 50 3029 50 3002 50 2957 50 85 50 3019 50 51 50 2722 50 3113 50 2965 50 3134 50 3067 50 2945 50 2680 50 2865 50 2835 50 2829 50 2927 50 50 50 56 50 3011 50 2695 50 3068 50 2785 13 
38 3235 50 3285 50 3157 50 3249 50 3274 50 3374 50 3238 50 3311 50 3271 50 3423 50 3406 50 3348 50 3331 50 3402 50 3571 50 3244 49 3172 50 3267 50 3328 50 3387 50 3218 50 3367 50 3192 50 3394 50 3205 50 3171 50 3284 50 3401 50 3217 50 3209 50 3243 50 3210 50 3474 50 3557 50 3292 50 3390 50 3268 50 3506 50 3572 50 3733 50 3681 50 3659 50 3180 50 3750 50 3322 50 3266 50 3166 50 3479 50 3662 50 3355 50 3206 50 3327 50 3533 50 3468 50 3340 50 3563 50 3396 50 3253 17 
40 4163 50 4321 50 4182 50 4327 50 3848 49 4204 50 4136 50 4049 50 4207 50 4189 50 4167 50 4329 50 4138 50 4238 50 4264 50 4164 50 4019 50 4318 50 4134 50 3928 50 4295 50 3860 50 3911 50 4311 50 4322 50 4300 50 4286 50 4283 50 4281 50 4128 50 4083 50 3982 50 4277 50 4324 50 3971 50 4148 50 3808 50 4031 50 4209 50 4104 50 4278 50 4271 50 4034 50 4205 50 4206 50 4242 50 4132 50 4018 50 4251 50 4081 50 3855 50 4129 50 4247 50 4093 50 4166 50 4149 50 4272 50 4168 50 4249 50 4123 50 4234 50 3908 50 4142 39 
13 4714 50 4703 50 4788 50 4686 50 4642 50 4660 50 4734 50 4800 50 4761 50 4828 50 4775 50 4812 50 4772 50 4746 50 4797 50 4778 50 4699 50 4833 50 4613 50 4631 50 4650 50 4606 50 4803 50 4663 50 4622 50 4492 50 4363 50 4689 50 4486 50 4545 50 4873 50 4527 28 4767 43 4394 50 4805 50 4560 50 4530 50 4438 50 4802 50 4552 36 4420 50 4386 50 4544 50 4684 50 4701 50 4379 50 4571 50 4500 50 4362 50 4383 50 4819 50 4489 50 4369 50 4361 50 4442 50 4464 50 4479 21 4357 50 4343 50 4683 50 4413 50 4349 50 4491 50 4538 50 4505 50 4485 50 4673 16 
24 4466 50 4501 50 4704 50 4617 50 4403 50 4402 50 4667 50 4260 50 4409 50 4747 50 4213 50 4773 50 4448 50 3985 50 4048 50 4661 50 4337 50 4541 50 4299 50 3939 50 3890 50 4549 50 4698 50 3282 50 4692 50 4005 50 3233 50 3362 50 3412 50 4730 50 3645 50 3260 50 2739 50 3472 50 4554 50 3398 50 2951 50 3211 50 3523 50 4740 50 3392 50 2811 50 4603 50 4672 50 3465 50 2863 50 3620 50 4582 50 4687 50 2878 29 3052 50 3100 50 4276 50 3199 50 3411 50 2984 50 3344 50 3254 50 4462 50 2759 50 4143 50 4731 50 3881 50 3812 50 3055 50 4115 50 4089 50 2771 50 3102 50 3623 50 4000 50 4137 50 4280 50 3740 50 4404 50 4285 50 3580 50 3137 37 
