30
1 75 2 
26 97 2 
25 98 2 
7 96 2 
14 93 2 
5 92 3 
24 65 3 
16 93 3 
13 91 4 
2 63 6 
6 94 6 
9 59 7 
20 90 9 
30 62 9 
23 66 10 67 1 
10 71 10 97 4 
4 68 10 67 4 
17 87 10 72 5 
12 65 7 69 8 
3 63 4 64 10 61 4 
27 85 10 70 8 
28 57 10 56 10 
8 60 10 54 10 88 3 
15 92 7 83 10 89 9 
19 59 3 52 10 82 10 55 10 77 5 
29 67 5 58 10 78 10 53 10 75 5 
11 27 10 29 10 51 10 22 10 49 7 
22 73 10 74 10 76 10 47 10 61 6 28 1 
18 93 5 98 8 99 10 96 8 95 10 86 10 84 2 
21 19 10 79 10 18 10 91 6 88 7 81 10 48 10 80 5 
