100
10 992 5 
11 697 7 
7 753 8 
50 278 10 
73 293 10 
72 8 10 
71 248 10 
70 322 10 
69 674 10 
68 697 10 
67 633 10 
66 693 10 
65 17 10 
64 706 10 
62 244 10 
74 679 10 
61 3 10 
60 674 10 
59 63 10 
58 688 10 
57 666 10 
56 708 10 
55 699 10 
54 89 10 
63 697 10 
75 55 10 
77 282 10 
53 682 10 
98 709 10 
97 506 10 
96 633 10 
95 703 10 
94 661 10 
93 635 10 
92 305 10 
91 676 10 
90 693 10 
89 292 10 
88 673 10 
87 531 10 
86 681 10 
85 34 10 
84 652 10 
83 554 10 
82 103 10 
81 706 10 
80 679 10 
79 705 10 
78 674 10 
76 688 10 
52 489 10 
100 14 10 
99 666 10 
21 623 10 
22 733 10 
23 670 10 
24 690 10 
25 712 10 
26 650 10 
51 297 10 
28 307 10 
29 708 10 
30 699 10 
31 700 10 
32 694 10 
33 86 10 
34 655 10 
27 588 10 
36 713 10 
35 555 10 
49 621 10 
48 48 10 
47 607 10 
45 653 10 
44 257 10 
46 682 10 
42 728 10 
41 610 10 
40 278 10 
39 709 10 
38 707 10 
37 667 10 
43 75 10 
14 981 23 
15 796 50 804 4 
4 722 50 733 11 
16 703 40 680 36 
12 643 50 640 29 
5 12 50 15 32 
1 339 50 289 47 
20 825 50 816 50 824 16 
3 309 50 223 50 323 34 
2 860 50 805 50 787 40 
9 711 50 706 30 705 40 721 50 738 7 
13 586 50 594 50 578 50 580 50 590 4 
18 672 50 657 50 661 40 676 40 693 30 673 21 
17 251 50 331 50 240 50 236 50 284 50 268 18 
6 652 40 664 50 666 30 670 40 633 30 625 50 649 50 635 40 623 25 
19 681 40 679 30 688 30 685 50 698 50 715 50 690 40 712 40 708 30 725 50 695 7 
8 699 30 700 40 747 50 720 50 694 40 650 40 654 50 647 50 655 40 713 40 675 50 653 40 758 18 
