30
1 75 2 
26 97 2 
25 97 2 
7 98 2 
14 93 2 
5 93 3 
24 65 3 
16 92 3 
13 92 4 
2 63 6 
6 94 6 
9 59 7 
20 94 4 91 5 
30 63 4 59 3 62 2 
23 65 7 66 4 
10 91 5 71 9 
4 66 6 67 8 
17 71 1 90 10 87 4 
12 67 2 62 8 68 5 
3 68 5 69 10 64 3 
27 64 7 87 6 61 5 
28 57 10 56 10 
8 61 5 72 10 85 8 
15 85 2 60 10 75 8 88 6 
19 54 10 88 4 70 10 83 10 89 4 
29 52 10 82 10 55 10 77 10 
11 58 10 53 10 27 10 29 10 51 7 
22 78 10 73 10 74 10 76 10 51 3 22 4 
18 98 8 96 10 89 6 99 10 95 10 86 9 
21 86 1 84 10 19 10 79 10 18 10 22 6 49 10 47 10 81 1 
