100
10 992 5 
11 697 7 
7 753 8 
50 278 10 
73 278 10 
72 8 10 
71 293 10 
70 293 10 
69 674 10 
68 697 10 
67 633 10 
66 674 10 
65 17 10 
64 693 10 
62 248 10 
74 693 10 
61 3 10 
60 706 10 
59 63 10 
58 679 10 
57 706 10 
56 679 10 
55 688 10 
54 89 10 
63 688 10 
75 55 10 
77 248 10 
53 666 10 
98 666 10 
97 322 10 
96 633 10 
95 708 10 
94 708 10 
93 635 10 
92 322 10 
91 699 10 
90 699 10 
89 244 10 
88 682 10 
87 531 10 
86 682 10 
85 34 10 
84 709 10 
83 531 10 
82 103 10 
81 709 10 
80 703 10 
79 703 10 
78 661 10 
76 661 10 
52 244 10 
100 17 10 
99 676 10 
21 652 10 
22 676 10 
23 673 10 
24 673 10 
25 681 10 
26 652 10 
51 282 10 
28 282 10 
29 681 10 
30 705 10 
31 705 10 
32 733 10 
33 63 10 
34 733 10 
27 588 10 
36 670 10 
35 555 10 
49 621 10 
48 55 10 
47 607 10 
45 635 10 
44 305 10 
46 670 10 
42 690 10 
41 621 10 
40 305 10 
39 690 10 
38 712 10 
37 712 10 
43 89 10 
14 981 23 
15 796 50 804 4 
4 728 50 722 11 
16 700 50 694 26 
12 623 50 650 29 
5 8 40 12 42 
1 292 50 297 47 
20 825 50 816 50 824 16 
3 489 50 297 3 307 50 257 31 
2 804 46 824 34 860 50 805 10 
9 713 50 707 50 711 50 722 27 
13 588 40 586 50 594 50 578 50 580 14 
18 694 24 650 21 655 50 653 50 667 50 672 36 
17 257 19 339 50 289 50 309 50 223 50 323 49 
6 672 14 657 50 643 50 640 50 664 50 625 50 649 50 607 40 654 1 
19 680 50 721 50 738 50 685 50 698 50 715 50 725 50 695 50 720 17 
8 747 50 720 33 753 42 647 50 654 49 675 50 758 50 741 50 719 50 691 50 714 50 717 14 
