3000
595 9991 1 
98 9755 8 
329 5906 9 
90 9387 9 
284 2221 9 
1976 5906 10 
1999 5986 10 
1973 5986 10 
2000 5885 10 
2001 5885 10 
2002 6154 10 
2003 6154 10 
2004 5974 10 
2005 5974 10 
1998 8777 10 
2006 5835 10 
2008 5811 10 
2009 5835 10 
2010 6200 10 
2011 5672 10 
2012 2221 10 
2013 2556 10 
2014 5351 10 
2015 2556 10 
2007 5311 10 
1975 8777 10 
1997 6155 10 
1995 2336 10 
1977 5672 10 
1978 5311 10 
1979 6155 10 
1980 5630 10 
1981 5351 10 
1982 9094 10 
1983 6200 10 
1984 5841 10 
1996 5841 10 
1985 6296 10 
1987 156 10 
1988 6296 10 
1989 8824 10 
1990 2336 10 
1991 9094 10 
1992 482 10 
1993 2576 10 
1974 8947 10 
1986 6101 10 
1994 5721 10 
2016 5553 10 
2018 6101 10 
2043 6122 10 
2044 5681 10 
2045 515 10 
2046 6122 10 
2047 6141 10 
2048 2576 10 
2049 216 10 
2050 6141 10 
2051 5203 10 
2052 5553 10 
2053 6039 10 
2054 5721 10 
2055 6039 10 
2056 5681 10 
2057 6021 10 
2058 6021 10 
2059 5811 10 
2060 5630 10 
2061 216 10 
2042 6034 10 
2041 6034 10 
2040 2567 10 
2039 515 10 
2019 6353 10 
2020 668 10 
2021 6353 10 
2022 668 10 
2023 6191 10 
2024 8995 10 
2025 5521 10 
2026 5889 10 
2027 200 10 
2017 6191 10 
2028 8995 10 
2030 282 10 
2031 5889 10 
2032 6074 10 
2033 5865 10 
2034 8947 10 
2035 9151 10 
2036 6074 10 
2037 639 10 
2038 6225 10 
2029 5659 10 
1972 2567 10 
1500 2371 10 
2062 5659 10 
1904 73 10 
1905 6225 10 
1906 6085 10 
1907 6085 10 
1908 482 10 
1909 9151 10 
1910 156 10 
1911 6213 10 
1912 6213 10 
1913 2371 10 
1914 8928 10 
1915 5971 10 
1916 5971 10 
1917 2172 10 
1918 8928 10 
1919 5865 10 
1920 6282 10 
1921 282 10 
1922 2172 10 
1903 5521 10 
1902 8824 10 
1901 2090 10 
1900 6282 10 
1880 5223 10 
1881 8880 10 
1882 2090 10 
1883 6186 10 
1884 5309 10 
1885 6186 10 
1886 8818 10 
1887 5815 10 
1888 2621 10 
1923 5815 10 
1889 5911 10 
1891 5911 10 
1892 6112 10 
1893 5759 10 
1894 6112 10 
1895 415 10 
1896 6204 10 
1897 6204 10 
1898 652 10 
1899 2621 10 
1890 6073 10 
1924 2650 10 
1925 6073 10 
1926 2650 10 
1951 6206 10 
1952 6206 10 
1953 415 10 
1954 6273 10 
1955 8880 10 
1956 639 10 
1957 6273 10 
1958 8976 10 
1959 6280 10 
1950 2366 10 
1960 200 10 
1962 6280 10 
1963 5951 10 
1964 523 10 
1965 5951 10 
1966 5876 10 
1967 8976 10 
1968 5876 10 
1969 9220 10 
1970 6265 10 
1961 9017 10 
1971 2366 10 
1949 9220 10 
1947 9017 10 
1927 8707 10 
1928 2840 10 
1929 268 10 
1930 6265 10 
1931 6153 10 
1932 392 10 
1933 6153 10 
1934 6244 10 
1935 8707 10 
1948 5894 10 
1936 9157 10 
1938 6 10 
1939 6244 10 
1940 9157 10 
1941 5894 10 
1942 5203 10 
1943 5759 10 
1944 5946 10 
1945 162 10 
1946 523 10 
1937 5946 10 
2063 58 10 
2065 6041 10 
1879 652 10 
2184 6041 10 
2185 2840 10 
2186 5617 10 
2187 9182 10 
2188 5617 10 
2189 5745 10 
2190 5745 10 
2191 599 10 
2192 5861 10 
2193 2599 10 
2194 9182 10 
2195 5861 10 
2196 8923 10 
2197 6255 10 
2198 8923 10 
2199 599 10 
2200 9084 10 
2201 5152 10 
2202 8818 10 
2183 511 10 
2182 5223 10 
2181 6255 10 
2180 5629 10 
2160 5629 10 
2161 321 10 
2162 6165 10 
2163 6165 10 
2164 5639 10 
2165 9084 10 
2166 5639 10 
2167 5309 10 
2168 8920 10 
2203 162 10 
2169 2599 10 
2171 9203 10 
2172 6430 10 
2173 5635 10 
2174 5199 10 
2175 8892 10 
2176 2529 10 
2177 2529 10 
2178 6178 10 
2179 6393 10 
2170 6393 10 
2159 6430 10 
2204 6178 10 
2206 8703 10 
2231 2383 10 
2232 665 10 
2233 5556 10 
2234 2383 10 
2235 5692 10 
2236 122 10 
2237 5692 10 
2238 2610 10 
2239 5918 10 
2240 5778 10 
2241 665 10 
2242 8920 10 
2243 2610 10 
2244 167 10 
2245 5918 10 
2246 9203 10 
2247 5635 10 
2248 5947 10 
2249 5947 10 
2230 5778 10 
2229 6 10 
2228 9015 10 
2227 5979 10 
2207 5454 10 
2208 2335 10 
2209 5979 10 
2210 5828 10 
2211 2335 10 
2212 58 10 
2213 9191 10 
2214 5828 10 
2215 553 10 
2205 6272 10 
2216 6272 10 
2218 5780 10 
2219 5780 10 
2220 5729 10 
2221 5729 10 
2222 5788 10 
2223 6150 10 
2224 9191 10 
2225 8892 10 
2226 5788 10 
2217 2388 10 
2064 553 10 
2158 8703 10 
2156 2388 10 
2090 6150 10 
2091 9015 10 
2092 5924 10 
2093 6238 10 
2094 5924 10 
2095 6238 10 
2096 6415 10 
2097 8986 10 
2098 2528 10 
2099 5416 10 
2100 8817 10 
2101 8986 10 
2102 6415 10 
2103 6051 10 
2104 6051 10 
2105 9217 10 
2106 5625 10 
2107 2528 10 
2108 5796 10 
2089 5454 10 
2088 8766 10 
2087 5234 10 
2086 5796 10 
2066 5849 10 
2067 5377 10 
2068 392 10 
2069 5927 10 
2070 5927 10 
2071 9217 10 
2072 6127 10 
2073 6127 10 
2074 9387 10 
2109 147 10 
2075 6023 10 
2077 6023 10 
2078 5849 10 
2079 5340 10 
2080 73 10 
2081 6032 10 
2082 5855 10 
2083 122 10 
2084 6032 10 
2085 9253 10 
2076 2439 10 
2157 8868 10 
2110 6107 10 
2112 6107 10 
2137 5855 10 
2138 5955 10 
2139 511 10 
2140 321 10 
2141 5234 10 
2142 5955 10 
2143 5893 10 
2144 504 10 
2145 5893 10 
2146 8817 10 
2147 6287 10 
2148 5873 10 
2149 9253 10 
2150 6287 10 
2151 6343 10 
2152 6343 10 
2153 6234 10 
2154 6234 10 
2155 8701 10 
2136 2439 10 
2135 6115 10 
2134 9193 10 
2133 5625 10 
2113 8868 10 
2114 6115 10 
2115 9193 10 
2116 5873 10 
2117 2151 10 
2118 5751 10 
2119 5913 10 
2120 2151 10 
2121 268 10 
2111 6035 10 
2122 2474 10 
2124 147 10 
2125 6035 10 
2126 5751 10 
2127 5913 10 
2128 5767 10 
2129 5767 10 
2130 5999 10 
2131 9196 10 
2132 2474 10 
2123 5999 10 
1878 5199 10 
1876 5859 10 
2250 2299 10 
1622 412 10 
1623 2299 10 
1624 9196 10 
1625 5859 10 
1626 8701 10 
1627 5816 10 
1628 5816 10 
1629 770 10 
1630 6157 10 
1631 6157 10 
1632 9283 10 
1633 770 10 
1634 2452 10 
1635 9047 10 
1636 6061 10 
1637 9283 10 
1638 8766 10 
1639 6201 10 
1640 6201 10 
1621 5377 10 
1641 9047 10 
1620 778 10 
1618 5830 10 
1599 5099 10 
1600 5830 10 
1601 248 10 
1602 9005 10 
1603 5556 10 
1604 6061 10 
1605 6339 10 
1606 9343 10 
1607 6339 10 
1608 5340 10 
1609 2452 10 
1610 2260 10 
1611 6361 10 
1612 6361 10 
1613 6350 10 
1614 6350 10 
1615 5960 10 
1616 5600 10 
1617 2260 10 
1619 5099 10 
1642 5960 10 
1643 6049 10 
1644 9343 10 
1669 2359 10 
1670 5600 10 
1671 9101 10 
1672 6049 10 
1673 2359 10 
1674 2588 10 
1675 6152 10 
1676 2588 10 
1677 6152 10 
1678 778 10 
1679 6078 10 
1680 6078 10 
1681 5152 10 
1682 9101 10 
1683 349 10 
1684 5649 10 
1685 8833 10 
1686 5908 10 
1687 8833 10 
1668 646 10 
1667 5146 10 
1666 5908 10 
1665 5935 10 
1645 5935 10 
1646 2276 10 
1647 9005 10 
1648 6334 10 
1649 136 10 
1650 2276 10 
1651 6334 10 
1652 9060 10 
1653 2287 10 
1598 5146 10 
1654 5649 10 
1656 5260 10 
1657 9060 10 
1658 349 10 
1659 8955 10 
1660 6297 10 
1661 2287 10 
1662 6297 10 
1663 5763 10 
1664 9226 10 
1655 478 10 
1597 5993 10 
1596 5717 10 
1595 5993 10 
1529 8747 10 
1530 6529 10 
1531 8597 10 
1532 6130 10 
1533 6529 10 
1534 6130 10 
1535 5506 10 
1536 5453 10 
1537 2153 10 
1538 9226 10 
1539 6063 10 
1540 8955 10 
1541 5763 10 
1542 2407 10 
1543 6063 10 
1544 136 10 
1545 5717 10 
1546 6329 10 
1547 6329 10 
1528 8741 10 
1527 6477 10 
1526 5912 10 
1525 5410 10 
1505 5912 10 
1506 5900 10 
1507 8747 10 
1508 6477 10 
1509 9245 10 
1510 8609 10 
1511 5900 10 
1512 5786 10 
1513 9245 10 
1548 5786 10 
1514 6181 10 
1516 6181 10 
1517 6398 10 
1518 9091 10 
1519 2153 10 
1520 6398 10 
1521 5145 10 
1522 8752 10 
1523 5175 10 
1524 6269 10 
1515 9091 10 
1688 6269 10 
1549 5145 10 
1551 6253 10 
1576 2407 10 
1577 8752 10 
1578 9105 10 
1579 8852 10 
1580 2486 10 
1581 5276 10 
1582 2486 10 
1583 9105 10 
1584 6253 10 
1585 6066 10 
1586 8852 10 
1587 6066 10 
1588 5878 10 
1589 9509 10 
1590 5878 10 
1591 5929 10 
1592 6025 10 
1593 182 10 
1594 6025 10 
1575 8971 10 
1574 248 10 
1573 6461 10 
1572 8971 10 
1552 557 10 
1553 6461 10 
1554 5424 10 
1555 9509 10 
1556 5670 10 
1557 8815 10 
1558 412 10 
1559 8815 10 
1560 5348 10 
1550 6333 10 
1561 6333 10 
1563 9066 10 
1564 8872 10 
1565 2069 10 
1566 9066 10 
1567 5601 10 
1568 8648 10 
1569 2069 10 
1570 2641 10 
1571 478 10 
1562 504 10 
1689 5094 10 
1690 9390 10 
1691 5929 10 
1810 8872 10 
1811 6092 10 
1812 5276 10 
1813 6092 10 
1814 5827 10 
1815 8902 10 
1816 5506 10 
1817 9390 10 
1818 5827 10 
1819 9202 10 
1820 6185 10 
1821 5492 10 
1822 5670 10 
1823 2641 10 
1824 2423 10 
1825 97 10 
1826 6185 10 
1827 6242 10 
1828 5558 10 
1809 2423 10 
1808 5558 10 
1807 84 10 
1806 9202 10 
1786 5715 10 
1787 929 10 
1788 8902 10 
1789 8958 10 
1790 6242 10 
1791 5715 10 
1792 489 10 
1793 5424 10 
1794 9277 10 
1829 5772 10 
1795 5726 10 
1797 2481 10 
1798 635 10 
1799 6433 10 
1800 6433 10 
1801 6471 10 
1802 6471 10 
1803 9277 10 
1804 5348 10 
1805 8958 10 
1796 5772 10 
1785 5352 10 
1830 5726 10 
1832 6093 10 
1857 6093 10 
1858 9038 10 
1859 6347 10 
1860 5892 10 
1861 5352 10 
1862 635 10 
1863 8953 10 
1864 5285 10 
1865 8922 10 
1866 8479 10 
1867 6347 10 
1868 6442 10 
1869 6442 10 
1870 646 10 
1871 9038 10 
1872 5892 10 
1873 2481 10 
1874 5854 10 
1875 5601 10 
1856 5660 10 
1855 5854 10 
1854 5138 10 
1853 5774 10 
1833 5774 10 
1834 6143 10 
1835 6143 10 
1836 6019 10 
1837 6019 10 
1838 5285 10 
1839 489 10 
1840 6056 10 
1841 6056 10 
1831 5660 10 
1842 8953 10 
1844 5831 10 
1845 5831 10 
1846 8479 10 
1847 2226 10 
1848 6116 10 
1849 9114 10 
1850 8942 10 
1851 247 10 
1852 6116 10 
1843 5793 10 
1877 9114 10 
1784 2226 10 
1782 5793 10 
1716 2547 10 
1717 6479 10 
1718 6479 10 
1719 6301 10 
1720 557 10 
1721 5228 10 
1722 8648 10 
1723 5492 10 
1724 6301 10 
1725 929 10 
1726 6302 10 
1727 6302 10 
1728 84 10 
1729 728 10 
1730 2547 10 
1731 5643 10 
1732 5643 10 
1733 2099 10 
1734 6010 10 
1715 6010 10 
1714 5782 10 
1713 659 10 
1712 167 10 
1692 8741 10 
1693 6322 10 
1694 6322 10 
1695 8922 10 
1696 2099 10 
1697 5782 10 
1698 8942 10 
1699 2542 10 
1700 6292 10 
1735 6292 10 
1701 5943 10 
1703 2542 10 
1704 23 10 
1705 5943 10 
1706 9050 10 
1707 5858 10 
1708 9050 10 
1709 2699 10 
1710 5858 10 
1711 12 10 
1702 764 10 
1783 8797 10 
1736 5987 10 
1738 5987 10 
1763 2699 10 
1764 5602 10 
1765 6081 10 
1766 2380 10 
1767 2380 10 
1768 164 10 
1769 728 10 
1770 8876 10 
1771 6081 10 
1772 8876 10 
1773 164 10 
1774 9048 10 
1775 9048 10 
1776 659 10 
1777 5279 10 
1778 5920 10 
1779 8845 10 
1780 9228 10 
1781 8845 10 
1762 5920 10 
1761 8835 10 
1760 8835 10 
1759 9228 10 
1739 6028 10 
1740 6028 10 
1741 6568 10 
1742 6568 10 
1743 9251 10 
1744 9251 10 
1745 6539 10 
1746 6539 10 
1747 6006 10 
1737 9169 10 
1748 6006 10 
1750 2684 10 
1751 247 10 
1752 12 10 
1753 9169 10 
1754 2684 10 
1755 97 10 
1756 6040 10 
1757 5468 10 
1758 8977 10 
1749 389 10 
2251 9468 10 
2254 6040 10 
2253 6362 10 
2746 8977 10 
2747 5602 10 
2748 9468 10 
2749 581 10 
2750 5642 10 
2751 6362 10 
2752 5642 10 
2753 309 10 
2754 6283 10 
2755 8797 10 
2756 5260 10 
2757 271 10 
2758 6283 10 
2759 8862 10 
2760 5416 10 
2761 8862 10 
2762 8597 10 
2763 6367 10 
2764 8667 10 
2745 9021 10 
2765 2625 10 
2744 5655 10 
2742 6121 10 
2723 9021 10 
2724 6367 10 
2725 8667 10 
2726 5837 10 
2727 5837 10 
2728 6121 10 
2729 9413 10 
2730 9413 10 
2731 2625 10 
2732 2414 10 
2733 9123 10 
2734 5015 10 
2735 2414 10 
2736 32 10 
2737 872 10 
2738 6505 10 
2739 9123 10 
2740 8609 10 
2741 6505 10 
2743 463 10 
2766 6246 10 
2767 6246 10 
2768 5819 10 
2793 326 10 
2794 5208 10 
2795 5819 10 
2796 5655 10 
2797 9237 10 
2798 6344 10 
2799 6158 10 
2800 348 10 
2801 9237 10 
2802 5325 10 
2803 5888 10 
2804 2436 10 
2805 9177 10 
2806 8855 10 
2807 6344 10 
2808 6324 10 
2809 9177 10 
2810 6158 10 
2811 6324 10 
2792 23 10 
2791 6340 10 
2790 6340 10 
2789 271 10 
2769 8855 10 
2770 5015 10 
2771 8780 10 
2772 5574 10 
2773 2436 10 
2774 5888 10 
2775 2646 10 
2776 263 10 
2777 5696 10 
2722 8745 10 
2778 263 10 
2780 5990 10 
2781 5696 10 
2782 5990 10 
2783 6483 10 
2784 463 10 
2785 8588 10 
2786 8780 10 
2787 8588 10 
2788 8861 10 
2779 5679 10 
2721 6483 10 
2720 5679 10 
2719 6261 10 
2653 6261 10 
2654 5998 10 
2655 8861 10 
2656 9482 10 
2657 5998 10 
2658 8865 10 
2659 2646 10 
2660 418 10 
2661 5468 10 
2662 9482 10 
2663 6125 10 
2664 6211 10 
2665 5743 10 
2666 6211 10 
2667 5094 10 
2668 6385 10 
2669 2288 10 
2670 5743 10 
2671 6385 10 
2652 6125 10 
2651 6136 10 
2650 6136 10 
2649 5540 10 
2629 8865 10 
2630 32 10 
2631 6008 10 
2632 2288 10 
2633 9312 10 
2634 764 10 
2635 6008 10 
2636 6364 10 
2637 5540 10 
2672 2313 10 
2638 8493 10 
2640 8493 10 
2641 5228 10 
2642 6364 10 
2643 5652 10 
2644 9115 10 
2645 872 10 
2646 2313 10 
2647 9115 10 
2648 2372 10 
2639 2372 10 
2812 46 10 
2673 2484 10 
2675 5652 10 
2700 8908 10 
2701 6151 10 
2702 6151 10 
2703 6126 10 
2704 9312 10 
2705 5596 10 
2706 6126 10 
2707 5596 10 
2708 6437 10 
2709 9052 10 
2710 2484 10 
2711 6437 10 
2712 6512 10 
2713 6512 10 
2714 2757 10 
2715 5738 10 
2716 6139 10 
2717 242 10 
2718 5059 10 
2699 6139 10 
2698 5138 10 
2697 6005 10 
2696 8908 10 
2676 389 10 
2677 348 10 
2678 2757 10 
2679 7526 10 
2680 5738 10 
2681 948 10 
2682 2501 10 
2683 7526 10 
2684 6005 10 
2674 2501 10 
2685 552 10 
2687 948 10 
2688 9052 10 
2689 6258 10 
2690 6258 10 
2691 6566 10 
2692 8745 10 
2693 5151 10 
2694 6566 10 
2695 5208 10 
2686 9112 10 
2628 6526 10 
2813 6526 10 
2815 5482 10 
2933 6087 10 
2934 2754 10 
2935 9112 10 
2936 6087 10 
2937 9009 10 
2938 6022 10 
2939 8849 10 
2940 9009 10 
2941 9449 10 
2942 6022 10 
2943 581 10 
2944 9449 10 
2945 6426 10 
2946 5482 10 
2947 6426 10 
2948 5938 10 
2949 46 10 
2950 5590 10 
2951 5938 10 
2932 6298 10 
2952 8849 10 
2931 93 10 
2929 5590 10 
2910 6298 10 
2911 684 10 
2912 5996 10 
2913 5996 10 
2914 7621 10 
2915 6159 10 
2916 6159 10 
2917 5453 10 
2918 2754 10 
2919 5925 10 
2920 5925 10 
2921 5856 10 
2922 9100 10 
2923 5856 10 
2924 6326 10 
2925 829 10 
2926 9100 10 
2927 5379 10 
2928 7621 10 
2930 5574 10 
2953 8484 10 
2954 8739 10 
2955 5733 10 
2980 5151 10 
2981 7134 10 
2982 6326 10 
2983 5410 10 
2984 2714 10 
2985 8739 10 
2986 2714 10 
2987 5733 10 
2988 7134 10 
2989 6469 10 
2990 9189 10 
2991 6469 10 
2992 5175 10 
2993 8583 10 
2994 6110 10 
2995 6110 10 
2996 8883 10 
2997 5379 10 
2998 151 10 
2979 6360 10 
2978 9189 10 
2977 8571 10 
2976 8883 10 
2956 2134 10 
2957 9262 10 
2958 7955 10 
2959 8583 10 
2960 600 10 
2961 6365 10 
2962 6365 10 
2963 7955 10 
2964 5826 10 
2909 6360 10 
2965 552 10 
2967 2134 10 
2968 6445 10 
2969 6445 10 
2970 5732 10 
2971 6444 10 
2972 5732 10 
2973 2647 10 
2974 6444 10 
2975 5279 10 
2966 93 10 
2908 2647 10 
2907 5826 10 
2906 399 10 
2840 9262 10 
2841 8859 10 
2842 8737 10 
2843 6588 10 
2844 5059 10 
2845 6588 10 
2846 9152 10 
2847 9152 10 
2848 2544 10 
2849 8830 10 
2850 5731 10 
2851 5731 10 
2852 9431 10 
2853 6227 10 
2854 8830 10 
2855 5981 10 
2856 6014 10 
2857 418 10 
2858 6227 10 
2839 5981 10 
2838 5699 10 
2837 9345 10 
2836 6014 10 
2816 5787 10 
2817 5787 10 
2818 6184 10 
2819 5505 10 
2820 2544 10 
2821 6184 10 
2822 5957 10 
2823 9431 10 
2824 5957 10 
2859 2398 10 
2825 2398 10 
2827 5982 10 
2828 8859 10 
2829 9345 10 
2830 8801 10 
2831 5982 10 
2832 8938 10 
2833 6133 10 
2834 5129 10 
2835 6133 10 
2826 309 10 
2814 7026 10 
2860 551 10 
2862 8938 10 
2887 6171 10 
2888 14 10 
2889 9016 10 
2890 2344 10 
2891 8801 10 
2892 7026 10 
2893 426 10 
2894 5768 10 
2895 2344 10 
2896 6171 10 
2897 6342 10 
2898 6342 10 
2899 2656 10 
2900 829 10 
2901 5768 10 
2902 8671 10 
2903 9016 10 
2904 7153 10 
2905 2656 10 
2886 9526 10 
2885 6096 10 
2884 2633 10 
2883 6096 10 
2863 6209 10 
2864 4991 10 
2865 6209 10 
2866 7153 10 
2867 8484 10 
2868 38 10 
2869 5699 10 
2870 8497 10 
2871 6983 10 
2861 5820 10 
2872 8557 10 
2874 8737 10 
2875 2633 10 
2876 5820 10 
2877 2073 10 
2878 9526 10 
2879 8886 10 
2880 8886 10 
2881 14 10 
2882 6983 10 
2873 8828 10 
2627 4991 10 
2626 5705 10 
2625 8828 10 
2371 5505 10 
2372 8754 10 
2373 8754 10 
2374 5448 10 
2375 2073 10 
2376 5705 10 
2377 8968 10 
2378 5917 10 
2379 8968 10 
2380 2800 10 
2381 5448 10 
2382 8497 10 
2383 9028 10 
2384 7497 10 
2385 5917 10 
2386 9028 10 
2387 8767 10 
2388 8917 10 
2389 5720 10 
2370 7497 10 
2390 5720 10 
2369 5994 10 
2367 8917 10 
2348 6551 10 
2349 9033 10 
2350 5452 10 
2351 545 10 
2352 5994 10 
2353 6551 10 
2354 5755 10 
2355 2800 10 
2356 5755 10 
2357 6182 10 
2358 8424 10 
2359 5452 10 
2360 5923 10 
2361 5663 10 
2362 6481 10 
2363 6481 10 
2364 6182 10 
2365 2451 10 
2366 5201 10 
2368 5249 10 
2391 776 10 
2392 6416 10 
2393 8424 10 
2418 6416 10 
2419 6260 10 
2420 5923 10 
2421 5663 10 
2422 6260 10 
2423 5120 10 
2424 6439 10 
2425 5491 10 
2426 5870 10 
2427 242 10 
2428 6305 10 
2429 2451 10 
2430 6439 10 
2431 9033 10 
2432 6018 10 
2433 6018 10 
2434 6057 10 
2435 6057 10 
2436 5325 10 
2417 6305 10 
2416 5870 10 
2415 8070 10 
2414 8070 10 
2394 776 10 
2395 5685 10 
2396 5685 10 
2397 7585 10 
2398 6496 10 
2399 9206 10 
2400 7585 10 
2401 6496 10 
2402 8728 10 
2347 9206 10 
2403 9078 10 
2405 9255 10 
2406 9000 10 
2407 2427 10 
2408 5725 10 
2409 6510 10 
2410 5664 10 
2411 6037 10 
2412 6037 10 
2413 9255 10 
2404 6510 10 
2346 5725 10 
2345 8571 10 
2344 5939 10 
2278 5939 10 
2279 5664 10 
2280 5977 10 
2281 5977 10 
2282 5864 10 
2283 5864 10 
2284 6135 10 
2285 5741 10 
2286 6135 10 
2287 5654 10 
2288 5286 10 
2289 8728 10 
2290 8641 10 
2291 5741 10 
2292 5129 10 
2293 7178 10 
2294 6460 10 
2295 8699 10 
2296 5734 10 
2277 7178 10 
2276 6460 10 
2275 5734 10 
2274 8400 10 
1504 5975 10 
2255 8767 10 
2256 2427 10 
2257 9078 10 
2258 5821 10 
2259 5975 10 
2260 5821 10 
2261 5922 10 
2262 8783 10 
2297 5922 10 
2263 326 10 
2265 9075 10 
2266 5539 10 
2267 9075 10 
2268 2125 10 
2269 5890 10 
2270 5890 10 
2271 5654 10 
2272 5926 10 
2273 5926 10 
2264 545 10 
2437 5368 10 
2298 5769 10 
2300 5368 10 
2325 5769 10 
2326 6103 10 
2327 6325 10 
2328 9051 10 
2329 6103 10 
2330 6325 10 
2331 6310 10 
2332 9000 10 
2333 6310 10 
2334 9051 10 
2335 6172 10 
2336 252 10 
2337 551 10 
2338 6998 10 
2339 6998 10 
2340 2125 10 
2341 6669 10 
2342 2405 10 
2343 342 10 
2324 6669 10 
2323 2405 10 
2322 6229 10 
2321 5412 10 
2301 9204 10 
2302 8810 10 
2303 2220 10 
2304 6229 10 
2305 6172 10 
2306 6065 10 
2307 9204 10 
2308 8810 10 
2309 9440 10 
2299 7917 10 
2310 5515 10 
2312 7917 10 
2313 6982 10 
2314 8783 10 
2315 6982 10 
2316 20 10 
2317 6065 10 
2318 8557 10 
2319 6027 10 
2320 5622 10 
2311 6027 10 
2438 8560 10 
2439 8164 10 
2440 5622 10 
2559 6055 10 
2560 6055 10 
2561 8699 10 
2562 2858 10 
2563 6024 10 
2564 6024 10 
2565 6315 10 
2566 5607 10 
2567 6315 10 
2568 8860 10 
2569 6168 10 
2570 6168 10 
2571 8164 10 
2572 8860 10 
2573 2858 10 
2574 5942 10 
2575 5570 10 
2576 5942 10 
2577 6394 10 
2558 6394 10 
2557 5607 10 
2556 5412 10 
2555 8606 10 
2535 6331 10 
2536 2220 10 
2537 6331 10 
2538 5883 10 
2539 5883 10 
2540 6090 10 
2541 5539 10 
2542 5515 10 
2543 6090 10 
2578 6323 10 
2544 5936 10 
2546 9440 10 
2547 6323 10 
2548 5324 10 
2549 5570 10 
2550 8671 10 
2551 8400 10 
2552 9083 10 
2553 5936 10 
2554 2883 10 
2545 6580 10 
2534 8560 10 
2579 2883 10 
2581 5845 10 
2606 6580 10 
2607 2368 10 
2608 968 10 
2609 2368 10 
2610 7148 10 
2611 2503 10 
2612 600 10 
2613 2503 10 
2614 8822 10 
2615 5845 10 
2616 8641 10 
2617 5724 10 
2618 8477 10 
2619 7148 10 
2620 9379 10 
2621 9379 10 
2622 5491 10 
2623 968 10 
2624 6336 10 
2605 5882 10 
2604 5550 10 
2603 6336 10 
2602 986 10 
2582 5882 10 
2583 7016 10 
2584 5799 10 
2585 9001 10 
2586 5799 10 
2587 7016 10 
2588 5286 10 
2589 5724 10 
2590 6401 10 
2580 986 10 
2591 6401 10 
2593 2943 10 
2594 5610 10 
2595 6528 10 
2596 6528 10 
2597 6131 10 
2598 6131 10 
2599 2943 10 
2600 8653 10 
2601 7349 10 
2592 20 10 
2252 9429 10 
2533 6263 10 
2531 9001 10 
2465 7349 10 
2466 5072 10 
2467 9083 10 
2468 6673 10 
2469 151 10 
2470 8653 10 
2471 6263 10 
2472 2471 10 
2473 5610 10 
2474 6673 10 
2475 2471 10 
2476 8992 10 
2477 8822 10 
2478 723 10 
2479 8606 10 
2480 2776 10 
2481 8840 10 
2482 5614 10 
2483 2776 10 
2464 313 10 
2463 5614 10 
2462 5648 10 
2461 6363 10 
2441 2244 10 
2442 25 10 
2443 5550 10 
2444 6363 10 
2445 9429 10 
2446 2244 10 
2447 6609 10 
2448 9457 10 
2449 399 10 
2484 9457 10 
2450 6609 10 
2452 6030 10 
2453 5860 10 
2454 5648 10 
2455 6030 10 
2456 5931 10 
2457 8992 10 
2458 8646 10 
2459 99 10 
2460 8869 10 
2451 6016 10 
2532 8869 10 
2485 5822 10 
2487 6016 10 
2512 8891 10 
2513 6235 10 
2514 6235 10 
2515 9298 10 
2516 8891 10 
2517 9118 10 
2518 426 10 
2519 6411 10 
2520 6411 10 
2521 6156 10 
2522 6156 10 
2523 6215 10 
2524 180 10 
2525 6651 10 
2526 9298 10 
2527 7777 10 
2528 8840 10 
2529 491 10 
2530 6651 10 
2511 6215 10 
2510 5294 10 
2509 38 10 
2508 8330 10 
2488 9118 10 
2489 9103 10 
2490 2339 10 
2491 5628 10 
2492 8646 10 
2493 7777 10 
2494 9103 10 
2495 5628 10 
2496 684 10 
2486 5324 10 
2497 204 10 
2499 117 10 
2500 432 10 
2501 8870 10 
2502 313 10 
2503 6392 10 
2504 8983 10 
2505 701 10 
2506 5006 10 
2507 6392 10 
2498 8709 10 
1503 8983 10 
3000 9025 10 
1501 2339 10 
907 8477 10 
906 7065 10 
905 8870 10 
904 8330 10 
903 5179 10 
902 5367 10 
901 5931 10 
900 7065 10 
899 6278 10 
898 8521 10 
897 648 10 
908 5860 10 
896 5587 10 
894 5417 10 
893 6525 10 
892 6525 10 
891 9025 10 
890 6596 10 
889 6596 10 
888 6278 10 
887 823 10 
886 9087 10 
885 6377 10 
884 6377 10 
895 5902 10 
883 6414 10 
909 2197 10 
911 2197 10 
935 25 10 
934 1109 10 
933 8709 10 
932 6414 10 
931 5367 10 
930 9087 10 
929 9058 10 
928 5902 10 
927 9129 10 
926 8903 10 
925 47 10 
910 1109 10 
924 5822 10 
922 7850 10 
921 5644 10 
920 8674 10 
919 5666 10 
918 9351 10 
917 5666 10 
916 8903 10 
915 5391 10 
914 561 10 
913 2352 10 
912 9351 10 
923 8398 10 
882 8526 10 
881 9129 10 
880 2352 10 
850 9058 10 
849 6422 10 
848 7850 10 
847 6422 10 
846 5179 10 
845 9412 10 
844 5548 10 
843 7844 10 
842 8398 10 
841 7844 10 
840 5363 10 
851 8 10 
839 204 10 
837 6198 10 
836 6198 10 
835 5886 10 
834 4974 10 
833 5886 10 
832 6423 10 
831 6423 10 
830 6351 10 
829 6351 10 
828 6319 10 
827 2540 10 
838 5868 10 
852 6319 10 
853 749 10 
854 8674 10 
879 5868 10 
878 5818 10 
877 2540 10 
876 8239 10 
875 6111 10 
874 5818 10 
873 6111 10 
872 2124 10 
871 5832 10 
870 5391 10 
869 6043 10 
868 6368 10 
867 5832 10 
866 5833 10 
865 9412 10 
864 278 10 
863 5833 10 
862 8239 10 
861 9371 10 
860 6043 10 
859 19 10 
858 6368 10 
857 7005 10 
856 9371 10 
855 6664 10 
936 8664 10 
826 6330 10 
937 5440 10 
939 8448 10 
1020 9252 10 
1019 5440 10 
1018 8664 10 
1017 7005 10 
1016 6664 10 
1015 8716 10 
1014 8678 10 
1013 6438 10 
1012 6881 10 
1011 6881 10 
1010 8448 10 
1021 5644 10 
1009 8526 10 
1007 5183 10 
1006 2124 10 
1005 6438 10 
1004 8836 10 
1003 8836 10 
1002 9252 10 
1001 6386 10 
1000 9304 10 
999 6386 10 
998 6650 10 
997 5984 10 
1008 9304 10 
996 6384 10 
1022 5587 10 
1024 6650 10 
1048 6384 10 
1047 8716 10 
1046 4974 10 
1045 8521 10 
1044 2091 10 
1043 6330 10 
1042 6231 10 
1041 8776 10 
1040 5984 10 
1039 8776 10 
1038 6231 10 
1023 6304 10 
1037 2091 10 
1035 6598 10 
1034 6598 10 
1033 8916 10 
1032 8916 10 
1031 8309 10 
1030 7285 10 
1029 8934 10 
1028 5201 10 
1027 8934 10 
1026 6106 10 
1025 7285 10 
1036 6304 10 
995 6720 10 
994 5650 10 
993 7339 10 
963 7339 10 
962 9156 10 
961 5623 10 
960 701 10 
959 2358 10 
958 6720 10 
957 6106 10 
956 8678 10 
955 6436 10 
954 6727 10 
953 5363 10 
964 5205 10 
952 5194 10 
950 6727 10 
949 5417 10 
948 8150 10 
947 9156 10 
946 6436 10 
945 8733 10 
944 2358 10 
943 265 10 
942 5781 10 
941 6144 10 
940 5194 10 
951 5006 10 
965 5781 10 
966 5294 10 
967 8 10 
992 5205 10 
991 385 10 
990 5932 10 
989 475 10 
988 723 10 
987 8537 10 
986 5776 10 
985 19 10 
984 6605 10 
983 6144 10 
982 5067 10 
981 8508 10 
980 6605 10 
979 6390 10 
978 6506 10 
977 2084 10 
976 8733 10 
975 5932 10 
974 6506 10 
973 6550 10 
972 7452 10 
971 6550 10 
970 6482 10 
969 5623 10 
968 432 10 
938 314 10 
1049 6601 10 
825 6482 10 
823 5374 10 
681 9125 10 
680 5012 10 
679 5650 10 
678 628 10 
677 9125 10 
676 7452 10 
675 6601 10 
674 5072 10 
673 6591 10 
672 2084 10 
671 8950 10 
682 22 10 
670 7415 10 
668 9173 10 
667 521 10 
666 5776 10 
665 2364 10 
664 2364 10 
663 5615 10 
662 8508 10 
661 7415 10 
660 6494 10 
659 8150 10 
658 6591 10 
669 6390 10 
657 6299 10 
683 2309 10 
685 7474 10 
709 8950 10 
708 2309 10 
707 22 10 
706 5719 10 
705 6579 10 
704 2265 10 
703 8309 10 
702 6579 10 
701 8894 10 
700 8422 10 
699 2265 10 
684 5884 10 
698 9173 10 
696 180 10 
695 8894 10 
694 5374 10 
693 9638 10 
692 7849 10 
691 1984 10 
690 6494 10 
689 8462 10 
688 8625 10 
687 8537 10 
686 8625 10 
697 7474 10 
656 5869 10 
655 6643 10 
654 9638 10 
624 6643 10 
623 5884 10 
622 229 10 
621 5869 10 
620 2476 10 
619 8831 10 
618 9452 10 
617 439 10 
616 9452 10 
615 5548 10 
614 5719 10 
625 439 10 
613 5520 10 
611 7849 10 
610 8554 10 
609 5217 10 
608 7458 10 
607 8657 10 
606 8831 10 
605 5217 10 
604 6220 10 
603 6299 10 
602 6660 10 
601 7458 10 
612 9519 10 
626 229 10 
627 1984 10 
628 8352 10 
653 5844 10 
652 6660 10 
651 6220 10 
650 2476 10 
649 5937 10 
648 6267 10 
647 9519 10 
646 6267 10 
645 6451 10 
644 5844 10 
643 6451 10 
642 2283 10 
641 7966 10 
640 8809 10 
639 5645 10 
638 2283 10 
637 5481 10 
636 8809 10 
635 9510 10 
634 6649 10 
633 182 10 
632 5752 10 
631 8657 10 
630 5183 10 
629 8594 10 
710 6649 10 
824 7316 10 
711 7966 10 
713 7316 10 
794 6417 10 
793 5012 10 
792 9510 10 
791 223 10 
790 6417 10 
789 6756 10 
788 5124 10 
787 6756 10 
786 5937 10 
785 2457 10 
784 163 10 
795 7671 10 
783 5752 10 
781 6175 10 
780 5084 10 
779 5958 10 
778 7671 10 
777 8422 10 
776 8804 10 
775 5481 10 
774 8804 10 
773 8352 10 
772 6251 10 
771 5329 10 
782 8874 10 
770 8594 10 
796 6175 10 
798 8158 10 
822 5520 10 
821 6949 10 
820 2457 10 
819 5329 10 
818 2738 10 
817 8874 10 
816 5958 10 
815 466 10 
814 6949 10 
813 8462 10 
812 6251 10 
797 8039 10 
811 653 10 
809 47 10 
808 8585 10 
807 5093 10 
806 6250 10 
805 7751 10 
804 8585 10 
803 5645 10 
802 823 10 
801 8158 10 
800 6250 10 
799 628 10 
810 6176 10 
769 8834 10 
768 6176 10 
767 8834 10 
737 8742 10 
736 99 10 
735 9415 10 
734 8351 10 
733 8039 10 
732 2738 10 
731 7751 10 
730 342 10 
729 9415 10 
728 5591 10 
727 8742 10 
738 6831 10 
726 6281 10 
724 6831 10 
723 8554 10 
722 5771 10 
721 2611 10 
720 6281 10 
719 9126 10 
718 9126 10 
717 5771 10 
716 9171 10 
715 5176 10 
714 6577 10 
725 6577 10 
739 5615 10 
740 145 10 
741 6289 10 
766 5500 10 
765 2611 10 
764 56 10 
763 7550 10 
762 6289 10 
761 8756 10 
760 6684 10 
759 8596 10 
758 9171 10 
757 8756 10 
756 6129 10 
755 9274 10 
754 5397 10 
1502 521 10 
752 6129 10 
751 9065 10 
750 7550 10 
749 8650 10 
748 5680 10 
747 7583 10 
746 5680 10 
745 7583 10 
744 2810 10 
743 6684 10 
742 56 10 
712 749 10 
1050 86 10 
753 6511 10 
1052 5176 10 
1359 736 10 
1358 6511 10 
1357 2810 10 
1356 6716 10 
1355 5249 10 
1354 6716 10 
1353 7018 10 
1352 9274 10 
1351 8875 10 
1350 8559 10 
1349 8559 10 
1360 9269 10 
1348 7018 10 
1346 7635 10 
1345 5433 10 
1344 86 10 
1343 5101 10 
1342 5101 10 
1341 9269 10 
1340 6257 10 
1339 6007 10 
1338 11 10 
1337 8748 10 
1336 6257 10 
1347 7635 10 
1335 6454 10 
1361 6454 10 
1363 8748 10 
1387 5704 10 
1386 6007 10 
1385 6710 10 
1384 6710 10 
1383 6332 10 
1382 9065 10 
1381 2609 10 
1380 314 10 
1379 1000 10 
1378 6332 10 
1377 6683 10 
1362 5921 10 
1376 9334 10 
1374 1000 10 
1373 6683 10 
1372 5852 10 
1371 9334 10 
1370 2609 10 
1369 6478 10 
1368 6613 10 
1367 6613 10 
1366 736 10 
1365 2734 10 
1364 5704 10 
1375 8469 10 
1334 103 10 
1333 809 10 
1332 2734 10 
1302 6478 10 
1301 6583 10 
1300 5921 10 
1299 5852 10 
1298 6583 10 
1297 6764 10 
1296 5591 10 
1295 6764 10 
1294 8875 10 
1293 1977 10 
1292 6413 10 
1303 1977 10 
1291 8596 10 
1289 6859 10 
1288 5959 10 
1287 5959 10 
1286 8650 10 
1285 6859 10 
1284 8665 10 
1283 6000 10 
1282 6970 10 
1281 8665 10 
1280 6970 10 
1279 8711 10 
1290 5637 10 
1304 7824 10 
1305 7824 10 
1306 6000 10 
1331 376 10 
1330 9036 10 
1329 11 10 
1328 6413 10 
1327 6524 10 
1326 8469 10 
1325 5678 10 
1324 223 10 
1323 9036 10 
1322 440 10 
1321 2173 10 
1320 117 10 
1319 6524 10 
1318 739 10 
1317 2173 10 
1316 7652 10 
1315 6718 10 
1314 163 10 
1313 9417 10 
1312 9417 10 
1311 5976 10 
1310 7652 10 
1309 6718 10 
1308 6427 10 
1307 8895 10 
1388 6866 10 
1278 6427 10 
1389 8895 10 
1391 6169 10 
1473 9149 10 
1472 2459 10 
1471 9149 10 
1470 5678 10 
1469 6866 10 
1468 208 10 
1467 5637 10 
1466 561 10 
1465 5669 10 
1464 8351 10 
1463 103 10 
1474 809 10 
1462 5301 10 
1460 2459 10 
1459 6607 10 
1458 6607 10 
1457 2164 10 
1456 5001 10 
1455 6169 10 
1454 278 10 
1453 2164 10 
1452 5583 10 
1451 98 10 
1450 739 10 
1461 5976 10 
1449 6845 10 
1475 2039 10 
1477 8711 10 
1051 5810 10 
2999 653 10 
1499 6658 10 
1498 6247 10 
1497 170 10 
1496 5810 10 
1495 9148 10 
1494 8509 10 
1493 9148 10 
1492 6845 10 
1491 2039 10 
1476 6658 10 
1490 6497 10 
1488 5775 10 
1487 6497 10 
1486 532 10 
1485 5478 10 
1484 5527 10 
1483 6317 10 
1482 6381 10 
1481 6317 10 
1480 6381 10 
1479 5775 10 
1478 6247 10 
1489 7908 10 
1448 8358 10 
1447 9499 10 
1446 5323 10 
1416 8608 10 
1415 8272 10 
1414 2884 10 
1413 6645 10 
1412 5433 10 
1411 2884 10 
1410 7908 10 
1409 5323 10 
1408 8926 10 
1407 9499 10 
1406 8358 10 
1417 6645 10 
1405 7236 10 
1402 9488 10 
1401 6359 10 
1400 9488 10 
1399 7236 10 
1398 5836 10 
1397 711 10 
1396 8527 10 
1395 5836 10 
1394 8103 10 
1393 8926 10 
1392 2782 10 
1404 98 10 
1418 7502 10 
1419 9144 10 
1420 2782 10 
1445 8264 10 
1444 8272 10 
1443 869 10 
1442 5792 10 
1441 6359 10 
1440 5001 10 
1439 8264 10 
1438 2632 10 
1437 8103 10 
1436 2632 10 
1435 7502 10 
1434 7053 10 
1433 6448 10 
1432 5669 10 
1431 9576 10 
1430 9144 10 
1429 9576 10 
1428 6448 10 
1427 869 10 
1426 7053 10 
1425 8495 10 
1424 1012 10 
1423 5792 10 
1422 128 10 
1421 6793 10 
1390 6642 10 
1277 5850 10 
1403 2302 10 
1275 9044 10 
1132 629 10 
1131 6642 10 
1130 6793 10 
1129 6615 10 
1128 2302 10 
1127 5850 10 
1126 2310 10 
1125 2310 10 
1124 6370 10 
1123 9044 10 
1122 9322 10 
1133 9322 10 
1121 128 10 
1119 6615 10 
1118 8470 10 
1117 6370 10 
1116 6883 10 
1115 6883 10 
1114 6243 10 
1113 2429 10 
1112 6243 10 
1111 91 10 
1110 9382 10 
1109 7810 10 
1120 9034 10 
1108 5044 10 
1134 8527 10 
1136 9034 10 
1161 2429 10 
1160 9382 10 
1159 4895 10 
1158 6212 10 
1157 8909 10 
1156 1012 10 
1155 7810 10 
1154 475 10 
1153 2695 10 
1152 6212 10 
1151 6887 10 
1135 466 10 
1150 6366 10 
1148 28 10 
1147 4895 10 
1146 9281 10 
1145 5093 10 
1144 65 10 
1143 6366 10 
1142 8608 10 
1140 9281 10 
1139 6887 10 
1138 390 10 
1137 8404 10 
1149 7070 10 
1107 101 10 
1106 8404 10 
1105 2695 10 
1075 8909 10 
1074 8853 10 
1073 6233 10 
1072 9045 10 
1071 9045 10 
1070 8997 10 
1069 1185 10 
1068 5250 10 
1067 9272 10 
1066 8788 10 
1065 7070 10 
1076 376 10 
1064 9272 10 
1062 6233 10 
1061 5746 10 
1060 5124 10 
1059 1185 10 
1058 7563 10 
1057 8997 10 
1056 2416 10 
1055 5571 10 
1054 6228 10 
1276 2416 10 
1053 6194 10 
1063 8222 10 
1077 252 10 
1078 6358 10 
1079 6228 10 
1104 6358 10 
1103 5746 10 
1102 6554 10 
1101 6554 10 
1100 385 10 
1099 2833 10 
1098 6431 10 
1097 8853 10 
1096 6285 10 
1095 8222 10 
1094 6431 10 
1093 711 10 
1092 7563 10 
1091 8442 10 
1090 6285 10 
1089 873 10 
1088 2833 10 
1087 265 10 
1086 8788 10 
1085 184 10 
1084 8877 10 
1083 5674 10 
1082 320 10 
1081 6543 10 
1080 9381 10 
1162 2478 10 
1163 9381 10 
1141 6543 10 
1165 6194 10 
1245 184 10 
1244 491 10 
1243 5397 10 
1164 6180 10 
1241 5583 10 
1240 8346 10 
1239 9428 10 
1238 9428 10 
1237 9539 10 
1236 6570 10 
1235 458 10 
1246 6180 10 
1234 6570 10 
1232 65 10 
1231 6631 10 
1230 6210 10 
1229 8470 10 
1228 8346 10 
1227 440 10 
1226 5674 10 
1225 6631 10 
1224 5753 10 
1223 9539 10 
1222 8509 10 
1233 5753 10 
1247 6321 10 
1248 2478 10 
1249 449 10 
1274 2207 10 
1273 6321 10 
1272 5044 10 
1271 5318 10 
1270 9323 10 
1269 7400 10 
1268 8706 10 
1267 8195 10 
1266 2207 10 
1265 8603 10 
1264 8344 10 
1263 5806 10 
1262 8877 10 
1261 6721 10 
1260 9323 10 
1259 9291 10 
1258 2626 10 
1257 6721 10 
1256 2626 10 
1255 5806 10 
1254 8706 10 
1253 8939 10 
1252 91 10 
1251 1999 10 
1250 9291 10 
1221 449 10 
1220 6210 10 
1242 6294 10 
1218 7400 10 
1189 5126 10 
1188 9392 10 
1187 9392 10 
1186 6294 10 
1185 7309 10 
1184 5662 10 
1183 6541 10 
1182 7309 10 
1181 5992 10 
1180 6541 10 
1179 8939 10 
1190 6270 10 
1178 8763 10 
1176 6270 10 
1175 5662 10 
1174 6202 10 
1173 90 10 
1172 8514 10 
1171 5592 10 
1219 6498 10 
1169 873 10 
1168 7034 10 
1167 6498 10 
1166 7034 10 
1177 8344 10 
1191 9287 10 
1170 6202 10 
1193 1999 10 
1215 7135 10 
1214 8464 10 
1213 9287 10 
1212 6189 10 
1211 8736 10 
1210 5592 10 
1209 8763 10 
1208 8195 10 
1207 9155 10 
1216 6189 10 
1206 6670 10 
1205 5992 10 
1192 7323 10 
1203 8115 10 
1194 5301 10 
1195 5523 10 
1204 5605 10 
1197 6277 10 
1217 8913 10 
1196 8913 10 
1199 7135 10 
1200 7323 10 
1201 8941 10 
1202 648 10 
1198 255 10 
226 9155 11 
453 9970 11 
558 9502 11 
110 8736 13 
11 8732 14 
549 9987 14 
21 9628 18 
233 9502 18 
384 9628 21 
463 9755 25 
253 8941 26 
264 8732 26 
462 8915 26 
143 9829 26 
298 9801 27 
555 8915 27 
421 8841 29 
205 9928 30 
95 9375 31 
119 9870 44 
58 9024 50 
592 9601 52 
183 8774 63 
144 9601 64 
175 9483 65 
304 9676 68 
461 7476 69 
479 9928 69 
452 9585 69 
295 8495 72 
464 9024 77 
448 9676 81 
82 9648 81 
215 9188 83 
177 9188 84 
502 9375 86 
36 8978 88 
376 9790 88 
63 8774 90 
406 9397 91 
75 9483 92 
243 8841 93 
322 8115 101 
113 9750 101 
583 9491 102 
589 9790 103 
69 6277 103 
255 9750 103 
74 9846 105 
220 9846 112 
551 6670 114 
414 8887 124 
45 9789 125 
221 8887 126 
428 8603 127 
486 9648 128 
17 8620 128 
400 8514 133 
162 9339 133 
588 7476 137 
248 9491 140 
557 2936 146 
164 8442 151 
157 8620 152 
280 8978 154 
465 9701 157 
450 6295 158 
278 8758 159 
247 9507 167 
71 8975 171 
12 9225 174 
390 255 178 
104 6635 180 
106 8975 184 
365 8758 185 
258 9746 189 
348 9397 191 
451 9456 195 
567 6295 197 
211 9225 198 
337 9339 204 
518 9306 207 
204 8879 212 
93 9585 223 
149 9214 224 
500 8879 226 
225 9214 230 
68 9109 232 
78 5813 232 
261 8787 235 
166 9701 237 
405 9306 239 
417 9456 240 
37 8787 254 
4 9109 255 
499 9507 256 
576 9043 271 
302 6419 273 
109 9043 275 
28 8981 275 
449 9479 276 
241 6419 281 
199 8981 286 
372 9166 289 
267 9421 291 
96 9166 293 
274 8980 306 
290 8980 294 9307 17 
415 9307 324 
303 9133 325 
55 8658 328 
251 9421 309 9479 19 
219 8898 331 
39 9425 336 
48 8898 269 8798 69 
123 9026 339 
207 9425 264 9545 75 
530 8523 347 
360 9026 261 9133 96 
454 8919 357 
53 8798 357 
490 8658 272 8690 86 
7 8690 364 
227 9359 370 
279 9359 230 9311 143 
466 8778 376 
445 8778 224 8772 155 
533 9311 379 
2 8772 381 
114 4265 387 
67 9183 388 
16 8677 397 
355 8523 253 8612 145 
289 8677 203 8749 195 
8 8919 243 9096 158 
506 9096 404 
24 8749 405 
111 9346 411 
25 9183 212 9198 203 
66 6187 421 
172 9346 189 9282 235 
171 8972 426 
574 9198 397 9178 32 
201 6635 420 6578 10 
15 8972 174 8952 266 
395 8952 334 8765 107 
297 6578 441 
528 8765 445 
543 8612 446 
381 9232 446 
369 4265 213 4173 241 
132 8503 456 
56 8289 459 
363 9178 461 
429 9153 469 
208 9153 131 9160 339 
287 9545 472 
343 6187 179 6082 294 
136 9160 261 9232 154 8967 60 
538 7862 480 
100 9229 484 
431 9270 497 
416 9229 116 9212 386 
38 7862 120 7609 391 
427 8967 512 
374 8808 525 
299 5813 368 5605 187 
371 8613 562 
554 8808 75 8613 38 8948 449 
358 8948 151 9212 214 8759 201 
306 9179 571 
517 6470 571 
256 8759 399 8794 181 
46 8794 419 8714 163 
475 8714 437 8503 144 8485 5 
86 8353 590 
277 9179 29 9008 562 
383 9008 38 9167 553 
301 6470 29 6558 566 
158 7609 209 7414 388 
338 9167 47 9134 551 
188 9270 103 9134 49 9282 365 8882 87 
283 784 600 959 8 
281 8485 595 8556 13 
212 9466 600 9506 8 
370 8882 513 8556 96 
286 9102 600 9506 11 
112 362 600 333 15 
27 8464 590 8488 27 
590 6558 34 7414 212 6840 381 
332 5991 600 6082 36 
435 6840 219 6945 430 
560 8488 573 8499 94 
387 8499 506 8696 163 
478 532 590 559 85 
259 2936 454 2688 248 
122 6099 600 6345 110 
89 8696 437 8525 275 
235 8438 600 8449 114 
321 8525 325 8698 391 
581 8698 209 8871 507 
443 8472 600 8871 93 8803 26 
514 8803 574 8786 149 
148 8786 451 8847 274 
535 8847 326 8746 405 
375 2319 600 2449 135 
124 6345 490 6945 170 6432 79 
285 9138 600 9029 140 
324 7406 600 7125 142 
482 8746 195 9029 460 8540 88 
570 9399 600 9533 150 
117 8353 10 8289 141 8361 600 8284 2 
94 7490 600 7125 155 
328 9533 450 9327 307 
118 8540 512 8489 260 
536 7111 600 7346 173 
42 8489 340 8800 436 
488 1985 600 2449 183 
310 8800 164 8617 600 8605 24 
186 7346 427 7149 368 
163 8605 576 8555 221 
563 9327 293 9409 504 
146 8555 379 8705 431 
541 8449 486 8455 328 
217 8455 272 8428 547 
571 9409 96 8705 169 9020 560 
195 9020 40 8687 600 9267 219 
209 8284 598 8268 268 
389 9574 600 9267 271 
196 9088 600 8551 290 
245 8551 310 9089 580 
54 9089 20 8807 600 8755 272 
544 1976 600 2688 303 
319 8755 328 9031 578 
244 8623 600 9031 22 9315 289 
273 9315 311 9200 600 9095 4 
270 7149 232 6432 521 6495 174 
185 6495 426 6700 502 
34 6584 600 6700 98 6490 237 
320 8684 600 8428 53 8563 289 
598 9095 596 8951 349 
459 8951 251 8829 600 8846 99 
73 8846 501 8563 311 8708 156 
511 9119 600 8994 375 
379 8994 225 8708 444 8842 310 
242 8482 600 8552 379 
305 6490 363 6303 600 6313 17 
508 8268 332 8417 600 8230 52 
515 8842 290 8770 600 8672 99 
314 6313 583 6476 407 
341 4994 600 4987 392 
534 9553 600 9248 398 
469 9248 202 9564 600 8821 204 
139 8672 501 8600 508 
540 7945 600 6810 416 
194 8600 92 8691 600 8821 327 
344 5714 600 5597 426 
214 8771 600 8792 430 
150 9477 600 8792 170 8632 279 
520 8632 321 8552 221 8693 516 
553 8984 600 9266 460 
385 5597 174 6162 600 6177 288 
477 6476 193 6581 600 6177 275 
134 8693 84 8769 600 8598 387 
43 9321 600 9266 140 9230 338 
61 6699 600 6674 481 
20 9230 262 9581 600 8881 219 
397 8881 381 8598 213 9081 489 
210 9081 111 8878 600 9430 377 
80 8586 600 8639 495 
351 9430 223 8639 105 8949 600 8681 173 
410 8681 427 9106 600 8656 85 
522 8656 515 8966 600 8715 2 
189 8715 598 8230 521 
331 2016 600 1968 522 
548 9319 600 9671 525 
51 9365 600 8912 526 
296 8912 74 9211 600 8450 468 
14 9671 75 8450 132 9580 600 9260 337 
596 6674 119 6736 600 8229 432 
65 9260 263 8595 600 8229 168 9408 123 
169 9408 477 9076 600 8345 101 
197 8345 499 8610 600 6410 81 
268 5126 590 5123 593 
272 6618 600 6410 519 9250 71 
307 6810 184 8805 600 7582 407 
523 9250 529 5840 600 8415 75 
556 9300 600 9472 600 9524 4 
223 8415 525 8323 600 8454 86 
368 7582 193 6876 600 6502 419 
584 6502 181 6914 600 6723 431 
380 6723 169 7765 600 6838 455 
83 8454 514 8533 600 8343 114 
153 6838 145 6441 600 6266 485 
239 6637 600 6594 600 6540 33 
532 8343 486 8185 600 9524 151 
252 6266 115 6540 567 5621 556 
547 5571 590 5527 590 5621 44 6288 17 
367 6098 600 5523 590 5516 62 
22 5123 7 5120 590 5159 600 5137 58 
573 6288 583 6709 600 7744 78 
335 6412 600 6522 600 6761 72 
52 7744 522 6160 600 6031 164 
473 9268 600 8781 600 8856 89 
472 8040 600 8461 600 8076 93 
30 8856 511 8685 600 9418 185 
108 9418 415 8743 600 8076 284 
266 8316 600 6761 528 7599 177 
145 9485 600 9061 600 5516 105 
234 6031 436 6224 600 5871 276 
366 6621 600 6320 600 7599 121 
340 7084 600 8642 600 7896 121 
137 9693 600 5871 324 9461 401 
362 7896 479 8064 600 9099 247 
537 5626 600 6248 600 6701 134 
444 5500 590 6701 466 6715 295 
229 6715 305 5700 600 6163 448 
105 9461 199 9246 600 9099 353 8592 202 
50 8124 600 9643 600 8592 155 
513 8566 600 8933 600 8589 157 
5 8589 443 8240 600 8796 317 
446 8131 600 8796 283 8593 486 
503 6163 152 5848 600 6407 600 8593 26 
432 5698 600 8867 600 7115 180 
33 7921 600 7866 600 8397 200 
582 7247 600 7115 420 5651 380 
257 9163 600 9617 600 9619 211 
200 5525 600 5651 220 5478 590 6817 14 
92 6817 586 6742 600 6446 249 
495 6446 351 6046 600 5802 495 
409 6732 600 6457 600 6406 247 
269 9619 389 9233 600 9187 478 
505 9187 122 8397 400 9659 600 9007 352 
402 5802 105 5823 600 6406 353 6781 422 
173 5547 600 6781 178 5529 600 9007 108 
312 2891 600 2892 600 3027 301 
399 4987 208 4997 600 4965 600 4940 97 
339 5694 600 7199 600 6599 339 
198 8315 600 8149 600 9602 346 
125 2353 600 2279 600 2396 346 
597 9602 254 9512 600 8386 600 8940 102 
430 8940 498 8471 600 8911 475 
418 6599 261 6456 600 6712 600 7543 124 
345 7543 476 6829 600 6004 512 
484 1968 78 2396 254 2410 600 3027 299 1889 367 
76 8170 600 7716 600 7728 404 
179 2845 600 2945 600 2648 406 
193 6004 88 8911 125 6675 600 9004 600 5989 197 
594 6586 600 6752 600 6537 412 
512 7728 196 8519 600 6800 600 8510 230 
496 5646 600 5575 600 5437 438 
128 5989 403 6492 600 5973 600 6113 46 
206 9280 600 9548 600 8757 453 
336 6113 554 6537 188 5940 600 6467 313 
72 8757 147 8962 600 9062 600 9131 326 
422 9131 274 9046 600 8668 600 9352 201 
438 8679 600 6467 287 8695 600 6567 220 
347 6567 380 8924 600 6306 600 9092 130 
263 9092 470 8897 600 8965 600 6629 46 
231 9352 399 6629 554 9265 600 8655 180 
359 8655 420 8510 370 8403 600 8441 344 
101 6183 600 6094 600 6240 534 
240 9366 600 9455 600 6240 66 6523 471 
392 6523 129 6376 600 6597 600 6622 410 
191 5437 162 9541 600 6622 190 6977 600 5513 241 
3 5513 359 8441 256 6545 600 8061 581 
160 8061 19 6533 600 6600 600 8567 578 
174 5318 590 5333 600 5312 600 5334 8 
317 9285 600 8567 22 8721 600 8190 600 
493 6857 600 6409 600 6519 600 6819 39 
504 6819 561 9324 600 9314 600 7971 103 
401 8145 600 7971 497 6961 600 8727 195 
147 6095 600 8258 600 5985 600 6167 92 
550 8727 405 8541 600 8661 600 8813 297 
420 8813 303 8851 600 6167 508 8575 491 
408 8722 600 8575 109 8405 600 8704 600 7379 4 
407 9497 600 9612 600 8730 600 9185 127 
474 6666 600 7379 596 6346 600 6507 161 
85 9185 473 6734 600 9128 600 8436 291 
60 6507 439 8436 309 8276 600 6775 600 8761 21 
531 8761 579 8012 600 8991 600 8785 208 
151 6054 600 6606 600 5968 600 6725 210 
476 6725 390 6927 600 7013 600 7343 425 
436 7343 175 7311 600 7711 600 6735 600 6641 58 
527 5543 600 5980 600 6208 600 5585 238 
378 6641 542 6284 600 6337 600 6318 332 
600 5585 362 5512 600 5519 600 5683 516 
216 6318 268 8979 600 8785 392 6464 600 6573 227 
572 1889 233 1952 600 2317 600 2214 600 2648 58 
275 6396 600 6192 600 5901 600 6222 291 
545 6573 373 6569 600 6595 600 7496 537 
330 7496 63 6561 600 8136 600 6784 600 7265 274 
62 1176 600 2926 600 1967 600 2357 339 
441 6222 309 6262 600 5683 84 6179 600 6145 548 
262 8456 600 8663 600 8427 600 8615 342 
91 2357 261 2761 600 2580 600 2167 600 2505 94 
238 8826 600 8850 600 8866 600 8918 382 
161 9439 600 8918 218 9384 600 8615 258 7265 326 8899 188 
447 7817 600 7811 600 7008 600 6145 52 5686 340 
180 5686 260 6787 600 6947 600 6935 600 6646 138 
152 8899 412 8303 600 8277 600 8322 589 
386 5594 600 5589 600 6026 600 5485 410 
586 6404 600 6293 600 6161 600 6237 422 
77 9531 600 9645 600 9567 600 9241 427 
423 6646 462 6589 600 6534 600 6778 572 
192 8322 11 8138 600 8327 600 8020 600 8283 423 
213 9241 173 9012 600 8535 600 8544 600 8283 177 9563 96 
276 5485 190 5953 600 5549 600 5967 600 5487 282 
480 6778 28 6237 178 6164 600 6349 600 6311 600 6058 274 
559 7266 600 8686 600 8025 600 9077 488 
135 9563 504 9077 112 8782 600 9011 600 8682 472 
31 6058 326 6418 600 6195 600 6148 600 6080 163 
99 8682 128 8760 600 9501 600 8960 600 6080 382 
529 6846 600 6352 600 6530 600 8348 515 
87 8832 600 6842 600 8373 600 8348 85 9534 431 
57 6509 600 6648 600 6698 600 7788 532 
131 9301 600 7788 68 7052 600 7358 600 6816 485 
176 6254 600 6816 115 6585 600 6429 600 7350 440 
141 6893 600 7350 160 6678 600 6731 600 7499 415 
353 9534 169 9372 600 7499 185 8391 600 9010 600 6380 224 
170 6380 376 9022 600 7837 600 5493 600 5487 206 
580 8622 600 9369 600 8119 600 8570 600 
126 6327 600 7292 600 6388 600 5466 600 7787 24 
361 7787 576 6142 600 9256 600 7058 600 6549 73 
349 6549 527 5730 600 6627 600 7450 600 6166 134 
519 6166 466 7392 600 6885 600 8260 600 6520 199 
455 9630 600 8587 600 8990 600 9385 600 8998 78 
439 6520 401 7865 600 7293 600 8375 600 8267 279 
354 8713 600 8890 600 8167 600 8751 600 8267 87 
29 8998 522 9180 600 8614 600 8412 600 7717 177 
168 9332 600 9500 600 9556 600 7717 423 8331 294 
470 8331 306 8486 600 8233 600 9137 600 8931 427 
88 5542 600 5809 600 5952 600 8931 173 8779 600 6559 6 
10 9437 600 9454 600 9651 600 7633 600 8640 179 
591 6559 594 6779 600 8640 421 9053 600 8241 386 
377 8241 214 8252 600 5712 600 6755 600 8355 600 6375 33 
577 6375 567 5532 600 7075 600 7337 600 7352 291 
442 7352 309 8231 600 6484 600 8409 600 9073 555 
419 8293 600 6769 600 7918 600 5839 600 8669 275 
6 9422 600 9073 45 9116 600 5961 600 8669 325 9295 512 
107 9295 88 6708 600 8581 600 8573 600 7941 600 9221 194 
129 6174 600 6045 600 5798 600 5803 600 5631 285 
18 6909 600 7909 600 6870 600 7237 600 5631 301 
308 9669 600 9464 600 9221 406 9207 600 9490 503 
292 7767 600 6948 600 5682 600 6290 600 7833 313 
352 9490 97 7833 287 9113 600 8720 600 7988 600 6047 533 
364 7451 600 6047 67 6449 600 8673 600 5919 600 6997 290 
585 6997 310 5896 600 6938 600 5633 600 5862 600 6286 55 
456 8227 600 9071 600 7370 600 8536 600 8396 380 
26 8396 220 8255 600 8129 600 6286 545 8546 600 7175 215 
460 7175 385 6691 600 6480 600 6501 600 5479 600 6726 9 
232 9085 600 9294 600 8885 600 8451 600 8985 401 
494 68 600 70 600 90 590 61 600 85 436 
575 6726 591 6128 600 6399 600 8122 600 5728 490 
542 5728 110 5665 600 6504 600 6574 600 6357 600 6900 378 
218 5449 600 5687 600 5586 600 5559 600 5668 493 
562 6717 600 7160 600 6900 222 7903 600 7890 600 7512 273 
412 9746 411 8985 199 8381 600 9546 600 8383 600 8498 525 
526 8498 75 6036 600 7512 327 7434 600 9288 600 8219 600 7072 155 
492 5756 600 5668 107 5667 600 5545 600 5561 600 5450 482 
327 6869 600 7072 445 8411 600 7876 600 6738 600 6544 149 
424 7240 600 6544 451 7556 600 6420 600 6652 600 6685 154 
316 8565 600 9333 600 6685 446 8393 600 9002 600 6984 159 
288 6984 441 7542 600 6694 600 7300 600 8889 600 6828 184 
578 6828 416 6205 600 7020 600 8071 600 6190 600 8148 220 
121 8447 600 6626 600 8148 380 6219 600 7242 600 7383 305 
440 9357 600 8793 600 7383 295 9453 600 6369 600 6348 420 
102 6348 180 7137 600 7227 600 6124 600 6458 600 6973 538 
187 8193 600 8194 600 8529 600 8500 600 8066 600 8426 136 
190 8426 464 8549 600 8964 600 8027 600 6973 62 8126 600 6754 219 
47 6754 381 9139 600 7054 600 7372 600 6943 600 7998 390 
156 9789 475 9738 600 9672 600 7998 210 8629 600 9330 600 6861 99 
309 6452 600 6861 501 6560 600 6372 600 5450 118 8306 600 6138 183 
203 6119 600 6138 417 9098 600 8458 600 6951 600 6624 397 
294 7299 600 6624 203 6245 600 8288 600 6745 600 8058 600 6906 37 
404 6906 563 6132 600 6640 600 7123 600 6603 600 7059 278 
587 7943 600 8413 600 7059 322 7735 600 5473 600 6516 532 
159 5983 600 5915 600 5671 600 5634 600 5584 600 5765 267 
565 9586 600 9231 600 9726 600 9642 600 6516 68 9079 600 6750 200 
271 6750 400 7883 600 6808 600 9406 600 6729 600 6593 470 
501 6593 130 7602 600 8290 600 9518 600 7159 600 7847 600 8784 146 
40 8784 454 9622 600 9049 600 6836 600 6373 600 6571 428 
246 6571 172 8888 600 6969 600 8611 600 7320 600 7260 600 6499 166 
236 6499 434 8666 600 6783 600 8511 600 7087 600 6972 515 
457 6972 85 7094 600 6513 600 6703 600 6707 600 5765 333 6765 600 6100 20 
127 8437 600 8113 600 8604 600 8616 600 8192 600 8329 473 
222 8329 127 8717 600 9064 600 8937 600 9236 600 9154 600 9120 348 
485 6100 580 6355 600 5599 600 5703 600 5887 600 5494 501 
202 7686 600 6771 600 7143 600 5494 99 6867 600 5748 600 7191 419 
497 6389 600 6341 600 5638 600 5677 600 5740 600 5903 542 
35 8011 600 8457 600 8308 600 8356 600 8364 600 8021 559 
521 9120 252 9107 600 9599 600 8959 600 8837 600 9583 600 8607 310 
437 407 600 458 590 484 600 401 600 421 600 408 596 
254 5879 600 5903 58 5431 600 5790 600 5727 600 5898 600 5441 600 5718 11 
64 8607 290 8542 600 8021 41 7191 181 8263 600 8702 600 7957 600 8507 600 7877 175 
300 9264 600 9341 600 9104 600 8914 600 9338 600 8421 600 8157 99 
356 6592 600 6657 600 6656 600 6903 600 7186 600 6796 600 6928 162 
13 6928 438 7060 600 6249 600 6860 600 6610 600 6702 600 7047 347 
564 7877 425 7799 600 7785 600 7732 600 7047 253 6826 600 6075 600 7003 117 
325 8532 600 8157 501 8576 600 8350 600 8007 600 8689 600 8310 308 
425 85 164 101 590 74 600 100 600 107 600 145 590 77 600 76 75 
434 9124 600 9164 600 8310 292 9465 600 7986 600 9368 600 8014 541 
346 6312 600 6487 600 6001 600 5702 600 5718 589 6428 600 6475 280 
70 5186 600 5170 600 5137 542 5153 600 5134 600 5116 600 5125 392 
59 8014 59 8378 600 8367 600 8490 600 8478 600 8318 600 9014 600 9127 358 
373 5476 600 5657 600 5867 600 5761 600 6013 600 5956 600 5577 428 
566 8543 600 8466 600 7886 600 8048 600 8626 600 8298 600 8379 452 
224 7003 483 6814 600 6654 600 6475 320 6064 600 7126 600 7225 600 6686 259 
44 7291 600 7703 600 7326 600 7605 600 6686 341 6264 600 6084 600 7278 124 
116 6354 600 7278 476 6863 600 6918 600 6737 600 6974 600 6739 600 6275 52 
568 9677 600 9470 600 9474 600 9127 242 8907 600 9056 600 9644 600 8921 287 
19 6275 548 6062 600 6890 600 6967 600 6307 600 5577 172 6780 600 6391 413 
382 6391 187 7104 600 7136 600 6713 600 7024 600 7333 600 6562 600 6076 352 
388 8921 313 9364 600 8738 600 9190 600 8379 148 8811 600 8844 600 8207 600 8814 115 
471 8814 485 8973 600 8764 600 8660 600 9308 600 9072 600 8910 600 9296 104 
115 8365 600 8430 600 8496 600 8317 600 9019 600 7991 600 8473 591 
293 5656 600 6076 248 6239 600 5909 600 5742 600 5582 600 5966 600 5916 347 
599 8473 9 8217 600 8018 600 8601 600 8371 600 8221 600 8773 600 8446 593 
546 59 600 57 600 76 525 89 600 105 600 170 590 113 600 102 104 
334 8249 600 8446 7 8522 600 8644 600 8481 600 8463 600 8189 600 8325 600 8151 12 
154 9296 496 9258 600 9243 600 9398 600 8823 600 9108 600 9162 600 8151 134 
516 8360 600 8130 600 8580 600 8243 600 8354 600 8286 600 7978 600 8023 68 
84 8023 532 6688 600 7968 600 6924 600 5916 253 8010 600 6894 600 5930 485 
411 8206 600 8631 600 8621 600 8262 600 8416 600 8387 600 5930 115 6788 600 6291 11 
333 9349 600 9361 600 9350 600 9416 600 9278 600 9299 600 9042 600 8904 307 
81 6291 589 8505 600 8753 600 6491 600 8562 600 6619 600 8790 600 5560 392 
525 9635 600 9660 600 9441 600 9796 600 9498 600 9489 600 9593 600 8904 293 8969 114 
357 9037 600 8969 486 9313 600 9150 600 8906 600 9732 600 9528 600 9172 536 
498 5560 208 7282 600 6371 600 6682 600 5851 600 6463 600 6772 600 6067 600 6680 250 
79 8049 600 8270 600 6680 350 6338 600 8143 600 5443 600 5616 600 7731 600 6724 125 
230 6724 475 6572 600 7295 600 5758 600 6564 600 5904 600 6898 600 7155 600 6843 4 
391 9172 64 9279 600 9577 600 9424 600 9516 600 9670 600 9354 600 8635 600 9504 454 
97 9767 600 9504 146 9462 600 7733 600 8419 600 8925 600 8480 600 8515 600 6279 381 
103 6811 600 6843 596 6279 219 6587 600 9142 600 6147 600 8414 600 6602 600 9055 314 
130 9411 600 8724 600 9055 286 8302 600 9054 600 8281 600 6834 600 8182 600 5847 325 
509 6188 600 5847 275 8429 600 6855 600 6207 600 7643 600 8524 600 6538 600 8203 349 
510 6662 600 8203 251 7010 600 9030 600 8314 600 8645 600 7177 600 8266 600 5613 405 
138 8168 600 5613 195 5874 600 6835 600 8271 600 5573 600 6697 600 6453 600 6459 525 
342 9393 600 9613 600 8957 600 9074 600 6459 75 7522 600 6632 600 5934 600 7329 600 8492 45 
182 8492 555 8109 600 7561 600 8311 600 5576 600 8030 600 6625 600 6060 600 8278 175 
323 5595 600 5423 600 5360 600 5389 600 5462 600 5514 600 5408 600 5403 600 5442 145 
433 8278 425 5641 600 7216 600 7055 600 7246 600 8819 600 6552 600 8155 600 6981 343 
569 9380 600 9284 600 6981 257 7376 600 6518 600 5807 600 8762 600 7449 600 8439 524 
318 8439 76 8577 600 8548 600 5965 600 8253 600 6424 600 6455 600 7983 600 7133 600 8408 109 
394 6397 600 5995 600 6556 600 5880 600 5713 600 6553 600 5716 600 5881 600 5905 218 
23 7204 600 6757 600 6760 600 7196 600 6677 600 6786 600 6623 600 6953 600 7271 242 
140 8279 600 8408 491 9471 600 8440 600 8820 600 8468 600 8974 600 8183 600 8545 410 
49 7591 600 8349 600 7271 358 8096 600 8518 600 7919 600 8147 600 5905 382 7459 600 8200 241 
398 8545 190 9370 600 8999 600 8987 600 8550 600 9478 600 9448 600 8200 359 6473 600 8301 460 
552 5962 600 6300 600 6308 600 6241 600 6108 600 5945 600 6232 600 5954 600 6547 427 
426 6957 600 6590 600 6902 600 6937 600 6704 600 6608 600 6825 600 6616 600 6547 173 5783 347 
561 7830 600 7505 600 7253 600 8259 600 8176 600 7264 600 7234 600 8110 600 5783 253 6841 401 
507 8301 140 9632 600 8905 600 8401 600 8590 600 9347 600 9273 600 9458 600 8395 600 8418 526 
181 8418 74 8402 600 9297 600 8530 600 9634 600 9582 600 8568 600 6841 199 6865 600 8140 600 8944 435 
282 8944 165 8216 600 7874 600 9257 600 8697 600 8125 600 8238 600 8816 600 6888 600 7616 573 
155 7616 27 8031 600 8380 600 7189 600 6079 600 8181 600 7860 600 6089 600 5632 600 9132 600 9442 151 
178 5891 600 6873 600 8988 600 8162 600 6827 600 8133 600 6917 600 8257 600 6576 600 6503 239 
483 9442 449 9604 600 9310 600 9614 600 6503 361 8574 600 8399 600 5695 600 7769 600 8929 600 7360 137 
228 5762 600 7360 463 6003 600 6803 600 7394 600 6521 600 5857 600 6472 600 6434 600 7588 514 
250 7808 600 8420 600 8214 600 8026 600 8292 600 7905 600 8390 600 7588 86 8173 600 8337 600 7141 357 
539 8896 600 9097 600 9436 600 9208 600 9018 600 9560 600 9146 600 9584 600 9391 600 8637 452 
579 8637 148 6515 600 7992 600 7141 243 9378 600 9254 600 8564 600 7704 600 6872 600 6929 600 6134 600 8250 64 
291 9727 600 9571 600 8250 536 9487 600 5442 455 9165 600 6402 600 9093 600 7224 600 9618 600 7181 106 
467 7181 494 7051 600 5533 600 8120 600 6747 600 8578 600 7021 600 7165 600 8001 600 6443 600 5445 77 
1 9657 600 5445 523 8205 600 8022 600 7099 600 7750 600 8734 600 8062 600 5737 600 7963 600 6252 53 
315 6252 547 7593 600 6489 600 8683 600 8434 600 9396 600 9235 600 8407 600 8139 600 5447 600 7888 87 
41 7888 513 9682 600 5353 600 6620 600 8198 600 7077 600 5964 600 6146 600 7823 600 8602 600 9674 170 
481 7836 600 6488 600 8305 600 6462 600 6665 600 8078 600 7871 600 7257 600 7882 600 7804 600 6730 119 
249 102 496 71 600 67 600 131 600 92 600 208 590 132 600 123 600 171 600 143 600 95 268 
167 8369 600 9495 600 8927 600 9318 600 8731 600 9329 600 8680 600 6730 481 6862 600 8459 600 7312 287 
142 7046 600 7312 313 6839 600 8101 600 6762 600 5503 600 5572 600 6517 600 5606 600 8134 600 5658 517 
468 8935 600 8628 600 8077 600 9117 600 5658 83 5384 600 7797 600 8377 600 8627 600 9158 600 8729 600 8299 150 
487 6535 600 7431 600 5829 600 5846 600 6044 600 6387 600 7012 600 7202 600 7792 600 6109 600 5603 248 
326 5603 352 5972 600 5988 600 6714 600 7006 600 6782 600 5486 600 7462 600 5496 600 5420 600 7025 529 
593 7989 600 7809 600 7891 600 7025 71 7288 600 5853 600 6679 600 5899 600 5970 600 5933 600 5378 600 7477 302 
491 9674 430 9706 600 9663 600 9578 600 8299 450 9624 600 9705 600 9145 600 8224 600 9240 600 8517 600 8235 177 
393 8235 423 8410 600 9654 600 9222 600 9432 600 8218 600 9402 600 9376 600 7477 298 7969 600 8726 600 9360 373 
311 9360 227 6083 600 9511 600 8254 600 7017 600 5567 600 7488 600 5347 600 5459 600 7455 600 9749 600 8864 287 
403 6565 600 7022 600 5544 600 6882 600 5749 600 6923 600 8362 600 7381 600 7161 600 8366 600 7479 600 6980 24 
524 6980 576 6274 600 6751 600 6378 600 8372 600 6532 600 6383 600 6474 600 8432 600 6773 600 6805 600 8089 49 
396 8864 313 9215 600 9523 600 9713 600 8982 600 9289 600 9373 600 8467 600 8712 600 9348 600 9035 600 8089 350 
265 6400 600 6548 600 5627 600 8431 600 6091 600 6514 600 6447 600 8659 600 8106 600 8009 600 7079 600 8107 79 
165 9795 600 8107 521 9675 600 8662 600 8223 600 6692 600 8035 600 7107 600 8024 600 9757 600 8799 600 8208 235 
133 5907 600 8208 365 8838 600 6854 600 7538 600 8102 600 7884 600 8037 600 9213 600 6259 600 8307 600 8280 416 
184 9544 600 7597 600 8280 184 6097 600 8692 600 7203 600 9551 600 7692 600 6636 600 6806 600 8647 600 5773 600 9535 28 
350 9535 572 8443 600 7388 600 6655 600 9655 600 8184 600 6011 600 8313 600 9320 600 7000 600 8506 600 9514 257 
458 6114 600 7994 600 6770 600 6546 600 6038 600 6256 600 6435 600 6485 600 6012 600 7068 600 6271 600 7949 559 
32 109 600 138 600 141 600 179 600 243 600 150 600 244 600 222 600 133 600 236 600 130 600 195 600 194 153 
260 245 600 214 600 9514 343 9450 600 9069 600 8425 600 8326 600 9640 600 9057 600 7949 41 6053 600 7508 600 8970 600 8312 421 
489 8312 179 5436 600 7057 600 6693 600 7714 600 5872 600 6557 600 8694 600 6776 600 8553 600 6633 600 7128 600 8433 600 5510 72 
313 5510 528 5343 600 5948 600 8670 600 6104 600 7324 600 6853 600 6696 600 9040 600 6858 600 8932 600 5834 600 7632 381 
413 9275 600 8812 600 9238 600 7632 219 8956 600 6071 600 8989 600 6604 600 6421 600 6468 600 8175 600 6408 600 8097 600 6733 154 
9 6733 446 7197 600 7168 600 5895 600 5747 600 7485 600 5875 600 5710 600 7498 600 6223 600 7590 600 7183 600 7832 581 
237 9773 600 9459 600 9517 600 9661 600 9762 600 9451 600 8340 600 8654 600 9443 600 7832 19 6493 600 5805 600 9782 600 8839 600 7669 31 
120 7669 569 5334 592 5723 600 8513 600 8034 600 8275 600 9244 600 7640 600 7845 600 7082 600 5537 600 6137 600 7206 600 9590 101 
